{"numFailedTestSuites":1,"numFailedTests":6,"numPassedTestSuites":4,"numPassedTests":200,"numPendingTestSuites":0,"numPendingTests":32,"numRuntimeErrorTestSuites":0,"numTodoTests":0,"numTotalTestSuites":5,"numTotalTests":238,"openHandles":[],"snapshot":{"added":0,"didUpdate":false,"failure":false,"filesAdded":0,"filesRemoved":0,"filesRemovedList":[],"filesUnmatched":0,"filesUpdated":0,"matched":0,"total":0,"unchecked":0,"uncheckedKeysByFile":[],"unmatched":0,"updated":0},"startTime":1764969181870,"success":false,"testResults":[{"assertionResults":[{"ancestorTitles":["Manager Journey","1. Authentication"],"duration":455,"failureDetails":[],"failureMessages":[],"fullName":"Manager Journey 1. Authentication Manager login","invocations":1,"location":null,"numPassingAsserts":4,"retryReasons":[],"status":"passed","title":"Manager login"},{"ancestorTitles":["Manager Journey","1. Authentication"],"duration":379,"failureDetails":[],"failureMessages":[],"fullName":"Manager Journey 1. Authentication Invalid credentials","invocations":1,"location":null,"numPassingAsserts":1,"retryReasons":[],"status":"passed","title":"Invalid credentials"},{"ancestorTitles":["Manager Journey","1. Authentication"],"duration":31,"failureDetails":[],"failureMessages":[],"fullName":"Manager Journey 1. Authentication Get profile","invocations":1,"location":null,"numPassingAsserts":3,"retryReasons":[],"status":"passed","title":"Get profile"},{"ancestorTitles":["Manager Journey","2. Shift Management"],"duration":139,"failureDetails":[],"failureMessages":[],"fullName":"Manager Journey 2. Shift Management Start shift","invocations":1,"location":null,"numPassingAsserts":3,"retryReasons":[],"status":"passed","title":"Start shift"},{"ancestorTitles":["Manager Journey","2. Shift Management"],"duration":40,"failureDetails":[],"failureMessages":[],"fullName":"Manager Journey 2. Shift Management Get active shift","invocations":1,"location":null,"numPassingAsserts":3,"retryReasons":[],"status":"passed","title":"Get active shift"},{"ancestorTitles":["Manager Journey","2. Shift Management"],"duration":39,"failureDetails":[],"failureMessages":[],"fullName":"Manager Journey 2. Shift Management Start shift when one already active - Edge Case","invocations":1,"location":null,"numPassingAsserts":1,"retryReasons":[],"status":"passed","title":"Start shift when one already active - Edge Case"},{"ancestorTitles":["Manager Journey","2. Shift Management"],"duration":null,"failureDetails":[],"failureMessages":[],"fullName":"Manager Journey 2. Shift Management End shift","invocations":1,"location":null,"numPassingAsserts":0,"retryReasons":[],"status":"pending","title":"End shift"},{"ancestorTitles":["Manager Journey","2. Shift Management"],"duration":43,"failureDetails":[],"failureMessages":[],"fullName":"Manager Journey 2. Shift Management Get shift history","invocations":1,"location":null,"numPassingAsserts":3,"retryReasons":[],"status":"passed","title":"Get shift history"},{"ancestorTitles":["Manager Journey","2. Shift Management"],"duration":46,"failureDetails":[{"matcherResult":{"actual":400,"expected":200,"message":"\u001b[2mexpect(\u001b[22m\u001b[31mreceived\u001b[39m\u001b[2m).\u001b[22mtoBe\u001b[2m(\u001b[22m\u001b[32mexpected\u001b[39m\u001b[2m) // Object.is equality\u001b[22m\n\nExpected: \u001b[32m200\u001b[39m\nReceived: \u001b[31m400\u001b[39m","name":"toBe","pass":false}}],"failureMessages":["Error: \u001b[2mexpect(\u001b[22m\u001b[31mreceived\u001b[39m\u001b[2m).\u001b[22mtoBe\u001b[2m(\u001b[22m\u001b[32mexpected\u001b[39m\u001b[2m) // Object.is equality\u001b[22m\n\nExpected: \u001b[32m200\u001b[39m\nReceived: \u001b[31m400\u001b[39m\n    at Object.toBe (C:\\Users\\r.kowdampalli\\OneDrive - Accenture\\Documents\\fuel-sync\\fuelsync-new\\backend\\tests\\integration\\manager-journey.test.js:329:31)\n    at processTicksAndRejections (node:internal/process/task_queues:105:5)"],"fullName":"Manager Journey 2. Shift Management Get shift by ID","invocations":1,"location":null,"numPassingAsserts":0,"retryReasons":[],"status":"failed","title":"Get shift by ID"},{"ancestorTitles":["Manager Journey","3. Reading Entry & Management"],"duration":13007,"failureDetails":[],"failureMessages":[],"fullName":"Manager Journey 3. Reading Entry & Management Record nozzle reading","invocations":1,"location":null,"numPassingAsserts":1,"retryReasons":[],"status":"passed","title":"Record nozzle reading"},{"ancestorTitles":["Manager Journey","3. Reading Entry & Management"],"duration":46,"failureDetails":[],"failureMessages":[],"fullName":"Manager Journey 3. Reading Entry & Management Get readings for today","invocations":1,"location":null,"numPassingAsserts":3,"retryReasons":[],"status":"passed","title":"Get readings for today"},{"ancestorTitles":["Manager Journey","3. Reading Entry & Management"],"duration":108,"failureDetails":[],"failureMessages":[],"fullName":"Manager Journey 3. Reading Entry & Management Update reading","invocations":1,"location":null,"numPassingAsserts":1,"retryReasons":[],"status":"passed","title":"Update reading"},{"ancestorTitles":["Manager Journey","3. Reading Entry & Management"],"duration":42,"failureDetails":[],"failureMessages":[],"fullName":"Manager Journey 3. Reading Entry & Management Record reading for inactive nozzle - Edge Case","invocations":1,"location":null,"numPassingAsserts":1,"retryReasons":[],"status":"passed","title":"Record reading for inactive nozzle - Edge Case"},{"ancestorTitles":["Manager Journey","3. Reading Entry & Management"],"duration":null,"failureDetails":[],"failureMessages":[],"fullName":"Manager Journey 3. Reading Entry & Management Bulk reading entry","invocations":1,"location":null,"numPassingAsserts":0,"retryReasons":[],"status":"pending","title":"Bulk reading entry"},{"ancestorTitles":["Manager Journey","4. Employee Supervision"],"duration":31,"failureDetails":[],"failureMessages":[],"fullName":"Manager Journey 4. Employee Supervision View employees list","invocations":1,"location":null,"numPassingAsserts":3,"retryReasons":[],"status":"passed","title":"View employees list"},{"ancestorTitles":["Manager Journey","4. Employee Supervision"],"duration":29,"failureDetails":[],"failureMessages":[],"fullName":"Manager Journey 4. Employee Supervision View employee details","invocations":1,"location":null,"numPassingAsserts":1,"retryReasons":[],"status":"passed","title":"View employee details"},{"ancestorTitles":["Manager Journey","4. Employee Supervision"],"duration":null,"failureDetails":[],"failureMessages":[],"fullName":"Manager Journey 4. Employee Supervision View employee activity","invocations":1,"location":null,"numPassingAsserts":0,"retryReasons":[],"status":"pending","title":"View employee activity"},{"ancestorTitles":["Manager Journey","4. Employee Supervision"],"duration":null,"failureDetails":[],"failureMessages":[],"fullName":"Manager Journey 4. Employee Supervision Assign employee to shift","invocations":1,"location":null,"numPassingAsserts":0,"retryReasons":[],"status":"pending","title":"Assign employee to shift"},{"ancestorTitles":["Manager Journey","4. Employee Supervision"],"duration":414,"failureDetails":[],"failureMessages":[],"fullName":"Manager Journey 4. Employee Supervision Manager can create employee","invocations":1,"location":null,"numPassingAsserts":1,"retryReasons":[],"status":"passed","title":"Manager can create employee"},{"ancestorTitles":["Manager Journey","4. Employee Supervision"],"duration":36,"failureDetails":[],"failureMessages":[],"fullName":"Manager Journey 4. Employee Supervision Manager can delete employee","invocations":1,"location":null,"numPassingAsserts":1,"retryReasons":[],"status":"passed","title":"Manager can delete employee"},{"ancestorTitles":["Manager Journey","5. Pump Operations"],"duration":40,"failureDetails":[],"failureMessages":[],"fullName":"Manager Journey 5. Pump Operations View pumps","invocations":1,"location":null,"numPassingAsserts":3,"retryReasons":[],"status":"passed","title":"View pumps"},{"ancestorTitles":["Manager Journey","5. Pump Operations"],"duration":null,"failureDetails":[],"failureMessages":[],"fullName":"Manager Journey 5. Pump Operations View pump details","invocations":1,"location":null,"numPassingAsserts":0,"retryReasons":[],"status":"pending","title":"View pump details"},{"ancestorTitles":["Manager Journey","5. Pump Operations"],"duration":26,"failureDetails":[],"failureMessages":[],"fullName":"Manager Journey 5. Pump Operations Update pump status to maintenance","invocations":1,"location":null,"numPassingAsserts":1,"retryReasons":[],"status":"passed","title":"Update pump status to maintenance"},{"ancestorTitles":["Manager Journey","5. Pump Operations"],"duration":28,"failureDetails":[],"failureMessages":[],"fullName":"Manager Journey 5. Pump Operations View nozzles for pump","invocations":1,"location":null,"numPassingAsserts":1,"retryReasons":[],"status":"passed","title":"View nozzles for pump"},{"ancestorTitles":["Manager Journey","5. Pump Operations"],"duration":26,"failureDetails":[],"failureMessages":[],"fullName":"Manager Journey 5. Pump Operations Manager cannot create pump - Edge Case","invocations":1,"location":null,"numPassingAsserts":1,"retryReasons":[],"status":"passed","title":"Manager cannot create pump - Edge Case"},{"ancestorTitles":["Manager Journey","5. Pump Operations"],"duration":null,"failureDetails":[],"failureMessages":[],"fullName":"Manager Journey 5. Pump Operations Manager cannot delete pump - Edge Case","invocations":1,"location":null,"numPassingAsserts":0,"retryReasons":[],"status":"pending","title":"Manager cannot delete pump - Edge Case"},{"ancestorTitles":["Manager Journey","6. Tank Monitoring"],"duration":44,"failureDetails":[],"failureMessages":[],"fullName":"Manager Journey 6. Tank Monitoring View tanks","invocations":1,"location":null,"numPassingAsserts":3,"retryReasons":[],"status":"passed","title":"View tanks"},{"ancestorTitles":["Manager Journey","6. Tank Monitoring"],"duration":null,"failureDetails":[],"failureMessages":[],"fullName":"Manager Journey 6. Tank Monitoring View tank refill history","invocations":1,"location":null,"numPassingAsserts":0,"retryReasons":[],"status":"pending","title":"View tank refill history"},{"ancestorTitles":["Manager Journey","6. Tank Monitoring"],"duration":null,"failureDetails":[],"failureMessages":[],"fullName":"Manager Journey 6. Tank Monitoring Check low tank levels","invocations":1,"location":null,"numPassingAsserts":0,"retryReasons":[],"status":"pending","title":"Check low tank levels"},{"ancestorTitles":["Manager Journey","6. Tank Monitoring"],"duration":null,"failureDetails":[],"failureMessages":[],"fullName":"Manager Journey 6. Tank Monitoring Manager cannot record tank refill - Edge Case","invocations":1,"location":null,"numPassingAsserts":0,"retryReasons":[],"status":"pending","title":"Manager cannot record tank refill - Edge Case"},{"ancestorTitles":["Manager Journey","7. Daily Reports"],"duration":null,"failureDetails":[],"failureMessages":[],"fullName":"Manager Journey 7. Daily Reports Get daily sales summary","invocations":1,"location":null,"numPassingAsserts":0,"retryReasons":[],"status":"pending","title":"Get daily sales summary"},{"ancestorTitles":["Manager Journey","7. Daily Reports"],"duration":null,"failureDetails":[],"failureMessages":[],"fullName":"Manager Journey 7. Daily Reports Get shift-wise report","invocations":1,"location":null,"numPassingAsserts":0,"retryReasons":[],"status":"pending","title":"Get shift-wise report"},{"ancestorTitles":["Manager Journey","7. Daily Reports"],"duration":null,"failureDetails":[],"failureMessages":[],"fullName":"Manager Journey 7. Daily Reports Get pump performance","invocations":1,"location":null,"numPassingAsserts":0,"retryReasons":[],"status":"pending","title":"Get pump performance"},{"ancestorTitles":["Manager Journey","7. Daily Reports"],"duration":null,"failureDetails":[],"failureMessages":[],"fullName":"Manager Journey 7. Daily Reports Get nozzle-wise sales","invocations":1,"location":null,"numPassingAsserts":0,"retryReasons":[],"status":"pending","title":"Get nozzle-wise sales"},{"ancestorTitles":["Manager Journey","7. Daily Reports"],"duration":null,"failureDetails":[],"failureMessages":[],"fullName":"Manager Journey 7. Daily Reports Export daily report","invocations":1,"location":null,"numPassingAsserts":0,"retryReasons":[],"status":"pending","title":"Export daily report"},{"ancestorTitles":["Manager Journey","8. Limited Analytics Access"],"duration":null,"failureDetails":[],"failureMessages":[],"fullName":"Manager Journey 8. Limited Analytics Access Get dashboard metrics","invocations":1,"location":null,"numPassingAsserts":0,"retryReasons":[],"status":"pending","title":"Get dashboard metrics"},{"ancestorTitles":["Manager Journey","8. Limited Analytics Access"],"duration":21,"failureDetails":[],"failureMessages":[],"fullName":"Manager Journey 8. Limited Analytics Access Manager cannot access profit/loss - Edge Case","invocations":1,"location":null,"numPassingAsserts":1,"retryReasons":[],"status":"passed","title":"Manager cannot access profit/loss - Edge Case"},{"ancestorTitles":["Manager Journey","8. Limited Analytics Access"],"duration":35,"failureDetails":[],"failureMessages":[],"fullName":"Manager Journey 8. Limited Analytics Access Manager can view expenses","invocations":1,"location":null,"numPassingAsserts":1,"retryReasons":[],"status":"passed","title":"Manager can view expenses"},{"ancestorTitles":["Manager Journey","8. Limited Analytics Access"],"duration":36,"failureDetails":[],"failureMessages":[],"fullName":"Manager Journey 8. Limited Analytics Access Manager can access creditors","invocations":1,"location":null,"numPassingAsserts":1,"retryReasons":[],"status":"passed","title":"Manager can access creditors"},{"ancestorTitles":["Manager Journey","9. Authorization Restrictions"],"duration":54,"failureDetails":[],"failureMessages":[],"fullName":"Manager Journey 9. Authorization Restrictions Manager cannot access other station - Edge Case","invocations":1,"location":null,"numPassingAsserts":1,"retryReasons":[],"status":"passed","title":"Manager cannot access other station - Edge Case"},{"ancestorTitles":["Manager Journey","9. Authorization Restrictions"],"duration":24,"failureDetails":[],"failureMessages":[],"fullName":"Manager Journey 9. Authorization Restrictions Manager cannot update station details - Edge Case","invocations":1,"location":null,"numPassingAsserts":1,"retryReasons":[],"status":"passed","title":"Manager cannot update station details - Edge Case"},{"ancestorTitles":["Manager Journey","9. Authorization Restrictions"],"duration":null,"failureDetails":[],"failureMessages":[],"fullName":"Manager Journey 9. Authorization Restrictions Manager cannot change plan - Edge Case","invocations":1,"location":null,"numPassingAsserts":0,"retryReasons":[],"status":"pending","title":"Manager cannot change plan - Edge Case"},{"ancestorTitles":["Manager Journey","Credit Controller Role Enforcement"],"duration":39,"failureDetails":[],"failureMessages":[],"fullName":"Manager Journey Credit Controller Role Enforcement Manager can create creditor","invocations":1,"location":null,"numPassingAsserts":1,"retryReasons":[],"status":"passed","title":"Manager can create creditor"},{"ancestorTitles":["Manager Journey","Credit Controller Role Enforcement"],"duration":22,"failureDetails":[{"matcherResult":{"message":"\u001b[2mexpect(\u001b[22m\u001b[31mreceived\u001b[39m\u001b[2m).\u001b[22mtoContain\u001b[2m(\u001b[22m\u001b[32mexpected\u001b[39m\u001b[2m) // indexOf\u001b[22m\n\nExpected value: \u001b[32m404\u001b[39m\nReceived array: \u001b[31m[200, 403]\u001b[39m","pass":false}}],"failureMessages":["Error: \u001b[2mexpect(\u001b[22m\u001b[31mreceived\u001b[39m\u001b[2m).\u001b[22mtoContain\u001b[2m(\u001b[22m\u001b[32mexpected\u001b[39m\u001b[2m) // indexOf\u001b[22m\n\nExpected value: \u001b[32m404\u001b[39m\nReceived array: \u001b[31m[200, 403]\u001b[39m\n    at Object.toContain (C:\\Users\\r.kowdampalli\\OneDrive - Accenture\\Documents\\fuel-sync\\fuelsync-new\\backend\\tests\\integration\\manager-journey.test.js:908:26)\n    at processTicksAndRejections (node:internal/process/task_queues:105:5)"],"fullName":"Manager Journey Credit Controller Role Enforcement Manager can update creditor","invocations":1,"location":null,"numPassingAsserts":0,"retryReasons":[],"status":"failed","title":"Manager can update creditor"},{"ancestorTitles":["Manager Journey","Credit Controller Role Enforcement"],"duration":24,"failureDetails":[{"matcherResult":{"message":"\u001b[2mexpect(\u001b[22m\u001b[31mreceived\u001b[39m\u001b[2m).\u001b[22mtoContain\u001b[2m(\u001b[22m\u001b[32mexpected\u001b[39m\u001b[2m) // indexOf\u001b[22m\n\nExpected value: \u001b[32m404\u001b[39m\nReceived array: \u001b[31m[201, 403]\u001b[39m","pass":false}}],"failureMessages":["Error: \u001b[2mexpect(\u001b[22m\u001b[31mreceived\u001b[39m\u001b[2m).\u001b[22mtoContain\u001b[2m(\u001b[22m\u001b[32mexpected\u001b[39m\u001b[2m) // indexOf\u001b[22m\n\nExpected value: \u001b[32m404\u001b[39m\nReceived array: \u001b[31m[201, 403]\u001b[39m\n    at Object.toContain (C:\\Users\\r.kowdampalli\\OneDrive - Accenture\\Documents\\fuel-sync\\fuelsync-new\\backend\\tests\\integration\\manager-journey.test.js:923:26)\n    at processTicksAndRejections (node:internal/process/task_queues:105:5)"],"fullName":"Manager Journey Credit Controller Role Enforcement Manager can record credit sale","invocations":1,"location":null,"numPassingAsserts":0,"retryReasons":[],"status":"failed","title":"Manager can record credit sale"},{"ancestorTitles":["Manager Journey","Credit Controller Role Enforcement"],"duration":22,"failureDetails":[{"matcherResult":{"message":"\u001b[2mexpect(\u001b[22m\u001b[31mreceived\u001b[39m\u001b[2m).\u001b[22mtoContain\u001b[2m(\u001b[22m\u001b[32mexpected\u001b[39m\u001b[2m) // indexOf\u001b[22m\n\nExpected value: \u001b[32m404\u001b[39m\nReceived array: \u001b[31m[200, 403]\u001b[39m","pass":false}}],"failureMessages":["Error: \u001b[2mexpect(\u001b[22m\u001b[31mreceived\u001b[39m\u001b[2m).\u001b[22mtoContain\u001b[2m(\u001b[22m\u001b[32mexpected\u001b[39m\u001b[2m) // indexOf\u001b[22m\n\nExpected value: \u001b[32m404\u001b[39m\nReceived array: \u001b[31m[200, 403]\u001b[39m\n    at Object.toContain (C:\\Users\\r.kowdampalli\\OneDrive - Accenture\\Documents\\fuel-sync\\fuelsync-new\\backend\\tests\\integration\\manager-journey.test.js:931:26)\n    at processTicksAndRejections (node:internal/process/task_queues:105:5)"],"fullName":"Manager Journey Credit Controller Role Enforcement Manager cannot flag creditor","invocations":1,"location":null,"numPassingAsserts":0,"retryReasons":[],"status":"failed","title":"Manager cannot flag creditor"},{"ancestorTitles":["Manager Journey","Credit Controller Role Enforcement"],"duration":29,"failureDetails":[{"matcherResult":{"message":"\u001b[2mexpect(\u001b[22m\u001b[31mreceived\u001b[39m\u001b[2m).\u001b[22mtoContain\u001b[2m(\u001b[22m\u001b[32mexpected\u001b[39m\u001b[2m) // indexOf\u001b[22m\n\nExpected value: \u001b[32m404\u001b[39m\nReceived array: \u001b[31m[200, 403]\u001b[39m","pass":false}}],"failureMessages":["Error: \u001b[2mexpect(\u001b[22m\u001b[31mreceived\u001b[39m\u001b[2m).\u001b[22mtoContain\u001b[2m(\u001b[22m\u001b[32mexpected\u001b[39m\u001b[2m) // indexOf\u001b[22m\n\nExpected value: \u001b[32m404\u001b[39m\nReceived array: \u001b[31m[200, 403]\u001b[39m\n    at Object.toContain (C:\\Users\\r.kowdampalli\\OneDrive - Accenture\\Documents\\fuel-sync\\fuelsync-new\\backend\\tests\\integration\\manager-journey.test.js:938:26)\n    at processTicksAndRejections (node:internal/process/task_queues:105:5)"],"fullName":"Manager Journey Credit Controller Role Enforcement Manager cannot unflag creditor","invocations":1,"location":null,"numPassingAsserts":0,"retryReasons":[],"status":"failed","title":"Manager cannot unflag creditor"},{"ancestorTitles":["Manager Journey","Credit Controller Role Enforcement"],"duration":36,"failureDetails":[{"matcherResult":{"message":"\u001b[2mexpect(\u001b[22m\u001b[31mreceived\u001b[39m\u001b[2m).\u001b[22mtoContain\u001b[2m(\u001b[22m\u001b[32mexpected\u001b[39m\u001b[2m) // indexOf\u001b[22m\n\nExpected value: \u001b[32m404\u001b[39m\nReceived array: \u001b[31m[201, 403]\u001b[39m","pass":false}}],"failureMessages":["Error: \u001b[2mexpect(\u001b[22m\u001b[31mreceived\u001b[39m\u001b[2m).\u001b[22mtoContain\u001b[2m(\u001b[22m\u001b[32mexpected\u001b[39m\u001b[2m) // indexOf\u001b[22m\n\nExpected value: \u001b[32m404\u001b[39m\nReceived array: \u001b[31m[201, 403]\u001b[39m\n    at Object.toContain (C:\\Users\\r.kowdampalli\\OneDrive - Accenture\\Documents\\fuel-sync\\fuelsync-new\\backend\\tests\\integration\\manager-journey.test.js:946:26)\n    at processTicksAndRejections (node:internal/process/task_queues:105:5)"],"fullName":"Manager Journey Credit Controller Role Enforcement Manager cannot record settlement","invocations":1,"location":null,"numPassingAsserts":0,"retryReasons":[],"status":"failed","title":"Manager cannot record settlement"}],"endTime":1764969202313,"message":"\u001b[1m\u001b[31m  \u001b[1m● \u001b[22m\u001b[1mManager Journey › 2. Shift Management › Get shift by ID\u001b[39m\u001b[22m\n\n    \u001b[2mexpect(\u001b[22m\u001b[31mreceived\u001b[39m\u001b[2m).\u001b[22mtoBe\u001b[2m(\u001b[22m\u001b[32mexpected\u001b[39m\u001b[2m) // Object.is equality\u001b[22m\n\n    Expected: \u001b[32m200\u001b[39m\n    Received: \u001b[31m400\u001b[39m\n\u001b[2m\u001b[22m\n\u001b[2m    \u001b[0m \u001b[90m 327 |\u001b[39m       }\u001b[22m\n\u001b[2m     \u001b[90m 328 |\u001b[39m\u001b[22m\n\u001b[2m    \u001b[31m\u001b[1m>\u001b[22m\u001b[2m\u001b[39m\u001b[90m 329 |\u001b[39m       expect(response\u001b[33m.\u001b[39mstatus)\u001b[33m.\u001b[39mtoBe(\u001b[35m200\u001b[39m)\u001b[33m;\u001b[39m\u001b[22m\n\u001b[2m     \u001b[90m     |\u001b[39m                               \u001b[31m\u001b[1m^\u001b[22m\u001b[2m\u001b[39m\u001b[22m\n\u001b[2m     \u001b[90m 330 |\u001b[39m       testReport\u001b[33m.\u001b[39mpassed\u001b[33m++\u001b[39m\u001b[33m;\u001b[39m\u001b[22m\n\u001b[2m     \u001b[90m 331 |\u001b[39m     })\u001b[33m;\u001b[39m\u001b[22m\n\u001b[2m     \u001b[90m 332 |\u001b[39m   })\u001b[33m;\u001b[39m\u001b[0m\u001b[22m\n\u001b[2m\u001b[22m\n\u001b[2m      \u001b[2mat Object.toBe (\u001b[22m\u001b[2m\u001b[0m\u001b[36mtests/integration/manager-journey.test.js\u001b[39m\u001b[0m\u001b[2m:329:31)\u001b[22m\u001b[2m\u001b[22m\n\n\u001b[1m\u001b[31m  \u001b[1m● \u001b[22m\u001b[1mManager Journey › Credit Controller Role Enforcement › Manager can update creditor\u001b[39m\u001b[22m\n\n    \u001b[2mexpect(\u001b[22m\u001b[31mreceived\u001b[39m\u001b[2m).\u001b[22mtoContain\u001b[2m(\u001b[22m\u001b[32mexpected\u001b[39m\u001b[2m) // indexOf\u001b[22m\n\n    Expected value: \u001b[32m404\u001b[39m\n    Received array: \u001b[31m[200, 403]\u001b[39m\n\u001b[2m\u001b[22m\n\u001b[2m    \u001b[0m \u001b[90m 906 |\u001b[39m         \u001b[33m.\u001b[39m\u001b[36mset\u001b[39m(\u001b[32m'Authorization'\u001b[39m\u001b[33m,\u001b[39m \u001b[32m`Bearer ${managerToken}`\u001b[39m)\u001b[22m\n\u001b[2m     \u001b[90m 907 |\u001b[39m         \u001b[33m.\u001b[39msend({ creditLimit\u001b[33m:\u001b[39m \u001b[35m25000\u001b[39m })\u001b[33m;\u001b[39m\u001b[22m\n\u001b[2m    \u001b[31m\u001b[1m>\u001b[22m\u001b[2m\u001b[39m\u001b[90m 908 |\u001b[39m       expect([\u001b[35m200\u001b[39m\u001b[33m,\u001b[39m \u001b[35m403\u001b[39m])\u001b[33m.\u001b[39mtoContain(response\u001b[33m.\u001b[39mstatus)\u001b[33m;\u001b[39m \u001b[90m// 200 if permitted, 403 if not\u001b[39m\u001b[22m\n\u001b[2m     \u001b[90m     |\u001b[39m                          \u001b[31m\u001b[1m^\u001b[22m\u001b[2m\u001b[39m\u001b[22m\n\u001b[2m     \u001b[90m 909 |\u001b[39m     })\u001b[33m;\u001b[39m\u001b[22m\n\u001b[2m     \u001b[90m 910 |\u001b[39m\u001b[22m\n\u001b[2m     \u001b[90m 911 |\u001b[39m     test(\u001b[32m'Manager can record credit sale'\u001b[39m\u001b[33m,\u001b[39m \u001b[36masync\u001b[39m () \u001b[33m=>\u001b[39m {\u001b[0m\u001b[22m\n\u001b[2m\u001b[22m\n\u001b[2m      \u001b[2mat Object.toContain (\u001b[22m\u001b[2m\u001b[0m\u001b[36mtests/integration/manager-journey.test.js\u001b[39m\u001b[0m\u001b[2m:908:26)\u001b[22m\u001b[2m\u001b[22m\n\n\u001b[1m\u001b[31m  \u001b[1m● \u001b[22m\u001b[1mManager Journey › Credit Controller Role Enforcement › Manager can record credit sale\u001b[39m\u001b[22m\n\n    \u001b[2mexpect(\u001b[22m\u001b[31mreceived\u001b[39m\u001b[2m).\u001b[22mtoContain\u001b[2m(\u001b[22m\u001b[32mexpected\u001b[39m\u001b[2m) // indexOf\u001b[22m\n\n    Expected value: \u001b[32m404\u001b[39m\n    Received array: \u001b[31m[201, 403]\u001b[39m\n\u001b[2m\u001b[22m\n\u001b[2m    \u001b[0m \u001b[90m 921 |\u001b[39m           amount\u001b[33m:\u001b[39m \u001b[35m5000\u001b[39m\u001b[22m\n\u001b[2m     \u001b[90m 922 |\u001b[39m         })\u001b[33m;\u001b[39m\u001b[22m\n\u001b[2m    \u001b[31m\u001b[1m>\u001b[22m\u001b[2m\u001b[39m\u001b[90m 923 |\u001b[39m       expect([\u001b[35m201\u001b[39m\u001b[33m,\u001b[39m \u001b[35m403\u001b[39m])\u001b[33m.\u001b[39mtoContain(response\u001b[33m.\u001b[39mstatus)\u001b[33m;\u001b[39m \u001b[90m// 201 if permitted, 403 if not\u001b[39m\u001b[22m\n\u001b[2m     \u001b[90m     |\u001b[39m                          \u001b[31m\u001b[1m^\u001b[22m\u001b[2m\u001b[39m\u001b[22m\n\u001b[2m     \u001b[90m 924 |\u001b[39m     })\u001b[33m;\u001b[39m\u001b[22m\n\u001b[2m     \u001b[90m 925 |\u001b[39m\u001b[22m\n\u001b[2m     \u001b[90m 926 |\u001b[39m     test(\u001b[32m'Manager cannot flag creditor'\u001b[39m\u001b[33m,\u001b[39m \u001b[36masync\u001b[39m () \u001b[33m=>\u001b[39m {\u001b[0m\u001b[22m\n\u001b[2m\u001b[22m\n\u001b[2m      \u001b[2mat Object.toContain (\u001b[22m\u001b[2m\u001b[0m\u001b[36mtests/integration/manager-journey.test.js\u001b[39m\u001b[0m\u001b[2m:923:26)\u001b[22m\u001b[2m\u001b[22m\n\n\u001b[1m\u001b[31m  \u001b[1m● \u001b[22m\u001b[1mManager Journey › Credit Controller Role Enforcement › Manager cannot flag creditor\u001b[39m\u001b[22m\n\n    \u001b[2mexpect(\u001b[22m\u001b[31mreceived\u001b[39m\u001b[2m).\u001b[22mtoContain\u001b[2m(\u001b[22m\u001b[32mexpected\u001b[39m\u001b[2m) // indexOf\u001b[22m\n\n    Expected value: \u001b[32m404\u001b[39m\n    Received array: \u001b[31m[200, 403]\u001b[39m\n\u001b[2m\u001b[22m\n\u001b[2m    \u001b[0m \u001b[90m 929 |\u001b[39m         \u001b[33m.\u001b[39m\u001b[36mset\u001b[39m(\u001b[32m'Authorization'\u001b[39m\u001b[33m,\u001b[39m \u001b[32m`Bearer ${managerToken}`\u001b[39m)\u001b[22m\n\u001b[2m     \u001b[90m 930 |\u001b[39m         \u001b[33m.\u001b[39msend({ reason\u001b[33m:\u001b[39m \u001b[32m'Test flag'\u001b[39m })\u001b[33m;\u001b[39m\u001b[22m\n\u001b[2m    \u001b[31m\u001b[1m>\u001b[22m\u001b[2m\u001b[39m\u001b[90m 931 |\u001b[39m       expect([\u001b[35m200\u001b[39m\u001b[33m,\u001b[39m \u001b[35m403\u001b[39m])\u001b[33m.\u001b[39mtoContain(response\u001b[33m.\u001b[39mstatus)\u001b[33m;\u001b[39m \u001b[90m// 403 if not permitted\u001b[39m\u001b[22m\n\u001b[2m     \u001b[90m     |\u001b[39m                          \u001b[31m\u001b[1m^\u001b[22m\u001b[2m\u001b[39m\u001b[22m\n\u001b[2m     \u001b[90m 932 |\u001b[39m     })\u001b[33m;\u001b[39m\u001b[22m\n\u001b[2m     \u001b[90m 933 |\u001b[39m\u001b[22m\n\u001b[2m     \u001b[90m 934 |\u001b[39m     test(\u001b[32m'Manager cannot unflag creditor'\u001b[39m\u001b[33m,\u001b[39m \u001b[36masync\u001b[39m () \u001b[33m=>\u001b[39m {\u001b[0m\u001b[22m\n\u001b[2m\u001b[22m\n\u001b[2m      \u001b[2mat Object.toContain (\u001b[22m\u001b[2m\u001b[0m\u001b[36mtests/integration/manager-journey.test.js\u001b[39m\u001b[0m\u001b[2m:931:26)\u001b[22m\u001b[2m\u001b[22m\n\n\u001b[1m\u001b[31m  \u001b[1m● \u001b[22m\u001b[1mManager Journey › Credit Controller Role Enforcement › Manager cannot unflag creditor\u001b[39m\u001b[22m\n\n    \u001b[2mexpect(\u001b[22m\u001b[31mreceived\u001b[39m\u001b[2m).\u001b[22mtoContain\u001b[2m(\u001b[22m\u001b[32mexpected\u001b[39m\u001b[2m) // indexOf\u001b[22m\n\n    Expected value: \u001b[32m404\u001b[39m\n    Received array: \u001b[31m[200, 403]\u001b[39m\n\u001b[2m\u001b[22m\n\u001b[2m    \u001b[0m \u001b[90m 936 |\u001b[39m         \u001b[33m.\u001b[39mpost(\u001b[32m`/api/v1/creditors/${createdCreditorId}/unflag`\u001b[39m)\u001b[22m\n\u001b[2m     \u001b[90m 937 |\u001b[39m         \u001b[33m.\u001b[39m\u001b[36mset\u001b[39m(\u001b[32m'Authorization'\u001b[39m\u001b[33m,\u001b[39m \u001b[32m`Bearer ${managerToken}`\u001b[39m)\u001b[33m;\u001b[39m\u001b[22m\n\u001b[2m    \u001b[31m\u001b[1m>\u001b[22m\u001b[2m\u001b[39m\u001b[90m 938 |\u001b[39m       expect([\u001b[35m200\u001b[39m\u001b[33m,\u001b[39m \u001b[35m403\u001b[39m])\u001b[33m.\u001b[39mtoContain(response\u001b[33m.\u001b[39mstatus)\u001b[33m;\u001b[39m \u001b[90m// 403 if not permitted\u001b[39m\u001b[22m\n\u001b[2m     \u001b[90m     |\u001b[39m                          \u001b[31m\u001b[1m^\u001b[22m\u001b[2m\u001b[39m\u001b[22m\n\u001b[2m     \u001b[90m 939 |\u001b[39m     })\u001b[33m;\u001b[39m\u001b[22m\n\u001b[2m     \u001b[90m 940 |\u001b[39m\u001b[22m\n\u001b[2m     \u001b[90m 941 |\u001b[39m     test(\u001b[32m'Manager cannot record settlement'\u001b[39m\u001b[33m,\u001b[39m \u001b[36masync\u001b[39m () \u001b[33m=>\u001b[39m {\u001b[0m\u001b[22m\n\u001b[2m\u001b[22m\n\u001b[2m      \u001b[2mat Object.toContain (\u001b[22m\u001b[2m\u001b[0m\u001b[36mtests/integration/manager-journey.test.js\u001b[39m\u001b[0m\u001b[2m:938:26)\u001b[22m\u001b[2m\u001b[22m\n\n\u001b[1m\u001b[31m  \u001b[1m● \u001b[22m\u001b[1mManager Journey › Credit Controller Role Enforcement › Manager cannot record settlement\u001b[39m\u001b[22m\n\n    \u001b[2mexpect(\u001b[22m\u001b[31mreceived\u001b[39m\u001b[2m).\u001b[22mtoContain\u001b[2m(\u001b[22m\u001b[32mexpected\u001b[39m\u001b[2m) // indexOf\u001b[22m\n\n    Expected value: \u001b[32m404\u001b[39m\n    Received array: \u001b[31m[201, 403]\u001b[39m\n\u001b[2m\u001b[22m\n\u001b[2m    \u001b[0m \u001b[90m 944 |\u001b[39m         \u001b[33m.\u001b[39m\u001b[36mset\u001b[39m(\u001b[32m'Authorization'\u001b[39m\u001b[33m,\u001b[39m \u001b[32m`Bearer ${managerToken}`\u001b[39m)\u001b[22m\n\u001b[2m     \u001b[90m 945 |\u001b[39m         \u001b[33m.\u001b[39msend({ amount\u001b[33m:\u001b[39m \u001b[35m1000\u001b[39m })\u001b[33m;\u001b[39m\u001b[22m\n\u001b[2m    \u001b[31m\u001b[1m>\u001b[22m\u001b[2m\u001b[39m\u001b[90m 946 |\u001b[39m       expect([\u001b[35m201\u001b[39m\u001b[33m,\u001b[39m \u001b[35m403\u001b[39m])\u001b[33m.\u001b[39mtoContain(response\u001b[33m.\u001b[39mstatus)\u001b[33m;\u001b[39m \u001b[90m// 403 if not permitted\u001b[39m\u001b[22m\n\u001b[2m     \u001b[90m     |\u001b[39m                          \u001b[31m\u001b[1m^\u001b[22m\u001b[2m\u001b[39m\u001b[22m\n\u001b[2m     \u001b[90m 947 |\u001b[39m     })\u001b[33m;\u001b[39m\u001b[22m\n\u001b[2m     \u001b[90m 948 |\u001b[39m   })\u001b[33m;\u001b[39m\u001b[22m\n\u001b[2m     \u001b[90m 949 |\u001b[39m })\u001b[33m;\u001b[39m\u001b[0m\u001b[22m\n\u001b[2m\u001b[22m\n\u001b[2m      \u001b[2mat Object.toContain (\u001b[22m\u001b[2m\u001b[0m\u001b[36mtests/integration/manager-journey.test.js\u001b[39m\u001b[0m\u001b[2m:946:26)\u001b[22m\u001b[2m\u001b[22m\n","name":"C:\\Users\\r.kowdampalli\\OneDrive - Accenture\\Documents\\fuel-sync\\fuelsync-new\\backend\\tests\\integration\\manager-journey.test.js","startTime":1764969181989,"status":"failed","summary":""},{"assertionResults":[{"ancestorTitles":["Authentication"],"duration":425,"failureDetails":[],"failureMessages":[],"fullName":"Authentication Login as super admin","invocations":1,"location":null,"numPassingAsserts":4,"retryReasons":[],"status":"passed","title":"Login as super admin"},{"ancestorTitles":["Authentication"],"duration":33,"failureDetails":[],"failureMessages":[],"fullName":"Authentication Get current user (me)","invocations":1,"location":null,"numPassingAsserts":3,"retryReasons":[],"status":"passed","title":"Get current user (me)"},{"ancestorTitles":["Authentication"],"duration":421,"failureDetails":[],"failureMessages":[],"fullName":"Authentication Login with invalid credentials fails","invocations":1,"location":null,"numPassingAsserts":2,"retryReasons":[],"status":"passed","title":"Login with invalid credentials fails"},{"ancestorTitles":["Authentication"],"duration":14,"failureDetails":[],"failureMessages":[],"fullName":"Authentication Access protected route without token fails","invocations":1,"location":null,"numPassingAsserts":1,"retryReasons":[],"status":"passed","title":"Access protected route without token fails"},{"ancestorTitles":["User Management"],"duration":462,"failureDetails":[],"failureMessages":[],"fullName":"User Management Create owner user","invocations":1,"location":null,"numPassingAsserts":3,"retryReasons":[],"status":"passed","title":"Create owner user"},{"ancestorTitles":["User Management"],"duration":412,"failureDetails":[],"failureMessages":[],"fullName":"User Management Login as owner","invocations":1,"location":null,"numPassingAsserts":2,"retryReasons":[],"status":"passed","title":"Login as owner"},{"ancestorTitles":["User Management"],"duration":40,"failureDetails":[],"failureMessages":[],"fullName":"User Management Get users list (as admin)","invocations":1,"location":null,"numPassingAsserts":3,"retryReasons":[],"status":"passed","title":"Get users list (as admin)"},{"ancestorTitles":["Stations"],"duration":157,"failureDetails":[],"failureMessages":[],"fullName":"Stations Create station (as owner)","invocations":1,"location":null,"numPassingAsserts":2,"retryReasons":[],"status":"passed","title":"Create station (as owner)"},{"ancestorTitles":["Stations"],"duration":70,"failureDetails":[],"failureMessages":[],"fullName":"Stations Get stations list","invocations":1,"location":null,"numPassingAsserts":4,"retryReasons":[],"status":"passed","title":"Get stations list"},{"ancestorTitles":["Stations"],"duration":62,"failureDetails":[],"failureMessages":[],"fullName":"Stations Get single station","invocations":1,"location":null,"numPassingAsserts":3,"retryReasons":[],"status":"passed","title":"Get single station"},{"ancestorTitles":["Stations"],"duration":57,"failureDetails":[],"failureMessages":[],"fullName":"Stations Update station","invocations":1,"location":null,"numPassingAsserts":2,"retryReasons":[],"status":"passed","title":"Update station"},{"ancestorTitles":["Pumps"],"duration":96,"failureDetails":[],"failureMessages":[],"fullName":"Pumps Create pump","invocations":1,"location":null,"numPassingAsserts":2,"retryReasons":[],"status":"passed","title":"Create pump"},{"ancestorTitles":["Pumps"],"duration":52,"failureDetails":[],"failureMessages":[],"fullName":"Pumps Get pumps list","invocations":1,"location":null,"numPassingAsserts":3,"retryReasons":[],"status":"passed","title":"Get pumps list"},{"ancestorTitles":["Pumps"],"duration":74,"failureDetails":[],"failureMessages":[],"fullName":"Pumps Update pump","invocations":1,"location":null,"numPassingAsserts":2,"retryReasons":[],"status":"passed","title":"Update pump"},{"ancestorTitles":["Nozzles"],"duration":154,"failureDetails":[],"failureMessages":[],"fullName":"Nozzles Create petrol nozzle","invocations":1,"location":null,"numPassingAsserts":2,"retryReasons":[],"status":"passed","title":"Create petrol nozzle"},{"ancestorTitles":["Nozzles"],"duration":69,"failureDetails":[],"failureMessages":[],"fullName":"Nozzles Get nozzles list","invocations":1,"location":null,"numPassingAsserts":3,"retryReasons":[],"status":"passed","title":"Get nozzles list"},{"ancestorTitles":["Nozzles"],"duration":105,"failureDetails":[],"failureMessages":[],"fullName":"Nozzles Create diesel nozzle","invocations":1,"location":null,"numPassingAsserts":2,"retryReasons":[],"status":"passed","title":"Create diesel nozzle"},{"ancestorTitles":["Fuel Prices"],"duration":52,"failureDetails":[],"failureMessages":[],"fullName":"Fuel Prices Set petrol price","invocations":1,"location":null,"numPassingAsserts":2,"retryReasons":[],"status":"passed","title":"Set petrol price"},{"ancestorTitles":["Fuel Prices"],"duration":51,"failureDetails":[],"failureMessages":[],"fullName":"Fuel Prices Set diesel price","invocations":1,"location":null,"numPassingAsserts":2,"retryReasons":[],"status":"passed","title":"Set diesel price"},{"ancestorTitles":["Fuel Prices"],"duration":36,"failureDetails":[],"failureMessages":[],"fullName":"Fuel Prices Get fuel prices","invocations":1,"location":null,"numPassingAsserts":3,"retryReasons":[],"status":"passed","title":"Get fuel prices"},{"ancestorTitles":["Staff Management"],"duration":400,"failureDetails":[],"failureMessages":[],"fullName":"Staff Management Create manager for station","invocations":1,"location":null,"numPassingAsserts":2,"retryReasons":[],"status":"passed","title":"Create manager for station"},{"ancestorTitles":["Staff Management"],"duration":407,"failureDetails":[],"failureMessages":[],"fullName":"Staff Management Login as manager","invocations":1,"location":null,"numPassingAsserts":2,"retryReasons":[],"status":"passed","title":"Login as manager"},{"ancestorTitles":["Staff Management"],"duration":438,"failureDetails":[],"failureMessages":[],"fullName":"Staff Management Create employee for station","invocations":1,"location":null,"numPassingAsserts":2,"retryReasons":[],"status":"passed","title":"Create employee for station"},{"ancestorTitles":["Staff Management"],"duration":367,"failureDetails":[],"failureMessages":[],"fullName":"Staff Management Login as employee","invocations":1,"location":null,"numPassingAsserts":2,"retryReasons":[],"status":"passed","title":"Login as employee"},{"ancestorTitles":["Staff Management"],"duration":37,"failureDetails":[],"failureMessages":[],"fullName":"Staff Management Get station staff","invocations":1,"location":null,"numPassingAsserts":3,"retryReasons":[],"status":"passed","title":"Get station staff"},{"ancestorTitles":["Nozzle Readings"],"duration":61,"failureDetails":[],"failureMessages":[],"fullName":"Nozzle Readings Get previous reading for nozzle","invocations":1,"location":null,"numPassingAsserts":3,"retryReasons":[],"status":"passed","title":"Get previous reading for nozzle"},{"ancestorTitles":["Nozzle Readings"],"duration":12976,"failureDetails":[],"failureMessages":[],"fullName":"Nozzle Readings Submit first reading (initial reading creates baseline)","invocations":1,"location":null,"numPassingAsserts":3,"retryReasons":[],"status":"passed","title":"Submit first reading (initial reading creates baseline)"},{"ancestorTitles":["Nozzle Readings"],"duration":12956,"failureDetails":[],"failureMessages":[],"fullName":"Nozzle Readings Submit actual reading (calculates litres sold)","invocations":1,"location":null,"numPassingAsserts":4,"retryReasons":[],"status":"passed","title":"Submit actual reading (calculates litres sold)"},{"ancestorTitles":["Nozzle Readings"],"duration":82,"failureDetails":[],"failureMessages":[],"fullName":"Nozzle Readings Get daily readings","invocations":1,"location":null,"numPassingAsserts":2,"retryReasons":[],"status":"passed","title":"Get daily readings"},{"ancestorTitles":["Nozzle Readings"],"duration":12925,"failureDetails":[],"failureMessages":[],"fullName":"Nozzle Readings Submit another reading","invocations":1,"location":null,"numPassingAsserts":2,"retryReasons":[],"status":"passed","title":"Submit another reading"},{"ancestorTitles":["Nozzle Readings"],"duration":89,"failureDetails":[],"failureMessages":[],"fullName":"Nozzle Readings Reading cannot be less than previous","invocations":1,"location":null,"numPassingAsserts":2,"retryReasons":[],"status":"passed","title":"Reading cannot be less than previous"},{"ancestorTitles":["Credit Management"],"duration":62,"failureDetails":[],"failureMessages":[],"fullName":"Credit Management Create creditor","invocations":1,"location":null,"numPassingAsserts":2,"retryReasons":[],"status":"passed","title":"Create creditor"},{"ancestorTitles":["Credit Management"],"duration":51,"failureDetails":[],"failureMessages":[],"fullName":"Credit Management Get creditors list","invocations":1,"location":null,"numPassingAsserts":3,"retryReasons":[],"status":"passed","title":"Get creditors list"},{"ancestorTitles":["Credit Management"],"duration":46,"failureDetails":[],"failureMessages":[],"fullName":"Credit Management Add credit sale","invocations":1,"location":null,"numPassingAsserts":2,"retryReasons":[],"status":"passed","title":"Add credit sale"},{"ancestorTitles":["Credit Management"],"duration":28,"failureDetails":[],"failureMessages":[],"fullName":"Credit Management Get creditor details with balance","invocations":1,"location":null,"numPassingAsserts":3,"retryReasons":[],"status":"passed","title":"Get creditor details with balance"},{"ancestorTitles":["Credit Management"],"duration":50,"failureDetails":[],"failureMessages":[],"fullName":"Credit Management Settle credit (as owner)","invocations":1,"location":null,"numPassingAsserts":2,"retryReasons":[],"status":"passed","title":"Settle credit (as owner)"},{"ancestorTitles":["Expenses"],"duration":42,"failureDetails":[],"failureMessages":[],"fullName":"Expenses Add expense","invocations":1,"location":null,"numPassingAsserts":2,"retryReasons":[],"status":"passed","title":"Add expense"},{"ancestorTitles":["Expenses"],"duration":31,"failureDetails":[],"failureMessages":[],"fullName":"Expenses Get expenses list","invocations":1,"location":null,"numPassingAsserts":3,"retryReasons":[],"status":"passed","title":"Get expenses list"},{"ancestorTitles":["Expenses"],"duration":37,"failureDetails":[],"failureMessages":[],"fullName":"Expenses Add cost of goods (as owner)","invocations":1,"location":null,"numPassingAsserts":2,"retryReasons":[],"status":"passed","title":"Add cost of goods (as owner)"},{"ancestorTitles":["Dashboard"],"duration":66,"failureDetails":[],"failureMessages":[],"fullName":"Dashboard Get dashboard summary","invocations":1,"location":null,"numPassingAsserts":2,"retryReasons":[],"status":"passed","title":"Get dashboard summary"},{"ancestorTitles":["Dashboard"],"duration":48,"failureDetails":[],"failureMessages":[],"fullName":"Dashboard Get daily summary","invocations":1,"location":null,"numPassingAsserts":2,"retryReasons":[],"status":"passed","title":"Get daily summary"},{"ancestorTitles":["Dashboard"],"duration":40,"failureDetails":[],"failureMessages":[],"fullName":"Dashboard Get fuel breakdown","invocations":1,"location":null,"numPassingAsserts":2,"retryReasons":[],"status":"passed","title":"Get fuel breakdown"},{"ancestorTitles":["Dashboard"],"duration":47,"failureDetails":[],"failureMessages":[],"fullName":"Dashboard Get pump performance","invocations":1,"location":null,"numPassingAsserts":2,"retryReasons":[],"status":"passed","title":"Get pump performance"},{"ancestorTitles":["Access Control"],"duration":40,"failureDetails":[],"failureMessages":[],"fullName":"Access Control Employee cannot create station","invocations":1,"location":null,"numPassingAsserts":2,"retryReasons":[],"status":"passed","title":"Employee cannot create station"},{"ancestorTitles":["Access Control"],"duration":29,"failureDetails":[],"failureMessages":[],"fullName":"Access Control Employee cannot create users","invocations":1,"location":null,"numPassingAsserts":2,"retryReasons":[],"status":"passed","title":"Employee cannot create users"},{"ancestorTitles":["Access Control"],"duration":23,"failureDetails":[],"failureMessages":[],"fullName":"Access Control Manager cannot create owner","invocations":1,"location":null,"numPassingAsserts":2,"retryReasons":[],"status":"passed","title":"Manager cannot create owner"},{"ancestorTitles":["Access Control"],"duration":1011,"failureDetails":[],"failureMessages":[],"fullName":"Access Control Cannot access other owner station","invocations":1,"location":null,"numPassingAsserts":1,"retryReasons":[],"status":"passed","title":"Cannot access other owner station"}],"endTime":1764969249731,"message":"","name":"C:\\Users\\r.kowdampalli\\OneDrive - Accenture\\Documents\\fuel-sync\\fuelsync-new\\backend\\tests\\api.integration.test.js","startTime":1764969202346,"status":"passed","summary":""},{"assertionResults":[{"ancestorTitles":["Employee Journey","1. Authentication"],"duration":403,"failureDetails":[],"failureMessages":[],"fullName":"Employee Journey 1. Authentication Employee login","invocations":1,"location":null,"numPassingAsserts":3,"retryReasons":[],"status":"passed","title":"Employee login"},{"ancestorTitles":["Employee Journey","1. Authentication"],"duration":353,"failureDetails":[],"failureMessages":[],"fullName":"Employee Journey 1. Authentication Invalid credentials","invocations":1,"location":null,"numPassingAsserts":1,"retryReasons":[],"status":"passed","title":"Invalid credentials"},{"ancestorTitles":["Employee Journey","1. Authentication"],"duration":21,"failureDetails":[],"failureMessages":[],"fullName":"Employee Journey 1. Authentication Get profile","invocations":1,"location":null,"numPassingAsserts":3,"retryReasons":[],"status":"passed","title":"Get profile"},{"ancestorTitles":["Employee Journey","1. Authentication"],"duration":21,"failureDetails":[],"failureMessages":[],"fullName":"Employee Journey 1. Authentication Update own profile","invocations":1,"location":null,"numPassingAsserts":1,"retryReasons":[],"status":"passed","title":"Update own profile"},{"ancestorTitles":["Employee Journey","1. Authentication"],"duration":1418,"failureDetails":[],"failureMessages":[],"fullName":"Employee Journey 1. Authentication Change password","invocations":1,"location":null,"numPassingAsserts":1,"retryReasons":[],"status":"passed","title":"Change password"},{"ancestorTitles":["Employee Journey","2. Reading Entry"],"duration":12958,"failureDetails":[],"failureMessages":[],"fullName":"Employee Journey 2. Reading Entry Record nozzle reading","invocations":1,"location":null,"numPassingAsserts":1,"retryReasons":[],"status":"passed","title":"Record nozzle reading"},{"ancestorTitles":["Employee Journey","2. Reading Entry"],"duration":51,"failureDetails":[],"failureMessages":[],"fullName":"Employee Journey 2. Reading Entry View own readings","invocations":1,"location":null,"numPassingAsserts":2,"retryReasons":[],"status":"passed","title":"View own readings"},{"ancestorTitles":["Employee Journey","2. Reading Entry"],"duration":64,"failureDetails":[],"failureMessages":[],"fullName":"Employee Journey 2. Reading Entry Update own reading","invocations":1,"location":null,"numPassingAsserts":1,"retryReasons":[],"status":"passed","title":"Update own reading"},{"ancestorTitles":["Employee Journey","2. Reading Entry"],"duration":61,"failureDetails":[],"failureMessages":[],"fullName":"Employee Journey 2. Reading Entry Record reading with invalid calculation - Edge Case","invocations":1,"location":null,"numPassingAsserts":1,"retryReasons":[],"status":"passed","title":"Record reading with invalid calculation - Edge Case"},{"ancestorTitles":["Employee Journey","2. Reading Entry"],"duration":12961,"failureDetails":[],"failureMessages":[],"fullName":"Employee Journey 2. Reading Entry Record backdated reading within limit","invocations":1,"location":null,"numPassingAsserts":1,"retryReasons":[],"status":"passed","title":"Record backdated reading within limit"},{"ancestorTitles":["Employee Journey","2. Reading Entry"],"duration":69,"failureDetails":[],"failureMessages":[],"fullName":"Employee Journey 2. Reading Entry Record backdated reading beyond limit - Edge Case","invocations":1,"location":null,"numPassingAsserts":1,"retryReasons":[],"status":"passed","title":"Record backdated reading beyond limit - Edge Case"},{"ancestorTitles":["Employee Journey","2. Reading Entry"],"duration":12949,"failureDetails":[],"failureMessages":[],"fullName":"Employee Journey 2. Reading Entry Delete own reading within time limit","invocations":1,"location":null,"numPassingAsserts":1,"retryReasons":[],"status":"passed","title":"Delete own reading within time limit"},{"ancestorTitles":["Employee Journey","3. Limited Station Access"],"duration":71,"failureDetails":[],"failureMessages":[],"fullName":"Employee Journey 3. Limited Station Access View station basic info","invocations":1,"location":null,"numPassingAsserts":1,"retryReasons":[],"status":"passed","title":"View station basic info"},{"ancestorTitles":["Employee Journey","3. Limited Station Access"],"duration":33,"failureDetails":[],"failureMessages":[],"fullName":"Employee Journey 3. Limited Station Access View pumps","invocations":1,"location":null,"numPassingAsserts":2,"retryReasons":[],"status":"passed","title":"View pumps"},{"ancestorTitles":["Employee Journey","3. Limited Station Access"],"duration":30,"failureDetails":[],"failureMessages":[],"fullName":"Employee Journey 3. Limited Station Access View nozzles","invocations":1,"location":null,"numPassingAsserts":2,"retryReasons":[],"status":"passed","title":"View nozzles"},{"ancestorTitles":["Employee Journey","3. Limited Station Access"],"duration":29,"failureDetails":[],"failureMessages":[],"fullName":"Employee Journey 3. Limited Station Access View fuel prices","invocations":1,"location":null,"numPassingAsserts":1,"retryReasons":[],"status":"passed","title":"View fuel prices"},{"ancestorTitles":["Employee Journey","3. Limited Station Access"],"duration":32,"failureDetails":[],"failureMessages":[],"fullName":"Employee Journey 3. Limited Station Access View active shift","invocations":1,"location":null,"numPassingAsserts":1,"retryReasons":[],"status":"passed","title":"View active shift"},{"ancestorTitles":["Employee Journey","4. Authorization Restrictions"],"duration":30,"failureDetails":[],"failureMessages":[],"fullName":"Employee Journey 4. Authorization Restrictions Cannot create pump - Edge Case","invocations":1,"location":null,"numPassingAsserts":1,"retryReasons":[],"status":"passed","title":"Cannot create pump - Edge Case"},{"ancestorTitles":["Employee Journey","4. Authorization Restrictions"],"duration":28,"failureDetails":[],"failureMessages":[],"fullName":"Employee Journey 4. Authorization Restrictions Cannot create nozzle - Edge Case","invocations":1,"location":null,"numPassingAsserts":1,"retryReasons":[],"status":"passed","title":"Cannot create nozzle - Edge Case"},{"ancestorTitles":["Employee Journey","4. Authorization Restrictions"],"duration":20,"failureDetails":[],"failureMessages":[],"fullName":"Employee Journey 4. Authorization Restrictions Cannot update pump - Edge Case","invocations":1,"location":null,"numPassingAsserts":1,"retryReasons":[],"status":"passed","title":"Cannot update pump - Edge Case"},{"ancestorTitles":["Employee Journey","4. Authorization Restrictions"],"duration":20,"failureDetails":[],"failureMessages":[],"fullName":"Employee Journey 4. Authorization Restrictions Cannot update nozzle - Edge Case","invocations":1,"location":null,"numPassingAsserts":1,"retryReasons":[],"status":"passed","title":"Cannot update nozzle - Edge Case"},{"ancestorTitles":["Employee Journey","4. Authorization Restrictions"],"duration":18,"failureDetails":[],"failureMessages":[],"fullName":"Employee Journey 4. Authorization Restrictions Cannot delete pump - Edge Case","invocations":1,"location":null,"numPassingAsserts":1,"retryReasons":[],"status":"passed","title":"Cannot delete pump - Edge Case"},{"ancestorTitles":["Employee Journey","4. Authorization Restrictions"],"duration":27,"failureDetails":[],"failureMessages":[],"fullName":"Employee Journey 4. Authorization Restrictions Cannot set fuel prices - Edge Case","invocations":1,"location":null,"numPassingAsserts":1,"retryReasons":[],"status":"passed","title":"Cannot set fuel prices - Edge Case"},{"ancestorTitles":["Employee Journey","4. Authorization Restrictions"],"duration":25,"failureDetails":[],"failureMessages":[],"fullName":"Employee Journey 4. Authorization Restrictions Cannot create shift - Edge Case","invocations":1,"location":null,"numPassingAsserts":1,"retryReasons":[],"status":"passed","title":"Cannot create shift - Edge Case"},{"ancestorTitles":["Employee Journey","4. Authorization Restrictions"],"duration":20,"failureDetails":[],"failureMessages":[],"fullName":"Employee Journey 4. Authorization Restrictions Cannot end shift - Edge Case","invocations":1,"location":null,"numPassingAsserts":1,"retryReasons":[],"status":"passed","title":"Cannot end shift - Edge Case"},{"ancestorTitles":["Employee Journey","4. Authorization Restrictions"],"duration":21,"failureDetails":[],"failureMessages":[],"fullName":"Employee Journey 4. Authorization Restrictions Cannot view employees - Edge Case","invocations":1,"location":null,"numPassingAsserts":1,"retryReasons":[],"status":"passed","title":"Cannot view employees - Edge Case"},{"ancestorTitles":["Employee Journey","4. Authorization Restrictions"],"duration":20,"failureDetails":[],"failureMessages":[],"fullName":"Employee Journey 4. Authorization Restrictions Cannot create employee - Edge Case","invocations":1,"location":null,"numPassingAsserts":1,"retryReasons":[],"status":"passed","title":"Cannot create employee - Edge Case"},{"ancestorTitles":["Employee Journey","4. Authorization Restrictions"],"duration":19,"failureDetails":[],"failureMessages":[],"fullName":"Employee Journey 4. Authorization Restrictions Cannot view tanks - Edge Case","invocations":1,"location":null,"numPassingAsserts":1,"retryReasons":[],"status":"passed","title":"Cannot view tanks - Edge Case"},{"ancestorTitles":["Employee Journey","4. Authorization Restrictions"],"duration":29,"failureDetails":[],"failureMessages":[],"fullName":"Employee Journey 4. Authorization Restrictions Cannot record tank refill - Edge Case","invocations":1,"location":null,"numPassingAsserts":1,"retryReasons":[],"status":"passed","title":"Cannot record tank refill - Edge Case"},{"ancestorTitles":["Employee Journey","4. Authorization Restrictions"],"duration":30,"failureDetails":[],"failureMessages":[],"fullName":"Employee Journey 4. Authorization Restrictions Cannot view creditors - Edge Case","invocations":1,"location":null,"numPassingAsserts":1,"retryReasons":[],"status":"passed","title":"Cannot view creditors - Edge Case"},{"ancestorTitles":["Employee Journey","4. Authorization Restrictions"],"duration":13,"failureDetails":[],"failureMessages":[],"fullName":"Employee Journey 4. Authorization Restrictions Cannot record credit transaction - Edge Case","invocations":1,"location":null,"numPassingAsserts":1,"retryReasons":[],"status":"passed","title":"Cannot record credit transaction - Edge Case"},{"ancestorTitles":["Employee Journey","4. Authorization Restrictions"],"duration":18,"failureDetails":[],"failureMessages":[],"fullName":"Employee Journey 4. Authorization Restrictions Cannot view expenses - Edge Case","invocations":1,"location":null,"numPassingAsserts":1,"retryReasons":[],"status":"passed","title":"Cannot view expenses - Edge Case"},{"ancestorTitles":["Employee Journey","4. Authorization Restrictions"],"duration":18,"failureDetails":[],"failureMessages":[],"fullName":"Employee Journey 4. Authorization Restrictions Cannot record expense - Edge Case","invocations":1,"location":null,"numPassingAsserts":1,"retryReasons":[],"status":"passed","title":"Cannot record expense - Edge Case"},{"ancestorTitles":["Employee Journey","4. Authorization Restrictions"],"duration":17,"failureDetails":[],"failureMessages":[],"fullName":"Employee Journey 4. Authorization Restrictions Cannot access reports - Edge Case","invocations":1,"location":null,"numPassingAsserts":1,"retryReasons":[],"status":"passed","title":"Cannot access reports - Edge Case"},{"ancestorTitles":["Employee Journey","4. Authorization Restrictions"],"duration":17,"failureDetails":[],"failureMessages":[],"fullName":"Employee Journey 4. Authorization Restrictions Cannot access profit/loss - Edge Case","invocations":1,"location":null,"numPassingAsserts":1,"retryReasons":[],"status":"passed","title":"Cannot access profit/loss - Edge Case"},{"ancestorTitles":["Employee Journey","4. Authorization Restrictions"],"duration":17,"failureDetails":[],"failureMessages":[],"fullName":"Employee Journey 4. Authorization Restrictions Cannot export reports - Edge Case","invocations":1,"location":null,"numPassingAsserts":1,"retryReasons":[],"status":"passed","title":"Cannot export reports - Edge Case"},{"ancestorTitles":["Employee Journey","4. Authorization Restrictions"],"duration":17,"failureDetails":[],"failureMessages":[],"fullName":"Employee Journey 4. Authorization Restrictions Cannot update station - Edge Case","invocations":1,"location":null,"numPassingAsserts":1,"retryReasons":[],"status":"passed","title":"Cannot update station - Edge Case"},{"ancestorTitles":["Employee Journey","4. Authorization Restrictions"],"duration":36,"failureDetails":[],"failureMessages":[],"fullName":"Employee Journey 4. Authorization Restrictions Cannot access other station - Edge Case","invocations":1,"location":null,"numPassingAsserts":1,"retryReasons":[],"status":"passed","title":"Cannot access other station - Edge Case"},{"ancestorTitles":["Employee Journey","4. Authorization Restrictions"],"duration":17,"failureDetails":[],"failureMessages":[],"fullName":"Employee Journey 4. Authorization Restrictions Cannot access dashboard metrics - Edge Case","invocations":1,"location":null,"numPassingAsserts":1,"retryReasons":[],"status":"passed","title":"Cannot access dashboard metrics - Edge Case"},{"ancestorTitles":["Employee Journey","5. Daily Operations"],"duration":28,"failureDetails":[],"failureMessages":[],"fullName":"Employee Journey 5. Daily Operations View today readings summary","invocations":1,"location":null,"numPassingAsserts":1,"retryReasons":[],"status":"passed","title":"View today readings summary"},{"ancestorTitles":["Employee Journey","5. Daily Operations"],"duration":24,"failureDetails":[],"failureMessages":[],"fullName":"Employee Journey 5. Daily Operations Check nozzle status before reading","invocations":1,"location":null,"numPassingAsserts":1,"retryReasons":[],"status":"passed","title":"Check nozzle status before reading"},{"ancestorTitles":["Employee Journey","5. Daily Operations"],"duration":29,"failureDetails":[],"failureMessages":[],"fullName":"Employee Journey 5. Daily Operations View last reading for nozzle","invocations":1,"location":null,"numPassingAsserts":1,"retryReasons":[],"status":"passed","title":"View last reading for nozzle"},{"ancestorTitles":["Employee Journey","Credit Controller Role Enforcement"],"duration":14,"failureDetails":[],"failureMessages":[],"fullName":"Employee Journey Credit Controller Role Enforcement Employee cannot create creditor","invocations":1,"location":null,"numPassingAsserts":1,"retryReasons":[],"status":"passed","title":"Employee cannot create creditor"},{"ancestorTitles":["Employee Journey","Credit Controller Role Enforcement"],"duration":15,"failureDetails":[],"failureMessages":[],"fullName":"Employee Journey Credit Controller Role Enforcement Employee cannot update creditor","invocations":1,"location":null,"numPassingAsserts":1,"retryReasons":[],"status":"passed","title":"Employee cannot update creditor"},{"ancestorTitles":["Employee Journey","Credit Controller Role Enforcement"],"duration":14,"failureDetails":[],"failureMessages":[],"fullName":"Employee Journey Credit Controller Role Enforcement Employee cannot flag creditor","invocations":1,"location":null,"numPassingAsserts":1,"retryReasons":[],"status":"passed","title":"Employee cannot flag creditor"},{"ancestorTitles":["Employee Journey","Credit Controller Role Enforcement"],"duration":11,"failureDetails":[],"failureMessages":[],"fullName":"Employee Journey Credit Controller Role Enforcement Employee cannot unflag creditor","invocations":1,"location":null,"numPassingAsserts":1,"retryReasons":[],"status":"passed","title":"Employee cannot unflag creditor"},{"ancestorTitles":["Employee Journey","Credit Controller Role Enforcement"],"duration":16,"failureDetails":[],"failureMessages":[],"fullName":"Employee Journey Credit Controller Role Enforcement Employee cannot record settlement","invocations":1,"location":null,"numPassingAsserts":1,"retryReasons":[],"status":"passed","title":"Employee cannot record settlement"}],"endTime":1764969295175,"message":"","name":"C:\\Users\\r.kowdampalli\\OneDrive - Accenture\\Documents\\fuel-sync\\fuelsync-new\\backend\\tests\\integration\\employee-journey.test.js","startTime":1764969249775,"status":"passed","summary":""},{"assertionResults":[{"ancestorTitles":["Owner Journey","1. Authentication & Profile"],"duration":469,"failureDetails":[],"failureMessages":[],"fullName":"Owner Journey 1. Authentication & Profile Owner login","invocations":1,"location":null,"numPassingAsserts":4,"retryReasons":[],"status":"passed","title":"Owner login"},{"ancestorTitles":["Owner Journey","1. Authentication & Profile"],"duration":30,"failureDetails":[],"failureMessages":[],"fullName":"Owner Journey 1. Authentication & Profile Get owner profile","invocations":1,"location":null,"numPassingAsserts":3,"retryReasons":[],"status":"passed","title":"Get owner profile"},{"ancestorTitles":["Owner Journey","1. Authentication & Profile"],"duration":33,"failureDetails":[],"failureMessages":[],"fullName":"Owner Journey 1. Authentication & Profile Update profile","invocations":1,"location":null,"numPassingAsserts":3,"retryReasons":[],"status":"passed","title":"Update profile"},{"ancestorTitles":["Owner Journey","1. Authentication & Profile"],"duration":null,"failureDetails":[],"failureMessages":[],"fullName":"Owner Journey 1. Authentication & Profile Change password","invocations":1,"location":null,"numPassingAsserts":0,"retryReasons":[],"status":"pending","title":"Change password"},{"ancestorTitles":["Owner Journey","1. Authentication & Profile"],"duration":null,"failureDetails":[],"failureMessages":[],"fullName":"Owner Journey 1. Authentication & Profile Change password with wrong current password - Edge Case","invocations":1,"location":null,"numPassingAsserts":0,"retryReasons":[],"status":"pending","title":"Change password with wrong current password - Edge Case"},{"ancestorTitles":["Owner Journey","Owner Plan Management"],"duration":809,"failureDetails":[],"failureMessages":[],"fullName":"Owner Journey Owner Plan Management Admin updates owner plan","invocations":1,"location":null,"numPassingAsserts":3,"retryReasons":[],"status":"passed","title":"Admin updates owner plan"},{"ancestorTitles":["Owner Journey","2. Station Management"],"duration":68,"failureDetails":[],"failureMessages":[],"fullName":"Owner Journey 2. Station Management Get own station details","invocations":1,"location":null,"numPassingAsserts":3,"retryReasons":[],"status":"passed","title":"Get own station details"},{"ancestorTitles":["Owner Journey","2. Station Management"],"duration":61,"failureDetails":[],"failureMessages":[],"fullName":"Owner Journey 2. Station Management Update station details","invocations":1,"location":null,"numPassingAsserts":3,"retryReasons":[],"status":"passed","title":"Update station details"},{"ancestorTitles":["Owner Journey","2. Station Management"],"duration":121,"failureDetails":[],"failureMessages":[],"fullName":"Owner Journey 2. Station Management Create additional station (within plan limit)","invocations":1,"location":null,"numPassingAsserts":1,"retryReasons":[],"status":"passed","title":"Create additional station (within plan limit)"},{"ancestorTitles":["Owner Journey","2. Station Management"],"duration":201,"failureDetails":[],"failureMessages":[],"fullName":"Owner Journey 2. Station Management Exceed station limit - Edge Case","invocations":1,"location":null,"numPassingAsserts":1,"retryReasons":[],"status":"passed","title":"Exceed station limit - Edge Case"},{"ancestorTitles":["Owner Journey","2. Station Management"],"duration":57,"failureDetails":[],"failureMessages":[],"fullName":"Owner Journey 2. Station Management Create station with duplicate code - Edge Case","invocations":1,"location":null,"numPassingAsserts":1,"retryReasons":[],"status":"passed","title":"Create station with duplicate code - Edge Case"},{"ancestorTitles":["Owner Journey","3. Pump Management"],"duration":76,"failureDetails":[],"failureMessages":[],"fullName":"Owner Journey 3. Pump Management Create pump","invocations":1,"location":null,"numPassingAsserts":3,"retryReasons":[],"status":"passed","title":"Create pump"},{"ancestorTitles":["Owner Journey","3. Pump Management"],"duration":32,"failureDetails":[],"failureMessages":[],"fullName":"Owner Journey 3. Pump Management Get all pumps for station","invocations":1,"location":null,"numPassingAsserts":3,"retryReasons":[],"status":"passed","title":"Get all pumps for station"},{"ancestorTitles":["Owner Journey","3. Pump Management"],"duration":39,"failureDetails":[],"failureMessages":[],"fullName":"Owner Journey 3. Pump Management Update pump","invocations":1,"location":null,"numPassingAsserts":3,"retryReasons":[],"status":"passed","title":"Update pump"},{"ancestorTitles":["Owner Journey","3. Pump Management"],"duration":47,"failureDetails":[],"failureMessages":[],"fullName":"Owner Journey 3. Pump Management Create pump with duplicate number - Edge Case","invocations":1,"location":null,"numPassingAsserts":1,"retryReasons":[],"status":"passed","title":"Create pump with duplicate number - Edge Case"},{"ancestorTitles":["Owner Journey","3. Pump Management"],"duration":null,"failureDetails":[],"failureMessages":[],"fullName":"Owner Journey 3. Pump Management Delete pump","invocations":1,"location":null,"numPassingAsserts":0,"retryReasons":[],"status":"pending","title":"Delete pump"},{"ancestorTitles":["Owner Journey","4. Nozzle Management"],"duration":73,"failureDetails":[],"failureMessages":[],"fullName":"Owner Journey 4. Nozzle Management Create nozzle","invocations":1,"location":null,"numPassingAsserts":3,"retryReasons":[],"status":"passed","title":"Create nozzle"},{"ancestorTitles":["Owner Journey","4. Nozzle Management"],"duration":26,"failureDetails":[],"failureMessages":[],"fullName":"Owner Journey 4. Nozzle Management Get nozzles by pump","invocations":1,"location":null,"numPassingAsserts":3,"retryReasons":[],"status":"passed","title":"Get nozzles by pump"},{"ancestorTitles":["Owner Journey","4. Nozzle Management"],"duration":25,"failureDetails":[],"failureMessages":[],"fullName":"Owner Journey 4. Nozzle Management Update nozzle","invocations":1,"location":null,"numPassingAsserts":2,"retryReasons":[],"status":"passed","title":"Update nozzle"},{"ancestorTitles":["Owner Journey","4. Nozzle Management"],"duration":368,"failureDetails":[],"failureMessages":[],"fullName":"Owner Journey 4. Nozzle Management Create nozzle exceeding pump limit - Edge Case","invocations":1,"location":null,"numPassingAsserts":1,"retryReasons":[],"status":"passed","title":"Create nozzle exceeding pump limit - Edge Case"},{"ancestorTitles":["Owner Journey","4. Nozzle Management"],"duration":37,"failureDetails":[],"failureMessages":[],"fullName":"Owner Journey 4. Nozzle Management Deactivate nozzle","invocations":1,"location":null,"numPassingAsserts":3,"retryReasons":[],"status":"passed","title":"Deactivate nozzle"},{"ancestorTitles":["Owner Journey","5. Employee Management"],"duration":429,"failureDetails":[],"failureMessages":[],"fullName":"Owner Journey 5. Employee Management Create employee","invocations":1,"location":null,"numPassingAsserts":3,"retryReasons":[],"status":"passed","title":"Create employee"},{"ancestorTitles":["Owner Journey","5. Employee Management"],"duration":28,"failureDetails":[],"failureMessages":[],"fullName":"Owner Journey 5. Employee Management Get all employees","invocations":1,"location":null,"numPassingAsserts":3,"retryReasons":[],"status":"passed","title":"Get all employees"},{"ancestorTitles":["Owner Journey","5. Employee Management"],"duration":31,"failureDetails":[],"failureMessages":[],"fullName":"Owner Journey 5. Employee Management Update employee","invocations":1,"location":null,"numPassingAsserts":2,"retryReasons":[],"status":"passed","title":"Update employee"},{"ancestorTitles":["Owner Journey","5. Employee Management"],"duration":431,"failureDetails":[],"failureMessages":[],"fullName":"Owner Journey 5. Employee Management Create manager","invocations":1,"location":null,"numPassingAsserts":3,"retryReasons":[],"status":"passed","title":"Create manager"},{"ancestorTitles":["Owner Journey","5. Employee Management"],"duration":2,"failureDetails":[],"failureMessages":[],"fullName":"Owner Journey 5. Employee Management Exceed employee limit - Edge Case","invocations":1,"location":null,"numPassingAsserts":0,"retryReasons":[],"status":"passed","title":"Exceed employee limit - Edge Case"},{"ancestorTitles":["Owner Journey","5. Employee Management"],"duration":36,"failureDetails":[],"failureMessages":[],"fullName":"Owner Journey 5. Employee Management Delete employee","invocations":1,"location":null,"numPassingAsserts":2,"retryReasons":[],"status":"passed","title":"Delete employee"},{"ancestorTitles":["Owner Journey","6. Fuel Price Management"],"duration":76,"failureDetails":[],"failureMessages":[],"fullName":"Owner Journey 6. Fuel Price Management Set fuel price","invocations":1,"location":null,"numPassingAsserts":3,"retryReasons":[],"status":"passed","title":"Set fuel price"},{"ancestorTitles":["Owner Journey","6. Fuel Price Management"],"duration":46,"failureDetails":[],"failureMessages":[],"fullName":"Owner Journey 6. Fuel Price Management Get fuel prices","invocations":1,"location":null,"numPassingAsserts":1,"retryReasons":[],"status":"passed","title":"Get fuel prices"},{"ancestorTitles":["Owner Journey","6. Fuel Price Management"],"duration":50,"failureDetails":[],"failureMessages":[],"fullName":"Owner Journey 6. Fuel Price Management Update fuel price","invocations":1,"location":null,"numPassingAsserts":1,"retryReasons":[],"status":"passed","title":"Update fuel price"},{"ancestorTitles":["Owner Journey","6. Fuel Price Management"],"duration":23,"failureDetails":[],"failureMessages":[],"fullName":"Owner Journey 6. Fuel Price Management Set negative price - Edge Case","invocations":1,"location":null,"numPassingAsserts":1,"retryReasons":[],"status":"passed","title":"Set negative price - Edge Case"},{"ancestorTitles":["Owner Journey","6. Fuel Price Management"],"duration":32,"failureDetails":[],"failureMessages":[],"fullName":"Owner Journey 6. Fuel Price Management Get price history","invocations":1,"location":null,"numPassingAsserts":1,"retryReasons":[],"status":"passed","title":"Get price history"},{"ancestorTitles":["Owner Journey","7. Nozzle Readings"],"duration":12915,"failureDetails":[],"failureMessages":[],"fullName":"Owner Journey 7. Nozzle Readings Record nozzle reading","invocations":1,"location":null,"numPassingAsserts":2,"retryReasons":[],"status":"passed","title":"Record nozzle reading"},{"ancestorTitles":["Owner Journey","7. Nozzle Readings"],"duration":54,"failureDetails":[],"failureMessages":[],"fullName":"Owner Journey 7. Nozzle Readings Get readings for date range","invocations":1,"location":null,"numPassingAsserts":3,"retryReasons":[],"status":"passed","title":"Get readings for date range"},{"ancestorTitles":["Owner Journey","7. Nozzle Readings"],"duration":67,"failureDetails":[],"failureMessages":[],"fullName":"Owner Journey 7. Nozzle Readings Record reading with invalid value - Edge Case","invocations":1,"location":null,"numPassingAsserts":1,"retryReasons":[],"status":"passed","title":"Record reading with invalid value - Edge Case"},{"ancestorTitles":["Owner Journey","7. Nozzle Readings"],"duration":null,"failureDetails":[],"failureMessages":[],"fullName":"Owner Journey 7. Nozzle Readings Record backdated reading within limit","invocations":1,"location":null,"numPassingAsserts":0,"retryReasons":[],"status":"pending","title":"Record backdated reading within limit"},{"ancestorTitles":["Owner Journey","7. Nozzle Readings"],"duration":null,"failureDetails":[],"failureMessages":[],"fullName":"Owner Journey 7. Nozzle Readings Record reading beyond backdate limit - Edge Case","invocations":1,"location":null,"numPassingAsserts":0,"retryReasons":[],"status":"pending","title":"Record reading beyond backdate limit - Edge Case"},{"ancestorTitles":["Owner Journey","7. Nozzle Readings"],"duration":147,"failureDetails":[],"failureMessages":[],"fullName":"Owner Journey 7. Nozzle Readings Update reading","invocations":1,"location":null,"numPassingAsserts":1,"retryReasons":[],"status":"passed","title":"Update reading"},{"ancestorTitles":["Owner Journey","7. Nozzle Readings"],"duration":null,"failureDetails":[],"failureMessages":[],"fullName":"Owner Journey 7. Nozzle Readings Delete reading","invocations":1,"location":null,"numPassingAsserts":0,"retryReasons":[],"status":"pending","title":"Delete reading"},{"ancestorTitles":["Owner Journey","8. Tank Management"],"duration":59,"failureDetails":[],"failureMessages":[],"fullName":"Owner Journey 8. Tank Management Create tank","invocations":1,"location":null,"numPassingAsserts":2,"retryReasons":[],"status":"passed","title":"Create tank"},{"ancestorTitles":["Owner Journey","8. Tank Management"],"duration":28,"failureDetails":[],"failureMessages":[],"fullName":"Owner Journey 8. Tank Management Get all tanks","invocations":1,"location":null,"numPassingAsserts":3,"retryReasons":[],"status":"passed","title":"Get all tanks"},{"ancestorTitles":["Owner Journey","8. Tank Management"],"duration":null,"failureDetails":[],"failureMessages":[],"fullName":"Owner Journey 8. Tank Management Record tank refill","invocations":1,"location":null,"numPassingAsserts":0,"retryReasons":[],"status":"pending","title":"Record tank refill"},{"ancestorTitles":["Owner Journey","8. Tank Management"],"duration":null,"failureDetails":[],"failureMessages":[],"fullName":"Owner Journey 8. Tank Management Get refill history","invocations":1,"location":null,"numPassingAsserts":0,"retryReasons":[],"status":"pending","title":"Get refill history"},{"ancestorTitles":["Owner Journey","8. Tank Management"],"duration":34,"failureDetails":[],"failureMessages":[],"fullName":"Owner Journey 8. Tank Management Record refill exceeding capacity - Edge Case","invocations":1,"location":null,"numPassingAsserts":1,"retryReasons":[],"status":"passed","title":"Record refill exceeding capacity - Edge Case"},{"ancestorTitles":["Owner Journey","8. Tank Management"],"duration":null,"failureDetails":[],"failureMessages":[],"fullName":"Owner Journey 8. Tank Management Update tank","invocations":1,"location":null,"numPassingAsserts":0,"retryReasons":[],"status":"pending","title":"Update tank"},{"ancestorTitles":["Owner Journey","9. Creditor Management"],"duration":49,"failureDetails":[],"failureMessages":[],"fullName":"Owner Journey 9. Creditor Management Create creditor","invocations":1,"location":null,"numPassingAsserts":2,"retryReasons":[],"status":"passed","title":"Create creditor"},{"ancestorTitles":["Owner Journey","9. Creditor Management"],"duration":25,"failureDetails":[],"failureMessages":[],"fullName":"Owner Journey 9. Creditor Management Get all creditors","invocations":1,"location":null,"numPassingAsserts":3,"retryReasons":[],"status":"passed","title":"Get all creditors"},{"ancestorTitles":["Owner Journey","9. Creditor Management"],"duration":45,"failureDetails":[],"failureMessages":[],"fullName":"Owner Journey 9. Creditor Management Record credit sale","invocations":1,"location":null,"numPassingAsserts":1,"retryReasons":[],"status":"passed","title":"Record credit sale"},{"ancestorTitles":["Owner Journey","9. Creditor Management"],"duration":49,"failureDetails":[],"failureMessages":[],"fullName":"Owner Journey 9. Creditor Management Record payment","invocations":1,"location":null,"numPassingAsserts":1,"retryReasons":[],"status":"passed","title":"Record payment"},{"ancestorTitles":["Owner Journey","9. Creditor Management"],"duration":null,"failureDetails":[],"failureMessages":[],"fullName":"Owner Journey 9. Creditor Management Get creditor statement","invocations":1,"location":null,"numPassingAsserts":0,"retryReasons":[],"status":"pending","title":"Get creditor statement"},{"ancestorTitles":["Owner Journey","9. Creditor Management"],"duration":null,"failureDetails":[],"failureMessages":[],"fullName":"Owner Journey 9. Creditor Management Exceed credit limit - Edge Case","invocations":1,"location":null,"numPassingAsserts":0,"retryReasons":[],"status":"pending","title":"Exceed credit limit - Edge Case"},{"ancestorTitles":["Owner Journey","9. Creditor Management"],"duration":28,"failureDetails":[],"failureMessages":[],"fullName":"Owner Journey 9. Creditor Management Update creditor","invocations":1,"location":null,"numPassingAsserts":2,"retryReasons":[],"status":"passed","title":"Update creditor"},{"ancestorTitles":["Owner Journey","9. Creditor Management"],"duration":34,"failureDetails":[],"failureMessages":[],"fullName":"Owner Journey 9. Creditor Management Get aging report","invocations":1,"location":null,"numPassingAsserts":1,"retryReasons":[],"status":"passed","title":"Get aging report"},{"ancestorTitles":["Owner Journey","10. Expense Tracking"],"duration":null,"failureDetails":[],"failureMessages":[],"fullName":"Owner Journey 10. Expense Tracking Record expense","invocations":1,"location":null,"numPassingAsserts":0,"retryReasons":[],"status":"pending","title":"Record expense"},{"ancestorTitles":["Owner Journey","10. Expense Tracking"],"duration":25,"failureDetails":[],"failureMessages":[],"fullName":"Owner Journey 10. Expense Tracking Get expenses by category","invocations":1,"location":null,"numPassingAsserts":3,"retryReasons":[],"status":"passed","title":"Get expenses by category"},{"ancestorTitles":["Owner Journey","10. Expense Tracking"],"duration":23,"failureDetails":[],"failureMessages":[],"fullName":"Owner Journey 10. Expense Tracking Get expenses by date range","invocations":1,"location":null,"numPassingAsserts":1,"retryReasons":[],"status":"passed","title":"Get expenses by date range"},{"ancestorTitles":["Owner Journey","10. Expense Tracking"],"duration":24,"failureDetails":[],"failureMessages":[],"fullName":"Owner Journey 10. Expense Tracking Update expense","invocations":1,"location":null,"numPassingAsserts":0,"retryReasons":[],"status":"passed","title":"Update expense"},{"ancestorTitles":["Owner Journey","10. Expense Tracking"],"duration":22,"failureDetails":[],"failureMessages":[],"fullName":"Owner Journey 10. Expense Tracking Delete expense","invocations":1,"location":null,"numPassingAsserts":0,"retryReasons":[],"status":"passed","title":"Delete expense"},{"ancestorTitles":["Owner Journey","10. Expense Tracking"],"duration":null,"failureDetails":[],"failureMessages":[],"fullName":"Owner Journey 10. Expense Tracking Record expense with invalid amount - Edge Case","invocations":1,"location":null,"numPassingAsserts":0,"retryReasons":[],"status":"pending","title":"Record expense with invalid amount - Edge Case"},{"ancestorTitles":["Owner Journey","11. Reports & Analytics"],"duration":56,"failureDetails":[],"failureMessages":[],"fullName":"Owner Journey 11. Reports & Analytics Get sales summary","invocations":1,"location":null,"numPassingAsserts":1,"retryReasons":[],"status":"passed","title":"Get sales summary"},{"ancestorTitles":["Owner Journey","11. Reports & Analytics"],"duration":35,"failureDetails":[],"failureMessages":[],"fullName":"Owner Journey 11. Reports & Analytics Get profit/loss report","invocations":1,"location":null,"numPassingAsserts":1,"retryReasons":[],"status":"passed","title":"Get profit/loss report"},{"ancestorTitles":["Owner Journey","11. Reports & Analytics"],"duration":35,"failureDetails":[],"failureMessages":[],"fullName":"Owner Journey 11. Reports & Analytics Get fuel-wise sales","invocations":1,"location":null,"numPassingAsserts":1,"retryReasons":[],"status":"passed","title":"Get fuel-wise sales"},{"ancestorTitles":["Owner Journey","11. Reports & Analytics"],"duration":33,"failureDetails":[],"failureMessages":[],"fullName":"Owner Journey 11. Reports & Analytics Get pump performance","invocations":1,"location":null,"numPassingAsserts":1,"retryReasons":[],"status":"passed","title":"Get pump performance"},{"ancestorTitles":["Owner Journey","11. Reports & Analytics"],"duration":null,"failureDetails":[],"failureMessages":[],"fullName":"Owner Journey 11. Reports & Analytics Export report - CSV","invocations":1,"location":null,"numPassingAsserts":0,"retryReasons":[],"status":"pending","title":"Export report - CSV"},{"ancestorTitles":["Owner Journey","11. Reports & Analytics"],"duration":null,"failureDetails":[],"failureMessages":[],"fullName":"Owner Journey 11. Reports & Analytics Get dashboard metrics","invocations":1,"location":null,"numPassingAsserts":0,"retryReasons":[],"status":"pending","title":"Get dashboard metrics"},{"ancestorTitles":["Owner Journey","11. Reports & Analytics"],"duration":37,"failureDetails":[],"failureMessages":[],"fullName":"Owner Journey 11. Reports & Analytics Get analytics within allowed days","invocations":1,"location":null,"numPassingAsserts":1,"retryReasons":[],"status":"passed","title":"Get analytics within allowed days"},{"ancestorTitles":["Owner Journey","11. Reports & Analytics"],"duration":null,"failureDetails":[],"failureMessages":[],"fullName":"Owner Journey 11. Reports & Analytics Get analytics beyond allowed days - Edge Case","invocations":1,"location":null,"numPassingAsserts":0,"retryReasons":[],"status":"pending","title":"Get analytics beyond allowed days - Edge Case"},{"ancestorTitles":["Owner Journey","12. Authorization Tests"],"duration":921,"failureDetails":[],"failureMessages":[],"fullName":"Owner Journey 12. Authorization Tests Access another station data - Edge Case","invocations":1,"location":null,"numPassingAsserts":1,"retryReasons":[],"status":"passed","title":"Access another station data - Edge Case"},{"ancestorTitles":["Owner Journey","12. Authorization Tests"],"duration":803,"failureDetails":[],"failureMessages":[],"fullName":"Owner Journey 12. Authorization Tests Employee cannot access owner functions - Edge Case","invocations":1,"location":null,"numPassingAsserts":1,"retryReasons":[],"status":"passed","title":"Employee cannot access owner functions - Edge Case"}],"endTime":1764969317198,"message":"","name":"C:\\Users\\r.kowdampalli\\OneDrive - Accenture\\Documents\\fuel-sync\\fuelsync-new\\backend\\tests\\integration\\owner-journey.test.js","startTime":1764969295194,"status":"focused","summary":""},{"assertionResults":[{"ancestorTitles":["Super Admin Journey","1. Authentication"],"duration":444,"failureDetails":[],"failureMessages":[],"fullName":"Super Admin Journey 1. Authentication Login with valid credentials","invocations":1,"location":null,"numPassingAsserts":4,"retryReasons":[],"status":"passed","title":"Login with valid credentials"},{"ancestorTitles":["Super Admin Journey","1. Authentication"],"duration":365,"failureDetails":[],"failureMessages":[],"fullName":"Super Admin Journey 1. Authentication Login with invalid credentials - Edge Case","invocations":1,"location":null,"numPassingAsserts":1,"retryReasons":[],"status":"passed","title":"Login with invalid credentials - Edge Case"},{"ancestorTitles":["Super Admin Journey","1. Authentication"],"duration":16,"failureDetails":[],"failureMessages":[],"fullName":"Super Admin Journey 1. Authentication Login with non-existent user - Edge Case","invocations":1,"location":null,"numPassingAsserts":1,"retryReasons":[],"status":"passed","title":"Login with non-existent user - Edge Case"},{"ancestorTitles":["Super Admin Journey","1. Authentication"],"duration":13,"failureDetails":[],"failureMessages":[],"fullName":"Super Admin Journey 1. Authentication Access protected route without token - Edge Case","invocations":1,"location":null,"numPassingAsserts":1,"retryReasons":[],"status":"passed","title":"Access protected route without token - Edge Case"},{"ancestorTitles":["Super Admin Journey","2. Plan Management"],"duration":73,"failureDetails":[],"failureMessages":[],"fullName":"Super Admin Journey 2. Plan Management Create a new plan","invocations":1,"location":null,"numPassingAsserts":3,"retryReasons":[],"status":"passed","title":"Create a new plan"},{"ancestorTitles":["Super Admin Journey","2. Plan Management"],"duration":23,"failureDetails":[],"failureMessages":[],"fullName":"Super Admin Journey 2. Plan Management Get all plans","invocations":1,"location":null,"numPassingAsserts":4,"retryReasons":[],"status":"passed","title":"Get all plans"},{"ancestorTitles":["Super Admin Journey","2. Plan Management"],"duration":30,"failureDetails":[],"failureMessages":[],"fullName":"Super Admin Journey 2. Plan Management Get single plan by ID","invocations":1,"location":null,"numPassingAsserts":3,"retryReasons":[],"status":"passed","title":"Get single plan by ID"},{"ancestorTitles":["Super Admin Journey","2. Plan Management"],"duration":39,"failureDetails":[],"failureMessages":[],"fullName":"Super Admin Journey 2. Plan Management Update plan","invocations":1,"location":null,"numPassingAsserts":3,"retryReasons":[],"status":"passed","title":"Update plan"},{"ancestorTitles":["Super Admin Journey","2. Plan Management"],"duration":21,"failureDetails":[],"failureMessages":[],"fullName":"Super Admin Journey 2. Plan Management Create plan with duplicate name - Edge Case","invocations":1,"location":null,"numPassingAsserts":1,"retryReasons":[],"status":"passed","title":"Create plan with duplicate name - Edge Case"},{"ancestorTitles":["Super Admin Journey","2. Plan Management"],"duration":34,"failureDetails":[],"failureMessages":[],"fullName":"Super Admin Journey 2. Plan Management Create plan with invalid data - Edge Case","invocations":1,"location":null,"numPassingAsserts":1,"retryReasons":[],"status":"passed","title":"Create plan with invalid data - Edge Case"},{"ancestorTitles":["Super Admin Journey","2. Plan Management"],"duration":22,"failureDetails":[],"failureMessages":[],"fullName":"Super Admin Journey 2. Plan Management Update non-existent plan - Edge Case","invocations":1,"location":null,"numPassingAsserts":1,"retryReasons":[],"status":"passed","title":"Update non-existent plan - Edge Case"},{"ancestorTitles":["Super Admin Journey","3. Owner Management"],"duration":419,"failureDetails":[],"failureMessages":[],"fullName":"Super Admin Journey 3. Owner Management Create owner with plan assignment","invocations":1,"location":null,"numPassingAsserts":3,"retryReasons":[],"status":"passed","title":"Create owner with plan assignment"},{"ancestorTitles":["Super Admin Journey","3. Owner Management"],"duration":20,"failureDetails":[],"failureMessages":[],"fullName":"Super Admin Journey 3. Owner Management Get all users","invocations":1,"location":null,"numPassingAsserts":3,"retryReasons":[],"status":"passed","title":"Get all users"},{"ancestorTitles":["Super Admin Journey","3. Owner Management"],"duration":19,"failureDetails":[],"failureMessages":[],"fullName":"Super Admin Journey 3. Owner Management Filter users by role","invocations":1,"location":null,"numPassingAsserts":4,"retryReasons":[],"status":"passed","title":"Filter users by role"},{"ancestorTitles":["Super Admin Journey","3. Owner Management"],"duration":27,"failureDetails":[],"failureMessages":[],"fullName":"Super Admin Journey 3. Owner Management Update owner plan","invocations":1,"location":null,"numPassingAsserts":2,"retryReasons":[],"status":"passed","title":"Update owner plan"},{"ancestorTitles":["Super Admin Journey","3. Owner Management"],"duration":30,"failureDetails":[],"failureMessages":[],"fullName":"Super Admin Journey 3. Owner Management Reactivate owner","invocations":1,"location":null,"numPassingAsserts":3,"retryReasons":[],"status":"passed","title":"Reactivate owner"},{"ancestorTitles":["Super Admin Journey","3. Owner Management"],"duration":29,"failureDetails":[],"failureMessages":[],"fullName":"Super Admin Journey 3. Owner Management Reactivate owner","invocations":1,"location":null,"numPassingAsserts":3,"retryReasons":[],"status":"passed","title":"Reactivate owner"},{"ancestorTitles":["Super Admin Journey","3. Owner Management"],"duration":21,"failureDetails":[],"failureMessages":[],"fullName":"Super Admin Journey 3. Owner Management Create owner with duplicate email - Edge Case","invocations":1,"location":null,"numPassingAsserts":1,"retryReasons":[],"status":"passed","title":"Create owner with duplicate email - Edge Case"},{"ancestorTitles":["Super Admin Journey","3. Owner Management"],"duration":52,"failureDetails":[],"failureMessages":[],"fullName":"Super Admin Journey 3. Owner Management Create owner with invalid email - Edge Case","invocations":1,"location":null,"numPassingAsserts":1,"retryReasons":[],"status":"passed","title":"Create owner with invalid email - Edge Case"},{"ancestorTitles":["Super Admin Journey","3. Owner Management"],"duration":20,"failureDetails":[],"failureMessages":[],"fullName":"Super Admin Journey 3. Owner Management Assign non-existent plan to owner - Edge Case","invocations":1,"location":null,"numPassingAsserts":1,"retryReasons":[],"status":"passed","title":"Assign non-existent plan to owner - Edge Case"},{"ancestorTitles":["Super Admin Journey","4. System Overview & Analytics"],"duration":51,"failureDetails":[],"failureMessages":[],"fullName":"Super Admin Journey 4. System Overview & Analytics Get dashboard statistics","invocations":1,"location":null,"numPassingAsserts":2,"retryReasons":[],"status":"passed","title":"Get dashboard statistics"},{"ancestorTitles":["Super Admin Journey","4. System Overview & Analytics"],"duration":22,"failureDetails":[],"failureMessages":[],"fullName":"Super Admin Journey 4. System Overview & Analytics Get audit logs","invocations":1,"location":null,"numPassingAsserts":2,"retryReasons":[],"status":"passed","title":"Get audit logs"},{"ancestorTitles":["Super Admin Journey","5. Plan Deletion (Cascade)"],"duration":44,"failureDetails":[],"failureMessages":[],"fullName":"Super Admin Journey 5. Plan Deletion (Cascade) Delete plan - Edge Case","invocations":1,"location":null,"numPassingAsserts":1,"retryReasons":[],"status":"passed","title":"Delete plan - Edge Case"},{"ancestorTitles":["Super Admin Journey","5. Plan Deletion (Cascade)"],"duration":21,"failureDetails":[],"failureMessages":[],"fullName":"Super Admin Journey 5. Plan Deletion (Cascade) Verify plan deletion","invocations":1,"location":null,"numPassingAsserts":2,"retryReasons":[],"status":"passed","title":"Verify plan deletion"},{"ancestorTitles":["Super Admin Journey","6. Authorization & Security"],"duration":473,"failureDetails":[],"failureMessages":[],"fullName":"Super Admin Journey 6. Authorization & Security Non-admin cannot create plans - Edge Case","invocations":1,"location":null,"numPassingAsserts":1,"retryReasons":[],"status":"passed","title":"Non-admin cannot create plans - Edge Case"},{"ancestorTitles":["Super Admin Journey","6. Authorization & Security"],"duration":16,"failureDetails":[],"failureMessages":[],"fullName":"Super Admin Journey 6. Authorization & Security Invalid token - Edge Case","invocations":1,"location":null,"numPassingAsserts":1,"retryReasons":[],"status":"passed","title":"Invalid token - Edge Case"},{"ancestorTitles":["Super Admin Journey","6. Authorization & Security"],"duration":1,"failureDetails":[],"failureMessages":[],"fullName":"Super Admin Journey 6. Authorization & Security Expired token - Edge Case","invocations":1,"location":null,"numPassingAsserts":0,"retryReasons":[],"status":"passed","title":"Expired token - Edge Case"}],"endTime":1764969321674,"message":"","name":"C:\\Users\\r.kowdampalli\\OneDrive - Accenture\\Documents\\fuel-sync\\fuelsync-new\\backend\\tests\\integration\\admin-journey.test.js","startTime":1764969317221,"status":"passed","summary":""}],"wasInterrupted":false}
