{"numFailedTestSuites":2,"numFailedTests":51,"numPassedTestSuites":3,"numPassedTests":154,"numPendingTestSuites":0,"numPendingTests":32,"numRuntimeErrorTestSuites":0,"numTodoTests":0,"numTotalTestSuites":5,"numTotalTests":237,"openHandles":[],"snapshot":{"added":0,"didUpdate":false,"failure":false,"filesAdded":0,"filesRemoved":0,"filesRemovedList":[],"filesUnmatched":0,"filesUpdated":0,"matched":0,"total":0,"unchecked":0,"uncheckedKeysByFile":[],"unmatched":0,"updated":0},"startTime":1764795707192,"success":false,"testResults":[{"assertionResults":[{"ancestorTitles":["Manager Journey","1. Authentication"],"duration":590,"failureDetails":[],"failureMessages":[],"fullName":"Manager Journey 1. Authentication Manager login","invocations":1,"location":null,"numPassingAsserts":4,"retryReasons":[],"status":"passed","title":"Manager login"},{"ancestorTitles":["Manager Journey","1. Authentication"],"duration":424,"failureDetails":[],"failureMessages":[],"fullName":"Manager Journey 1. Authentication Invalid credentials","invocations":1,"location":null,"numPassingAsserts":1,"retryReasons":[],"status":"passed","title":"Invalid credentials"},{"ancestorTitles":["Manager Journey","1. Authentication"],"duration":22,"failureDetails":[],"failureMessages":[],"fullName":"Manager Journey 1. Authentication Get profile","invocations":1,"location":null,"numPassingAsserts":3,"retryReasons":[],"status":"passed","title":"Get profile"},{"ancestorTitles":["Manager Journey","2. Shift Management"],"duration":108,"failureDetails":[],"failureMessages":[],"fullName":"Manager Journey 2. Shift Management Start shift","invocations":1,"location":null,"numPassingAsserts":3,"retryReasons":[],"status":"passed","title":"Start shift"},{"ancestorTitles":["Manager Journey","2. Shift Management"],"duration":17,"failureDetails":[],"failureMessages":[],"fullName":"Manager Journey 2. Shift Management Get active shift","invocations":1,"location":null,"numPassingAsserts":3,"retryReasons":[],"status":"passed","title":"Get active shift"},{"ancestorTitles":["Manager Journey","2. Shift Management"],"duration":20,"failureDetails":[],"failureMessages":[],"fullName":"Manager Journey 2. Shift Management Start shift when one already active - Edge Case","invocations":1,"location":null,"numPassingAsserts":1,"retryReasons":[],"status":"passed","title":"Start shift when one already active - Edge Case"},{"ancestorTitles":["Manager Journey","2. Shift Management"],"duration":null,"failureDetails":[],"failureMessages":[],"fullName":"Manager Journey 2. Shift Management End shift","invocations":1,"location":null,"numPassingAsserts":0,"retryReasons":[],"status":"pending","title":"End shift"},{"ancestorTitles":["Manager Journey","2. Shift Management"],"duration":21,"failureDetails":[],"failureMessages":[],"fullName":"Manager Journey 2. Shift Management Get shift history","invocations":1,"location":null,"numPassingAsserts":3,"retryReasons":[],"status":"passed","title":"Get shift history"},{"ancestorTitles":["Manager Journey","2. Shift Management"],"duration":19,"failureDetails":[{"matcherResult":{"actual":400,"expected":200,"message":"\u001b[2mexpect(\u001b[22m\u001b[31mreceived\u001b[39m\u001b[2m).\u001b[22mtoBe\u001b[2m(\u001b[22m\u001b[32mexpected\u001b[39m\u001b[2m) // Object.is equality\u001b[22m\n\nExpected: \u001b[32m200\u001b[39m\nReceived: \u001b[31m400\u001b[39m","name":"toBe","pass":false}}],"failureMessages":["Error: \u001b[2mexpect(\u001b[22m\u001b[31mreceived\u001b[39m\u001b[2m).\u001b[22mtoBe\u001b[2m(\u001b[22m\u001b[32mexpected\u001b[39m\u001b[2m) // Object.is equality\u001b[22m\n\nExpected: \u001b[32m200\u001b[39m\nReceived: \u001b[31m400\u001b[39m\n    at Object.toBe (C:\\Users\\r.kowdampalli\\OneDrive - Accenture\\Documents\\fuel-sync\\fuelsync-new\\backend\\tests\\integration\\manager-journey.test.js:329:31)\n    at processTicksAndRejections (node:internal/process/task_queues:105:5)"],"fullName":"Manager Journey 2. Shift Management Get shift by ID","invocations":1,"location":null,"numPassingAsserts":0,"retryReasons":[],"status":"failed","title":"Get shift by ID"},{"ancestorTitles":["Manager Journey","3. Reading Entry & Management"],"duration":105,"failureDetails":[],"failureMessages":[],"fullName":"Manager Journey 3. Reading Entry & Management Record nozzle reading","invocations":1,"location":null,"numPassingAsserts":1,"retryReasons":[],"status":"passed","title":"Record nozzle reading"},{"ancestorTitles":["Manager Journey","3. Reading Entry & Management"],"duration":21,"failureDetails":[],"failureMessages":[],"fullName":"Manager Journey 3. Reading Entry & Management Get readings for today","invocations":1,"location":null,"numPassingAsserts":3,"retryReasons":[],"status":"passed","title":"Get readings for today"},{"ancestorTitles":["Manager Journey","3. Reading Entry & Management"],"duration":76,"failureDetails":[],"failureMessages":[],"fullName":"Manager Journey 3. Reading Entry & Management Update reading","invocations":1,"location":null,"numPassingAsserts":1,"retryReasons":[],"status":"passed","title":"Update reading"},{"ancestorTitles":["Manager Journey","3. Reading Entry & Management"],"duration":29,"failureDetails":[],"failureMessages":[],"fullName":"Manager Journey 3. Reading Entry & Management Record reading for inactive nozzle - Edge Case","invocations":1,"location":null,"numPassingAsserts":1,"retryReasons":[],"status":"passed","title":"Record reading for inactive nozzle - Edge Case"},{"ancestorTitles":["Manager Journey","3. Reading Entry & Management"],"duration":null,"failureDetails":[],"failureMessages":[],"fullName":"Manager Journey 3. Reading Entry & Management Bulk reading entry","invocations":1,"location":null,"numPassingAsserts":0,"retryReasons":[],"status":"pending","title":"Bulk reading entry"},{"ancestorTitles":["Manager Journey","4. Employee Supervision"],"duration":17,"failureDetails":[],"failureMessages":[],"fullName":"Manager Journey 4. Employee Supervision View employees list","invocations":1,"location":null,"numPassingAsserts":3,"retryReasons":[],"status":"passed","title":"View employees list"},{"ancestorTitles":["Manager Journey","4. Employee Supervision"],"duration":12,"failureDetails":[],"failureMessages":[],"fullName":"Manager Journey 4. Employee Supervision View employee details","invocations":1,"location":null,"numPassingAsserts":1,"retryReasons":[],"status":"passed","title":"View employee details"},{"ancestorTitles":["Manager Journey","4. Employee Supervision"],"duration":null,"failureDetails":[],"failureMessages":[],"fullName":"Manager Journey 4. Employee Supervision View employee activity","invocations":1,"location":null,"numPassingAsserts":0,"retryReasons":[],"status":"pending","title":"View employee activity"},{"ancestorTitles":["Manager Journey","4. Employee Supervision"],"duration":null,"failureDetails":[],"failureMessages":[],"fullName":"Manager Journey 4. Employee Supervision Assign employee to shift","invocations":1,"location":null,"numPassingAsserts":0,"retryReasons":[],"status":"pending","title":"Assign employee to shift"},{"ancestorTitles":["Manager Journey","4. Employee Supervision"],"duration":416,"failureDetails":[],"failureMessages":[],"fullName":"Manager Journey 4. Employee Supervision Manager can create employee","invocations":1,"location":null,"numPassingAsserts":1,"retryReasons":[],"status":"passed","title":"Manager can create employee"},{"ancestorTitles":["Manager Journey","4. Employee Supervision"],"duration":27,"failureDetails":[],"failureMessages":[],"fullName":"Manager Journey 4. Employee Supervision Manager can delete employee","invocations":1,"location":null,"numPassingAsserts":1,"retryReasons":[],"status":"passed","title":"Manager can delete employee"},{"ancestorTitles":["Manager Journey","5. Pump Operations"],"duration":40,"failureDetails":[],"failureMessages":[],"fullName":"Manager Journey 5. Pump Operations View pumps","invocations":1,"location":null,"numPassingAsserts":3,"retryReasons":[],"status":"passed","title":"View pumps"},{"ancestorTitles":["Manager Journey","5. Pump Operations"],"duration":null,"failureDetails":[],"failureMessages":[],"fullName":"Manager Journey 5. Pump Operations View pump details","invocations":1,"location":null,"numPassingAsserts":0,"retryReasons":[],"status":"pending","title":"View pump details"},{"ancestorTitles":["Manager Journey","5. Pump Operations"],"duration":19,"failureDetails":[],"failureMessages":[],"fullName":"Manager Journey 5. Pump Operations Update pump status to maintenance","invocations":1,"location":null,"numPassingAsserts":1,"retryReasons":[],"status":"passed","title":"Update pump status to maintenance"},{"ancestorTitles":["Manager Journey","5. Pump Operations"],"duration":15,"failureDetails":[],"failureMessages":[],"fullName":"Manager Journey 5. Pump Operations View nozzles for pump","invocations":1,"location":null,"numPassingAsserts":1,"retryReasons":[],"status":"passed","title":"View nozzles for pump"},{"ancestorTitles":["Manager Journey","5. Pump Operations"],"duration":14,"failureDetails":[],"failureMessages":[],"fullName":"Manager Journey 5. Pump Operations Manager cannot create pump - Edge Case","invocations":1,"location":null,"numPassingAsserts":1,"retryReasons":[],"status":"passed","title":"Manager cannot create pump - Edge Case"},{"ancestorTitles":["Manager Journey","5. Pump Operations"],"duration":null,"failureDetails":[],"failureMessages":[],"fullName":"Manager Journey 5. Pump Operations Manager cannot delete pump - Edge Case","invocations":1,"location":null,"numPassingAsserts":0,"retryReasons":[],"status":"pending","title":"Manager cannot delete pump - Edge Case"},{"ancestorTitles":["Manager Journey","6. Tank Monitoring"],"duration":24,"failureDetails":[],"failureMessages":[],"fullName":"Manager Journey 6. Tank Monitoring View tanks","invocations":1,"location":null,"numPassingAsserts":3,"retryReasons":[],"status":"passed","title":"View tanks"},{"ancestorTitles":["Manager Journey","6. Tank Monitoring"],"duration":null,"failureDetails":[],"failureMessages":[],"fullName":"Manager Journey 6. Tank Monitoring View tank refill history","invocations":1,"location":null,"numPassingAsserts":0,"retryReasons":[],"status":"pending","title":"View tank refill history"},{"ancestorTitles":["Manager Journey","6. Tank Monitoring"],"duration":null,"failureDetails":[],"failureMessages":[],"fullName":"Manager Journey 6. Tank Monitoring Check low tank levels","invocations":1,"location":null,"numPassingAsserts":0,"retryReasons":[],"status":"pending","title":"Check low tank levels"},{"ancestorTitles":["Manager Journey","6. Tank Monitoring"],"duration":null,"failureDetails":[],"failureMessages":[],"fullName":"Manager Journey 6. Tank Monitoring Manager cannot record tank refill - Edge Case","invocations":1,"location":null,"numPassingAsserts":0,"retryReasons":[],"status":"pending","title":"Manager cannot record tank refill - Edge Case"},{"ancestorTitles":["Manager Journey","7. Daily Reports"],"duration":null,"failureDetails":[],"failureMessages":[],"fullName":"Manager Journey 7. Daily Reports Get daily sales summary","invocations":1,"location":null,"numPassingAsserts":0,"retryReasons":[],"status":"pending","title":"Get daily sales summary"},{"ancestorTitles":["Manager Journey","7. Daily Reports"],"duration":null,"failureDetails":[],"failureMessages":[],"fullName":"Manager Journey 7. Daily Reports Get shift-wise report","invocations":1,"location":null,"numPassingAsserts":0,"retryReasons":[],"status":"pending","title":"Get shift-wise report"},{"ancestorTitles":["Manager Journey","7. Daily Reports"],"duration":null,"failureDetails":[],"failureMessages":[],"fullName":"Manager Journey 7. Daily Reports Get pump performance","invocations":1,"location":null,"numPassingAsserts":0,"retryReasons":[],"status":"pending","title":"Get pump performance"},{"ancestorTitles":["Manager Journey","7. Daily Reports"],"duration":null,"failureDetails":[],"failureMessages":[],"fullName":"Manager Journey 7. Daily Reports Get nozzle-wise sales","invocations":1,"location":null,"numPassingAsserts":0,"retryReasons":[],"status":"pending","title":"Get nozzle-wise sales"},{"ancestorTitles":["Manager Journey","7. Daily Reports"],"duration":null,"failureDetails":[],"failureMessages":[],"fullName":"Manager Journey 7. Daily Reports Export daily report","invocations":1,"location":null,"numPassingAsserts":0,"retryReasons":[],"status":"pending","title":"Export daily report"},{"ancestorTitles":["Manager Journey","8. Limited Analytics Access"],"duration":null,"failureDetails":[],"failureMessages":[],"fullName":"Manager Journey 8. Limited Analytics Access Get dashboard metrics","invocations":1,"location":null,"numPassingAsserts":0,"retryReasons":[],"status":"pending","title":"Get dashboard metrics"},{"ancestorTitles":["Manager Journey","8. Limited Analytics Access"],"duration":13,"failureDetails":[],"failureMessages":[],"fullName":"Manager Journey 8. Limited Analytics Access Manager cannot access profit/loss - Edge Case","invocations":1,"location":null,"numPassingAsserts":1,"retryReasons":[],"status":"passed","title":"Manager cannot access profit/loss - Edge Case"},{"ancestorTitles":["Manager Journey","8. Limited Analytics Access"],"duration":21,"failureDetails":[],"failureMessages":[],"fullName":"Manager Journey 8. Limited Analytics Access Manager can view expenses","invocations":1,"location":null,"numPassingAsserts":1,"retryReasons":[],"status":"passed","title":"Manager can view expenses"},{"ancestorTitles":["Manager Journey","8. Limited Analytics Access"],"duration":19,"failureDetails":[],"failureMessages":[],"fullName":"Manager Journey 8. Limited Analytics Access Manager can access creditors","invocations":1,"location":null,"numPassingAsserts":1,"retryReasons":[],"status":"passed","title":"Manager can access creditors"},{"ancestorTitles":["Manager Journey","9. Authorization Restrictions"],"duration":74,"failureDetails":[],"failureMessages":[],"fullName":"Manager Journey 9. Authorization Restrictions Manager cannot access other station - Edge Case","invocations":1,"location":null,"numPassingAsserts":1,"retryReasons":[],"status":"passed","title":"Manager cannot access other station - Edge Case"},{"ancestorTitles":["Manager Journey","9. Authorization Restrictions"],"duration":16,"failureDetails":[],"failureMessages":[],"fullName":"Manager Journey 9. Authorization Restrictions Manager cannot update station details - Edge Case","invocations":1,"location":null,"numPassingAsserts":1,"retryReasons":[],"status":"passed","title":"Manager cannot update station details - Edge Case"},{"ancestorTitles":["Manager Journey","9. Authorization Restrictions"],"duration":null,"failureDetails":[],"failureMessages":[],"fullName":"Manager Journey 9. Authorization Restrictions Manager cannot change plan - Edge Case","invocations":1,"location":null,"numPassingAsserts":0,"retryReasons":[],"status":"pending","title":"Manager cannot change plan - Edge Case"},{"ancestorTitles":["Manager Journey","Credit Controller Role Enforcement"],"duration":34,"failureDetails":[],"failureMessages":[],"fullName":"Manager Journey Credit Controller Role Enforcement Manager can create creditor","invocations":1,"location":null,"numPassingAsserts":1,"retryReasons":[],"status":"passed","title":"Manager can create creditor"},{"ancestorTitles":["Manager Journey","Credit Controller Role Enforcement"],"duration":14,"failureDetails":[{"matcherResult":{"message":"\u001b[2mexpect(\u001b[22m\u001b[31mreceived\u001b[39m\u001b[2m).\u001b[22mtoContain\u001b[2m(\u001b[22m\u001b[32mexpected\u001b[39m\u001b[2m) // indexOf\u001b[22m\n\nExpected value: \u001b[32m404\u001b[39m\nReceived array: \u001b[31m[200, 403]\u001b[39m","pass":false}}],"failureMessages":["Error: \u001b[2mexpect(\u001b[22m\u001b[31mreceived\u001b[39m\u001b[2m).\u001b[22mtoContain\u001b[2m(\u001b[22m\u001b[32mexpected\u001b[39m\u001b[2m) // indexOf\u001b[22m\n\nExpected value: \u001b[32m404\u001b[39m\nReceived array: \u001b[31m[200, 403]\u001b[39m\n    at Object.toContain (C:\\Users\\r.kowdampalli\\OneDrive - Accenture\\Documents\\fuel-sync\\fuelsync-new\\backend\\tests\\integration\\manager-journey.test.js:908:26)\n    at processTicksAndRejections (node:internal/process/task_queues:105:5)"],"fullName":"Manager Journey Credit Controller Role Enforcement Manager can update creditor","invocations":1,"location":null,"numPassingAsserts":0,"retryReasons":[],"status":"failed","title":"Manager can update creditor"},{"ancestorTitles":["Manager Journey","Credit Controller Role Enforcement"],"duration":18,"failureDetails":[{"matcherResult":{"message":"\u001b[2mexpect(\u001b[22m\u001b[31mreceived\u001b[39m\u001b[2m).\u001b[22mtoContain\u001b[2m(\u001b[22m\u001b[32mexpected\u001b[39m\u001b[2m) // indexOf\u001b[22m\n\nExpected value: \u001b[32m404\u001b[39m\nReceived array: \u001b[31m[201, 403]\u001b[39m","pass":false}}],"failureMessages":["Error: \u001b[2mexpect(\u001b[22m\u001b[31mreceived\u001b[39m\u001b[2m).\u001b[22mtoContain\u001b[2m(\u001b[22m\u001b[32mexpected\u001b[39m\u001b[2m) // indexOf\u001b[22m\n\nExpected value: \u001b[32m404\u001b[39m\nReceived array: \u001b[31m[201, 403]\u001b[39m\n    at Object.toContain (C:\\Users\\r.kowdampalli\\OneDrive - Accenture\\Documents\\fuel-sync\\fuelsync-new\\backend\\tests\\integration\\manager-journey.test.js:923:26)\n    at processTicksAndRejections (node:internal/process/task_queues:105:5)"],"fullName":"Manager Journey Credit Controller Role Enforcement Manager can record credit sale","invocations":1,"location":null,"numPassingAsserts":0,"retryReasons":[],"status":"failed","title":"Manager can record credit sale"},{"ancestorTitles":["Manager Journey","Credit Controller Role Enforcement"],"duration":13,"failureDetails":[{"matcherResult":{"message":"\u001b[2mexpect(\u001b[22m\u001b[31mreceived\u001b[39m\u001b[2m).\u001b[22mtoContain\u001b[2m(\u001b[22m\u001b[32mexpected\u001b[39m\u001b[2m) // indexOf\u001b[22m\n\nExpected value: \u001b[32m404\u001b[39m\nReceived array: \u001b[31m[200, 403]\u001b[39m","pass":false}}],"failureMessages":["Error: \u001b[2mexpect(\u001b[22m\u001b[31mreceived\u001b[39m\u001b[2m).\u001b[22mtoContain\u001b[2m(\u001b[22m\u001b[32mexpected\u001b[39m\u001b[2m) // indexOf\u001b[22m\n\nExpected value: \u001b[32m404\u001b[39m\nReceived array: \u001b[31m[200, 403]\u001b[39m\n    at Object.toContain (C:\\Users\\r.kowdampalli\\OneDrive - Accenture\\Documents\\fuel-sync\\fuelsync-new\\backend\\tests\\integration\\manager-journey.test.js:931:26)\n    at processTicksAndRejections (node:internal/process/task_queues:105:5)"],"fullName":"Manager Journey Credit Controller Role Enforcement Manager cannot flag creditor","invocations":1,"location":null,"numPassingAsserts":0,"retryReasons":[],"status":"failed","title":"Manager cannot flag creditor"},{"ancestorTitles":["Manager Journey","Credit Controller Role Enforcement"],"duration":13,"failureDetails":[{"matcherResult":{"message":"\u001b[2mexpect(\u001b[22m\u001b[31mreceived\u001b[39m\u001b[2m).\u001b[22mtoContain\u001b[2m(\u001b[22m\u001b[32mexpected\u001b[39m\u001b[2m) // indexOf\u001b[22m\n\nExpected value: \u001b[32m404\u001b[39m\nReceived array: \u001b[31m[200, 403]\u001b[39m","pass":false}}],"failureMessages":["Error: \u001b[2mexpect(\u001b[22m\u001b[31mreceived\u001b[39m\u001b[2m).\u001b[22mtoContain\u001b[2m(\u001b[22m\u001b[32mexpected\u001b[39m\u001b[2m) // indexOf\u001b[22m\n\nExpected value: \u001b[32m404\u001b[39m\nReceived array: \u001b[31m[200, 403]\u001b[39m\n    at Object.toContain (C:\\Users\\r.kowdampalli\\OneDrive - Accenture\\Documents\\fuel-sync\\fuelsync-new\\backend\\tests\\integration\\manager-journey.test.js:938:26)\n    at processTicksAndRejections (node:internal/process/task_queues:105:5)"],"fullName":"Manager Journey Credit Controller Role Enforcement Manager cannot unflag creditor","invocations":1,"location":null,"numPassingAsserts":0,"retryReasons":[],"status":"failed","title":"Manager cannot unflag creditor"},{"ancestorTitles":["Manager Journey","Credit Controller Role Enforcement"],"duration":17,"failureDetails":[{"matcherResult":{"message":"\u001b[2mexpect(\u001b[22m\u001b[31mreceived\u001b[39m\u001b[2m).\u001b[22mtoContain\u001b[2m(\u001b[22m\u001b[32mexpected\u001b[39m\u001b[2m) // indexOf\u001b[22m\n\nExpected value: \u001b[32m404\u001b[39m\nReceived array: \u001b[31m[201, 403]\u001b[39m","pass":false}}],"failureMessages":["Error: \u001b[2mexpect(\u001b[22m\u001b[31mreceived\u001b[39m\u001b[2m).\u001b[22mtoContain\u001b[2m(\u001b[22m\u001b[32mexpected\u001b[39m\u001b[2m) // indexOf\u001b[22m\n\nExpected value: \u001b[32m404\u001b[39m\nReceived array: \u001b[31m[201, 403]\u001b[39m\n    at Object.toContain (C:\\Users\\r.kowdampalli\\OneDrive - Accenture\\Documents\\fuel-sync\\fuelsync-new\\backend\\tests\\integration\\manager-journey.test.js:946:26)\n    at processTicksAndRejections (node:internal/process/task_queues:105:5)"],"fullName":"Manager Journey Credit Controller Role Enforcement Manager cannot record settlement","invocations":1,"location":null,"numPassingAsserts":0,"retryReasons":[],"status":"failed","title":"Manager cannot record settlement"}],"endTime":1764795715103,"message":"\u001b[1m\u001b[31m  \u001b[1m● \u001b[22m\u001b[1mManager Journey › 2. Shift Management › Get shift by ID\u001b[39m\u001b[22m\n\n    \u001b[2mexpect(\u001b[22m\u001b[31mreceived\u001b[39m\u001b[2m).\u001b[22mtoBe\u001b[2m(\u001b[22m\u001b[32mexpected\u001b[39m\u001b[2m) // Object.is equality\u001b[22m\n\n    Expected: \u001b[32m200\u001b[39m\n    Received: \u001b[31m400\u001b[39m\n\u001b[2m\u001b[22m\n\u001b[2m    \u001b[0m \u001b[90m 327 |\u001b[39m       }\u001b[22m\n\u001b[2m     \u001b[90m 328 |\u001b[39m\u001b[22m\n\u001b[2m    \u001b[31m\u001b[1m>\u001b[22m\u001b[2m\u001b[39m\u001b[90m 329 |\u001b[39m       expect(response\u001b[33m.\u001b[39mstatus)\u001b[33m.\u001b[39mtoBe(\u001b[35m200\u001b[39m)\u001b[33m;\u001b[39m\u001b[22m\n\u001b[2m     \u001b[90m     |\u001b[39m                               \u001b[31m\u001b[1m^\u001b[22m\u001b[2m\u001b[39m\u001b[22m\n\u001b[2m     \u001b[90m 330 |\u001b[39m       testReport\u001b[33m.\u001b[39mpassed\u001b[33m++\u001b[39m\u001b[33m;\u001b[39m\u001b[22m\n\u001b[2m     \u001b[90m 331 |\u001b[39m     })\u001b[33m;\u001b[39m\u001b[22m\n\u001b[2m     \u001b[90m 332 |\u001b[39m   })\u001b[33m;\u001b[39m\u001b[0m\u001b[22m\n\u001b[2m\u001b[22m\n\u001b[2m      \u001b[2mat Object.toBe (\u001b[22m\u001b[2m\u001b[0m\u001b[36mtests/integration/manager-journey.test.js\u001b[39m\u001b[0m\u001b[2m:329:31)\u001b[22m\u001b[2m\u001b[22m\n\n\u001b[1m\u001b[31m  \u001b[1m● \u001b[22m\u001b[1mManager Journey › Credit Controller Role Enforcement › Manager can update creditor\u001b[39m\u001b[22m\n\n    \u001b[2mexpect(\u001b[22m\u001b[31mreceived\u001b[39m\u001b[2m).\u001b[22mtoContain\u001b[2m(\u001b[22m\u001b[32mexpected\u001b[39m\u001b[2m) // indexOf\u001b[22m\n\n    Expected value: \u001b[32m404\u001b[39m\n    Received array: \u001b[31m[200, 403]\u001b[39m\n\u001b[2m\u001b[22m\n\u001b[2m    \u001b[0m \u001b[90m 906 |\u001b[39m         \u001b[33m.\u001b[39m\u001b[36mset\u001b[39m(\u001b[32m'Authorization'\u001b[39m\u001b[33m,\u001b[39m \u001b[32m`Bearer ${managerToken}`\u001b[39m)\u001b[22m\n\u001b[2m     \u001b[90m 907 |\u001b[39m         \u001b[33m.\u001b[39msend({ creditLimit\u001b[33m:\u001b[39m \u001b[35m25000\u001b[39m })\u001b[33m;\u001b[39m\u001b[22m\n\u001b[2m    \u001b[31m\u001b[1m>\u001b[22m\u001b[2m\u001b[39m\u001b[90m 908 |\u001b[39m       expect([\u001b[35m200\u001b[39m\u001b[33m,\u001b[39m \u001b[35m403\u001b[39m])\u001b[33m.\u001b[39mtoContain(response\u001b[33m.\u001b[39mstatus)\u001b[33m;\u001b[39m \u001b[90m// 200 if permitted, 403 if not\u001b[39m\u001b[22m\n\u001b[2m     \u001b[90m     |\u001b[39m                          \u001b[31m\u001b[1m^\u001b[22m\u001b[2m\u001b[39m\u001b[22m\n\u001b[2m     \u001b[90m 909 |\u001b[39m     })\u001b[33m;\u001b[39m\u001b[22m\n\u001b[2m     \u001b[90m 910 |\u001b[39m\u001b[22m\n\u001b[2m     \u001b[90m 911 |\u001b[39m     test(\u001b[32m'Manager can record credit sale'\u001b[39m\u001b[33m,\u001b[39m \u001b[36masync\u001b[39m () \u001b[33m=>\u001b[39m {\u001b[0m\u001b[22m\n\u001b[2m\u001b[22m\n\u001b[2m      \u001b[2mat Object.toContain (\u001b[22m\u001b[2m\u001b[0m\u001b[36mtests/integration/manager-journey.test.js\u001b[39m\u001b[0m\u001b[2m:908:26)\u001b[22m\u001b[2m\u001b[22m\n\n\u001b[1m\u001b[31m  \u001b[1m● \u001b[22m\u001b[1mManager Journey › Credit Controller Role Enforcement › Manager can record credit sale\u001b[39m\u001b[22m\n\n    \u001b[2mexpect(\u001b[22m\u001b[31mreceived\u001b[39m\u001b[2m).\u001b[22mtoContain\u001b[2m(\u001b[22m\u001b[32mexpected\u001b[39m\u001b[2m) // indexOf\u001b[22m\n\n    Expected value: \u001b[32m404\u001b[39m\n    Received array: \u001b[31m[201, 403]\u001b[39m\n\u001b[2m\u001b[22m\n\u001b[2m    \u001b[0m \u001b[90m 921 |\u001b[39m           amount\u001b[33m:\u001b[39m \u001b[35m5000\u001b[39m\u001b[22m\n\u001b[2m     \u001b[90m 922 |\u001b[39m         })\u001b[33m;\u001b[39m\u001b[22m\n\u001b[2m    \u001b[31m\u001b[1m>\u001b[22m\u001b[2m\u001b[39m\u001b[90m 923 |\u001b[39m       expect([\u001b[35m201\u001b[39m\u001b[33m,\u001b[39m \u001b[35m403\u001b[39m])\u001b[33m.\u001b[39mtoContain(response\u001b[33m.\u001b[39mstatus)\u001b[33m;\u001b[39m \u001b[90m// 201 if permitted, 403 if not\u001b[39m\u001b[22m\n\u001b[2m     \u001b[90m     |\u001b[39m                          \u001b[31m\u001b[1m^\u001b[22m\u001b[2m\u001b[39m\u001b[22m\n\u001b[2m     \u001b[90m 924 |\u001b[39m     })\u001b[33m;\u001b[39m\u001b[22m\n\u001b[2m     \u001b[90m 925 |\u001b[39m\u001b[22m\n\u001b[2m     \u001b[90m 926 |\u001b[39m     test(\u001b[32m'Manager cannot flag creditor'\u001b[39m\u001b[33m,\u001b[39m \u001b[36masync\u001b[39m () \u001b[33m=>\u001b[39m {\u001b[0m\u001b[22m\n\u001b[2m\u001b[22m\n\u001b[2m      \u001b[2mat Object.toContain (\u001b[22m\u001b[2m\u001b[0m\u001b[36mtests/integration/manager-journey.test.js\u001b[39m\u001b[0m\u001b[2m:923:26)\u001b[22m\u001b[2m\u001b[22m\n\n\u001b[1m\u001b[31m  \u001b[1m● \u001b[22m\u001b[1mManager Journey › Credit Controller Role Enforcement › Manager cannot flag creditor\u001b[39m\u001b[22m\n\n    \u001b[2mexpect(\u001b[22m\u001b[31mreceived\u001b[39m\u001b[2m).\u001b[22mtoContain\u001b[2m(\u001b[22m\u001b[32mexpected\u001b[39m\u001b[2m) // indexOf\u001b[22m\n\n    Expected value: \u001b[32m404\u001b[39m\n    Received array: \u001b[31m[200, 403]\u001b[39m\n\u001b[2m\u001b[22m\n\u001b[2m    \u001b[0m \u001b[90m 929 |\u001b[39m         \u001b[33m.\u001b[39m\u001b[36mset\u001b[39m(\u001b[32m'Authorization'\u001b[39m\u001b[33m,\u001b[39m \u001b[32m`Bearer ${managerToken}`\u001b[39m)\u001b[22m\n\u001b[2m     \u001b[90m 930 |\u001b[39m         \u001b[33m.\u001b[39msend({ reason\u001b[33m:\u001b[39m \u001b[32m'Test flag'\u001b[39m })\u001b[33m;\u001b[39m\u001b[22m\n\u001b[2m    \u001b[31m\u001b[1m>\u001b[22m\u001b[2m\u001b[39m\u001b[90m 931 |\u001b[39m       expect([\u001b[35m200\u001b[39m\u001b[33m,\u001b[39m \u001b[35m403\u001b[39m])\u001b[33m.\u001b[39mtoContain(response\u001b[33m.\u001b[39mstatus)\u001b[33m;\u001b[39m \u001b[90m// 403 if not permitted\u001b[39m\u001b[22m\n\u001b[2m     \u001b[90m     |\u001b[39m                          \u001b[31m\u001b[1m^\u001b[22m\u001b[2m\u001b[39m\u001b[22m\n\u001b[2m     \u001b[90m 932 |\u001b[39m     })\u001b[33m;\u001b[39m\u001b[22m\n\u001b[2m     \u001b[90m 933 |\u001b[39m\u001b[22m\n\u001b[2m     \u001b[90m 934 |\u001b[39m     test(\u001b[32m'Manager cannot unflag creditor'\u001b[39m\u001b[33m,\u001b[39m \u001b[36masync\u001b[39m () \u001b[33m=>\u001b[39m {\u001b[0m\u001b[22m\n\u001b[2m\u001b[22m\n\u001b[2m      \u001b[2mat Object.toContain (\u001b[22m\u001b[2m\u001b[0m\u001b[36mtests/integration/manager-journey.test.js\u001b[39m\u001b[0m\u001b[2m:931:26)\u001b[22m\u001b[2m\u001b[22m\n\n\u001b[1m\u001b[31m  \u001b[1m● \u001b[22m\u001b[1mManager Journey › Credit Controller Role Enforcement › Manager cannot unflag creditor\u001b[39m\u001b[22m\n\n    \u001b[2mexpect(\u001b[22m\u001b[31mreceived\u001b[39m\u001b[2m).\u001b[22mtoContain\u001b[2m(\u001b[22m\u001b[32mexpected\u001b[39m\u001b[2m) // indexOf\u001b[22m\n\n    Expected value: \u001b[32m404\u001b[39m\n    Received array: \u001b[31m[200, 403]\u001b[39m\n\u001b[2m\u001b[22m\n\u001b[2m    \u001b[0m \u001b[90m 936 |\u001b[39m         \u001b[33m.\u001b[39mpost(\u001b[32m`/api/v1/creditors/${createdCreditorId}/unflag`\u001b[39m)\u001b[22m\n\u001b[2m     \u001b[90m 937 |\u001b[39m         \u001b[33m.\u001b[39m\u001b[36mset\u001b[39m(\u001b[32m'Authorization'\u001b[39m\u001b[33m,\u001b[39m \u001b[32m`Bearer ${managerToken}`\u001b[39m)\u001b[33m;\u001b[39m\u001b[22m\n\u001b[2m    \u001b[31m\u001b[1m>\u001b[22m\u001b[2m\u001b[39m\u001b[90m 938 |\u001b[39m       expect([\u001b[35m200\u001b[39m\u001b[33m,\u001b[39m \u001b[35m403\u001b[39m])\u001b[33m.\u001b[39mtoContain(response\u001b[33m.\u001b[39mstatus)\u001b[33m;\u001b[39m \u001b[90m// 403 if not permitted\u001b[39m\u001b[22m\n\u001b[2m     \u001b[90m     |\u001b[39m                          \u001b[31m\u001b[1m^\u001b[22m\u001b[2m\u001b[39m\u001b[22m\n\u001b[2m     \u001b[90m 939 |\u001b[39m     })\u001b[33m;\u001b[39m\u001b[22m\n\u001b[2m     \u001b[90m 940 |\u001b[39m\u001b[22m\n\u001b[2m     \u001b[90m 941 |\u001b[39m     test(\u001b[32m'Manager cannot record settlement'\u001b[39m\u001b[33m,\u001b[39m \u001b[36masync\u001b[39m () \u001b[33m=>\u001b[39m {\u001b[0m\u001b[22m\n\u001b[2m\u001b[22m\n\u001b[2m      \u001b[2mat Object.toContain (\u001b[22m\u001b[2m\u001b[0m\u001b[36mtests/integration/manager-journey.test.js\u001b[39m\u001b[0m\u001b[2m:938:26)\u001b[22m\u001b[2m\u001b[22m\n\n\u001b[1m\u001b[31m  \u001b[1m● \u001b[22m\u001b[1mManager Journey › Credit Controller Role Enforcement › Manager cannot record settlement\u001b[39m\u001b[22m\n\n    \u001b[2mexpect(\u001b[22m\u001b[31mreceived\u001b[39m\u001b[2m).\u001b[22mtoContain\u001b[2m(\u001b[22m\u001b[32mexpected\u001b[39m\u001b[2m) // indexOf\u001b[22m\n\n    Expected value: \u001b[32m404\u001b[39m\n    Received array: \u001b[31m[201, 403]\u001b[39m\n\u001b[2m\u001b[22m\n\u001b[2m    \u001b[0m \u001b[90m 944 |\u001b[39m         \u001b[33m.\u001b[39m\u001b[36mset\u001b[39m(\u001b[32m'Authorization'\u001b[39m\u001b[33m,\u001b[39m \u001b[32m`Bearer ${managerToken}`\u001b[39m)\u001b[22m\n\u001b[2m     \u001b[90m 945 |\u001b[39m         \u001b[33m.\u001b[39msend({ amount\u001b[33m:\u001b[39m \u001b[35m1000\u001b[39m })\u001b[33m;\u001b[39m\u001b[22m\n\u001b[2m    \u001b[31m\u001b[1m>\u001b[22m\u001b[2m\u001b[39m\u001b[90m 946 |\u001b[39m       expect([\u001b[35m201\u001b[39m\u001b[33m,\u001b[39m \u001b[35m403\u001b[39m])\u001b[33m.\u001b[39mtoContain(response\u001b[33m.\u001b[39mstatus)\u001b[33m;\u001b[39m \u001b[90m// 403 if not permitted\u001b[39m\u001b[22m\n\u001b[2m     \u001b[90m     |\u001b[39m                          \u001b[31m\u001b[1m^\u001b[22m\u001b[2m\u001b[39m\u001b[22m\n\u001b[2m     \u001b[90m 947 |\u001b[39m     })\u001b[33m;\u001b[39m\u001b[22m\n\u001b[2m     \u001b[90m 948 |\u001b[39m   })\u001b[33m;\u001b[39m\u001b[22m\n\u001b[2m     \u001b[90m 949 |\u001b[39m })\u001b[33m;\u001b[39m\u001b[0m\u001b[22m\n\u001b[2m\u001b[22m\n\u001b[2m      \u001b[2mat Object.toContain (\u001b[22m\u001b[2m\u001b[0m\u001b[36mtests/integration/manager-journey.test.js\u001b[39m\u001b[0m\u001b[2m:946:26)\u001b[22m\u001b[2m\u001b[22m\n","name":"C:\\Users\\r.kowdampalli\\OneDrive - Accenture\\Documents\\fuel-sync\\fuelsync-new\\backend\\tests\\integration\\manager-journey.test.js","startTime":1764795707314,"status":"failed","summary":""},{"assertionResults":[{"ancestorTitles":["Employee Journey","1. Authentication"],"duration":381,"failureDetails":[{"matcherResult":{"expected":"0cf7a2ca-4655-4281-ac23-8e97522b3e58","message":"\u001b[2mexpect(\u001b[22m\u001b[31mreceived\u001b[39m\u001b[2m).\u001b[22mtoBe\u001b[2m(\u001b[22m\u001b[32mexpected\u001b[39m\u001b[2m) // Object.is equality\u001b[22m\n\nExpected: \u001b[32m\"0cf7a2ca-4655-4281-ac23-8e97522b3e58\"\u001b[39m\nReceived: \u001b[31mundefined\u001b[39m","name":"toBe","pass":false}}],"failureMessages":["Error: \u001b[2mexpect(\u001b[22m\u001b[31mreceived\u001b[39m\u001b[2m).\u001b[22mtoBe\u001b[2m(\u001b[22m\u001b[32mexpected\u001b[39m\u001b[2m) // Object.is equality\u001b[22m\n\nExpected: \u001b[32m\"0cf7a2ca-4655-4281-ac23-8e97522b3e58\"\u001b[39m\nReceived: \u001b[31mundefined\u001b[39m\n    at Object.toBe (C:\\Users\\r.kowdampalli\\OneDrive - Accenture\\Documents\\fuel-sync\\fuelsync-new\\backend\\tests\\integration\\employee-journey.test.js:164:44)\n    at processTicksAndRejections (node:internal/process/task_queues:105:5)"],"fullName":"Employee Journey 1. Authentication Employee login","invocations":1,"location":null,"numPassingAsserts":2,"retryReasons":[],"status":"failed","title":"Employee login"},{"ancestorTitles":["Employee Journey","1. Authentication"],"duration":350,"failureDetails":[],"failureMessages":[],"fullName":"Employee Journey 1. Authentication Invalid credentials","invocations":1,"location":null,"numPassingAsserts":1,"retryReasons":[],"status":"passed","title":"Invalid credentials"},{"ancestorTitles":["Employee Journey","1. Authentication"],"duration":4,"failureDetails":[{"matcherResult":{"actual":401,"expected":200,"message":"\u001b[2mexpect(\u001b[22m\u001b[31mreceived\u001b[39m\u001b[2m).\u001b[22mtoBe\u001b[2m(\u001b[22m\u001b[32mexpected\u001b[39m\u001b[2m) // Object.is equality\u001b[22m\n\nExpected: \u001b[32m200\u001b[39m\nReceived: \u001b[31m401\u001b[39m","name":"toBe","pass":false}}],"failureMessages":["Error: \u001b[2mexpect(\u001b[22m\u001b[31mreceived\u001b[39m\u001b[2m).\u001b[22mtoBe\u001b[2m(\u001b[22m\u001b[32mexpected\u001b[39m\u001b[2m) // Object.is equality\u001b[22m\n\nExpected: \u001b[32m200\u001b[39m\nReceived: \u001b[31m401\u001b[39m\n    at Object.toBe (C:\\Users\\r.kowdampalli\\OneDrive - Accenture\\Documents\\fuel-sync\\fuelsync-new\\backend\\tests\\integration\\employee-journey.test.js:194:31)\n    at processTicksAndRejections (node:internal/process/task_queues:105:5)"],"fullName":"Employee Journey 1. Authentication Get profile","invocations":1,"location":null,"numPassingAsserts":0,"retryReasons":[],"status":"failed","title":"Get profile"},{"ancestorTitles":["Employee Journey","1. Authentication"],"duration":4,"failureDetails":[{"matcherResult":{"actual":401,"expected":200,"message":"\u001b[2mexpect(\u001b[22m\u001b[31mreceived\u001b[39m\u001b[2m).\u001b[22mtoBe\u001b[2m(\u001b[22m\u001b[32mexpected\u001b[39m\u001b[2m) // Object.is equality\u001b[22m\n\nExpected: \u001b[32m200\u001b[39m\nReceived: \u001b[31m401\u001b[39m","name":"toBe","pass":false}}],"failureMessages":["Error: \u001b[2mexpect(\u001b[22m\u001b[31mreceived\u001b[39m\u001b[2m).\u001b[22mtoBe\u001b[2m(\u001b[22m\u001b[32mexpected\u001b[39m\u001b[2m) // Object.is equality\u001b[22m\n\nExpected: \u001b[32m200\u001b[39m\nReceived: \u001b[31m401\u001b[39m\n    at Object.toBe (C:\\Users\\r.kowdampalli\\OneDrive - Accenture\\Documents\\fuel-sync\\fuelsync-new\\backend\\tests\\integration\\employee-journey.test.js:212:31)\n    at processTicksAndRejections (node:internal/process/task_queues:105:5)"],"fullName":"Employee Journey 1. Authentication Update own profile","invocations":1,"location":null,"numPassingAsserts":0,"retryReasons":[],"status":"failed","title":"Update own profile"},{"ancestorTitles":["Employee Journey","1. Authentication"],"duration":7,"failureDetails":[{"matcherResult":{"actual":401,"expected":200,"message":"\u001b[2mexpect(\u001b[22m\u001b[31mreceived\u001b[39m\u001b[2m).\u001b[22mtoBe\u001b[2m(\u001b[22m\u001b[32mexpected\u001b[39m\u001b[2m) // Object.is equality\u001b[22m\n\nExpected: \u001b[32m200\u001b[39m\nReceived: \u001b[31m401\u001b[39m","name":"toBe","pass":false}}],"failureMessages":["Error: \u001b[2mexpect(\u001b[22m\u001b[31mreceived\u001b[39m\u001b[2m).\u001b[22mtoBe\u001b[2m(\u001b[22m\u001b[32mexpected\u001b[39m\u001b[2m) // Object.is equality\u001b[22m\n\nExpected: \u001b[32m200\u001b[39m\nReceived: \u001b[31m401\u001b[39m\n    at Object.toBe (C:\\Users\\r.kowdampalli\\OneDrive - Accenture\\Documents\\fuel-sync\\fuelsync-new\\backend\\tests\\integration\\employee-journey.test.js:229:31)\n    at processTicksAndRejections (node:internal/process/task_queues:105:5)"],"fullName":"Employee Journey 1. Authentication Change password","invocations":1,"location":null,"numPassingAsserts":0,"retryReasons":[],"status":"failed","title":"Change password"},{"ancestorTitles":["Employee Journey","2. Reading Entry"],"duration":4,"failureDetails":[{"matcherResult":{"actual":401,"expected":201,"message":"\u001b[2mexpect(\u001b[22m\u001b[31mreceived\u001b[39m\u001b[2m).\u001b[22mtoBe\u001b[2m(\u001b[22m\u001b[32mexpected\u001b[39m\u001b[2m) // Object.is equality\u001b[22m\n\nExpected: \u001b[32m201\u001b[39m\nReceived: \u001b[31m401\u001b[39m","name":"toBe","pass":false}}],"failureMessages":["Error: \u001b[2mexpect(\u001b[22m\u001b[31mreceived\u001b[39m\u001b[2m).\u001b[22mtoBe\u001b[2m(\u001b[22m\u001b[32mexpected\u001b[39m\u001b[2m) // Object.is equality\u001b[22m\n\nExpected: \u001b[32m201\u001b[39m\nReceived: \u001b[31m401\u001b[39m\n    at Object.toBe (C:\\Users\\r.kowdampalli\\OneDrive - Accenture\\Documents\\fuel-sync\\fuelsync-new\\backend\\tests\\integration\\employee-journey.test.js:267:31)\n    at processTicksAndRejections (node:internal/process/task_queues:105:5)"],"fullName":"Employee Journey 2. Reading Entry Record nozzle reading","invocations":1,"location":null,"numPassingAsserts":0,"retryReasons":[],"status":"failed","title":"Record nozzle reading"},{"ancestorTitles":["Employee Journey","2. Reading Entry"],"duration":4,"failureDetails":[{"matcherResult":{"actual":404,"expected":200,"message":"\u001b[2mexpect(\u001b[22m\u001b[31mreceived\u001b[39m\u001b[2m).\u001b[22mtoBe\u001b[2m(\u001b[22m\u001b[32mexpected\u001b[39m\u001b[2m) // Object.is equality\u001b[22m\n\nExpected: \u001b[32m200\u001b[39m\nReceived: \u001b[31m404\u001b[39m","name":"toBe","pass":false}}],"failureMessages":["Error: \u001b[2mexpect(\u001b[22m\u001b[31mreceived\u001b[39m\u001b[2m).\u001b[22mtoBe\u001b[2m(\u001b[22m\u001b[32mexpected\u001b[39m\u001b[2m) // Object.is equality\u001b[22m\n\nExpected: \u001b[32m200\u001b[39m\nReceived: \u001b[31m404\u001b[39m\n    at Object.toBe (C:\\Users\\r.kowdampalli\\OneDrive - Accenture\\Documents\\fuel-sync\\fuelsync-new\\backend\\tests\\integration\\employee-journey.test.js:281:31)\n    at processTicksAndRejections (node:internal/process/task_queues:105:5)"],"fullName":"Employee Journey 2. Reading Entry View own readings","invocations":1,"location":null,"numPassingAsserts":0,"retryReasons":[],"status":"failed","title":"View own readings"},{"ancestorTitles":["Employee Journey","2. Reading Entry"],"duration":8,"failureDetails":[{}],"failureMessages":["TypeError: Cannot read properties of undefined (reading 'length')\n    at Object.length (C:\\Users\\r.kowdampalli\\OneDrive - Accenture\\Documents\\fuel-sync\\fuelsync-new\\backend\\tests\\integration\\employee-journey.test.js:295:34)\n    at processTicksAndRejections (node:internal/process/task_queues:105:5)"],"fullName":"Employee Journey 2. Reading Entry Update own reading","invocations":1,"location":null,"numPassingAsserts":0,"retryReasons":[],"status":"failed","title":"Update own reading"},{"ancestorTitles":["Employee Journey","2. Reading Entry"],"duration":4,"failureDetails":[{"matcherResult":{"actual":401,"expected":400,"message":"\u001b[2mexpect(\u001b[22m\u001b[31mreceived\u001b[39m\u001b[2m).\u001b[22mtoBe\u001b[2m(\u001b[22m\u001b[32mexpected\u001b[39m\u001b[2m) // Object.is equality\u001b[22m\n\nExpected: \u001b[32m400\u001b[39m\nReceived: \u001b[31m401\u001b[39m","name":"toBe","pass":false}}],"failureMessages":["Error: \u001b[2mexpect(\u001b[22m\u001b[31mreceived\u001b[39m\u001b[2m).\u001b[22mtoBe\u001b[2m(\u001b[22m\u001b[32mexpected\u001b[39m\u001b[2m) // Object.is equality\u001b[22m\n\nExpected: \u001b[32m400\u001b[39m\nReceived: \u001b[31m401\u001b[39m\n    at Object.toBe (C:\\Users\\r.kowdampalli\\OneDrive - Accenture\\Documents\\fuel-sync\\fuelsync-new\\backend\\tests\\integration\\employee-journey.test.js:327:31)\n    at processTicksAndRejections (node:internal/process/task_queues:105:5)"],"fullName":"Employee Journey 2. Reading Entry Record reading with invalid calculation - Edge Case","invocations":1,"location":null,"numPassingAsserts":0,"retryReasons":[],"status":"failed","title":"Record reading with invalid calculation - Edge Case"},{"ancestorTitles":["Employee Journey","2. Reading Entry"],"duration":5,"failureDetails":[{"matcherResult":{"actual":401,"expected":201,"message":"\u001b[2mexpect(\u001b[22m\u001b[31mreceived\u001b[39m\u001b[2m).\u001b[22mtoBe\u001b[2m(\u001b[22m\u001b[32mexpected\u001b[39m\u001b[2m) // Object.is equality\u001b[22m\n\nExpected: \u001b[32m201\u001b[39m\nReceived: \u001b[31m401\u001b[39m","name":"toBe","pass":false}}],"failureMessages":["Error: \u001b[2mexpect(\u001b[22m\u001b[31mreceived\u001b[39m\u001b[2m).\u001b[22mtoBe\u001b[2m(\u001b[22m\u001b[32mexpected\u001b[39m\u001b[2m) // Object.is equality\u001b[22m\n\nExpected: \u001b[32m201\u001b[39m\nReceived: \u001b[31m401\u001b[39m\n    at Object.toBe (C:\\Users\\r.kowdampalli\\OneDrive - Accenture\\Documents\\fuel-sync\\fuelsync-new\\backend\\tests\\integration\\employee-journey.test.js:352:31)\n    at processTicksAndRejections (node:internal/process/task_queues:105:5)"],"fullName":"Employee Journey 2. Reading Entry Record backdated reading within limit","invocations":1,"location":null,"numPassingAsserts":0,"retryReasons":[],"status":"failed","title":"Record backdated reading within limit"},{"ancestorTitles":["Employee Journey","2. Reading Entry"],"duration":8,"failureDetails":[{"matcherResult":{"actual":401,"expected":403,"message":"\u001b[2mexpect(\u001b[22m\u001b[31mreceived\u001b[39m\u001b[2m).\u001b[22mtoBe\u001b[2m(\u001b[22m\u001b[32mexpected\u001b[39m\u001b[2m) // Object.is equality\u001b[22m\n\nExpected: \u001b[32m403\u001b[39m\nReceived: \u001b[31m401\u001b[39m","name":"toBe","pass":false}}],"failureMessages":["Error: \u001b[2mexpect(\u001b[22m\u001b[31mreceived\u001b[39m\u001b[2m).\u001b[22mtoBe\u001b[2m(\u001b[22m\u001b[32mexpected\u001b[39m\u001b[2m) // Object.is equality\u001b[22m\n\nExpected: \u001b[32m403\u001b[39m\nReceived: \u001b[31m401\u001b[39m\n    at Object.toBe (C:\\Users\\r.kowdampalli\\OneDrive - Accenture\\Documents\\fuel-sync\\fuelsync-new\\backend\\tests\\integration\\employee-journey.test.js:374:31)\n    at processTicksAndRejections (node:internal/process/task_queues:105:5)"],"fullName":"Employee Journey 2. Reading Entry Record backdated reading beyond limit - Edge Case","invocations":1,"location":null,"numPassingAsserts":0,"retryReasons":[],"status":"failed","title":"Record backdated reading beyond limit - Edge Case"},{"ancestorTitles":["Employee Journey","2. Reading Entry"],"duration":6,"failureDetails":[{}],"failureMessages":["TypeError: Cannot read properties of undefined (reading 'id')\n    at Object.id (C:\\Users\\r.kowdampalli\\OneDrive - Accenture\\Documents\\fuel-sync\\fuelsync-new\\backend\\tests\\integration\\employee-journey.test.js:398:58)\n    at processTicksAndRejections (node:internal/process/task_queues:105:5)"],"fullName":"Employee Journey 2. Reading Entry Delete own reading within time limit","invocations":1,"location":null,"numPassingAsserts":0,"retryReasons":[],"status":"failed","title":"Delete own reading within time limit"},{"ancestorTitles":["Employee Journey","3. Limited Station Access"],"duration":4,"failureDetails":[{"matcherResult":{"actual":404,"expected":200,"message":"\u001b[2mexpect(\u001b[22m\u001b[31mreceived\u001b[39m\u001b[2m).\u001b[22mtoBe\u001b[2m(\u001b[22m\u001b[32mexpected\u001b[39m\u001b[2m) // Object.is equality\u001b[22m\n\nExpected: \u001b[32m200\u001b[39m\nReceived: \u001b[31m404\u001b[39m","name":"toBe","pass":false}}],"failureMessages":["Error: \u001b[2mexpect(\u001b[22m\u001b[31mreceived\u001b[39m\u001b[2m).\u001b[22mtoBe\u001b[2m(\u001b[22m\u001b[32mexpected\u001b[39m\u001b[2m) // Object.is equality\u001b[22m\n\nExpected: \u001b[32m200\u001b[39m\nReceived: \u001b[31m404\u001b[39m\n    at Object.toBe (C:\\Users\\r.kowdampalli\\OneDrive - Accenture\\Documents\\fuel-sync\\fuelsync-new\\backend\\tests\\integration\\employee-journey.test.js:416:31)\n    at processTicksAndRejections (node:internal/process/task_queues:105:5)"],"fullName":"Employee Journey 3. Limited Station Access View station basic info","invocations":1,"location":null,"numPassingAsserts":0,"retryReasons":[],"status":"failed","title":"View station basic info"},{"ancestorTitles":["Employee Journey","3. Limited Station Access"],"duration":6,"failureDetails":[{"matcherResult":{"actual":404,"expected":200,"message":"\u001b[2mexpect(\u001b[22m\u001b[31mreceived\u001b[39m\u001b[2m).\u001b[22mtoBe\u001b[2m(\u001b[22m\u001b[32mexpected\u001b[39m\u001b[2m) // Object.is equality\u001b[22m\n\nExpected: \u001b[32m200\u001b[39m\nReceived: \u001b[31m404\u001b[39m","name":"toBe","pass":false}}],"failureMessages":["Error: \u001b[2mexpect(\u001b[22m\u001b[31mreceived\u001b[39m\u001b[2m).\u001b[22mtoBe\u001b[2m(\u001b[22m\u001b[32mexpected\u001b[39m\u001b[2m) // Object.is equality\u001b[22m\n\nExpected: \u001b[32m200\u001b[39m\nReceived: \u001b[31m404\u001b[39m\n    at Object.toBe (C:\\Users\\r.kowdampalli\\OneDrive - Accenture\\Documents\\fuel-sync\\fuelsync-new\\backend\\tests\\integration\\employee-journey.test.js:429:31)\n    at processTicksAndRejections (node:internal/process/task_queues:105:5)"],"fullName":"Employee Journey 3. Limited Station Access View pumps","invocations":1,"location":null,"numPassingAsserts":0,"retryReasons":[],"status":"failed","title":"View pumps"},{"ancestorTitles":["Employee Journey","3. Limited Station Access"],"duration":8,"failureDetails":[{"matcherResult":{"actual":404,"expected":200,"message":"\u001b[2mexpect(\u001b[22m\u001b[31mreceived\u001b[39m\u001b[2m).\u001b[22mtoBe\u001b[2m(\u001b[22m\u001b[32mexpected\u001b[39m\u001b[2m) // Object.is equality\u001b[22m\n\nExpected: \u001b[32m200\u001b[39m\nReceived: \u001b[31m404\u001b[39m","name":"toBe","pass":false}}],"failureMessages":["Error: \u001b[2mexpect(\u001b[22m\u001b[31mreceived\u001b[39m\u001b[2m).\u001b[22mtoBe\u001b[2m(\u001b[22m\u001b[32mexpected\u001b[39m\u001b[2m) // Object.is equality\u001b[22m\n\nExpected: \u001b[32m200\u001b[39m\nReceived: \u001b[31m404\u001b[39m\n    at Object.toBe (C:\\Users\\r.kowdampalli\\OneDrive - Accenture\\Documents\\fuel-sync\\fuelsync-new\\backend\\tests\\integration\\employee-journey.test.js:443:31)\n    at processTicksAndRejections (node:internal/process/task_queues:105:5)"],"fullName":"Employee Journey 3. Limited Station Access View nozzles","invocations":1,"location":null,"numPassingAsserts":0,"retryReasons":[],"status":"failed","title":"View nozzles"},{"ancestorTitles":["Employee Journey","3. Limited Station Access"],"duration":7,"failureDetails":[{"matcherResult":{"actual":404,"expected":200,"message":"\u001b[2mexpect(\u001b[22m\u001b[31mreceived\u001b[39m\u001b[2m).\u001b[22mtoBe\u001b[2m(\u001b[22m\u001b[32mexpected\u001b[39m\u001b[2m) // Object.is equality\u001b[22m\n\nExpected: \u001b[32m200\u001b[39m\nReceived: \u001b[31m404\u001b[39m","name":"toBe","pass":false}}],"failureMessages":["Error: \u001b[2mexpect(\u001b[22m\u001b[31mreceived\u001b[39m\u001b[2m).\u001b[22mtoBe\u001b[2m(\u001b[22m\u001b[32mexpected\u001b[39m\u001b[2m) // Object.is equality\u001b[22m\n\nExpected: \u001b[32m200\u001b[39m\nReceived: \u001b[31m404\u001b[39m\n    at Object.toBe (C:\\Users\\r.kowdampalli\\OneDrive - Accenture\\Documents\\fuel-sync\\fuelsync-new\\backend\\tests\\integration\\employee-journey.test.js:457:31)\n    at processTicksAndRejections (node:internal/process/task_queues:105:5)"],"fullName":"Employee Journey 3. Limited Station Access View fuel prices","invocations":1,"location":null,"numPassingAsserts":0,"retryReasons":[],"status":"failed","title":"View fuel prices"},{"ancestorTitles":["Employee Journey","3. Limited Station Access"],"duration":5,"failureDetails":[{"matcherResult":{"actual":404,"expected":200,"message":"\u001b[2mexpect(\u001b[22m\u001b[31mreceived\u001b[39m\u001b[2m).\u001b[22mtoBe\u001b[2m(\u001b[22m\u001b[32mexpected\u001b[39m\u001b[2m) // Object.is equality\u001b[22m\n\nExpected: \u001b[32m200\u001b[39m\nReceived: \u001b[31m404\u001b[39m","name":"toBe","pass":false}}],"failureMessages":["Error: \u001b[2mexpect(\u001b[22m\u001b[31mreceived\u001b[39m\u001b[2m).\u001b[22mtoBe\u001b[2m(\u001b[22m\u001b[32mexpected\u001b[39m\u001b[2m) // Object.is equality\u001b[22m\n\nExpected: \u001b[32m200\u001b[39m\nReceived: \u001b[31m404\u001b[39m\n    at Object.toBe (C:\\Users\\r.kowdampalli\\OneDrive - Accenture\\Documents\\fuel-sync\\fuelsync-new\\backend\\tests\\integration\\employee-journey.test.js:470:31)\n    at processTicksAndRejections (node:internal/process/task_queues:105:5)"],"fullName":"Employee Journey 3. Limited Station Access View active shift","invocations":1,"location":null,"numPassingAsserts":0,"retryReasons":[],"status":"failed","title":"View active shift"},{"ancestorTitles":["Employee Journey","4. Authorization Restrictions"],"duration":7,"failureDetails":[{"matcherResult":{"actual":401,"expected":403,"message":"\u001b[2mexpect(\u001b[22m\u001b[31mreceived\u001b[39m\u001b[2m).\u001b[22mtoBe\u001b[2m(\u001b[22m\u001b[32mexpected\u001b[39m\u001b[2m) // Object.is equality\u001b[22m\n\nExpected: \u001b[32m403\u001b[39m\nReceived: \u001b[31m401\u001b[39m","name":"toBe","pass":false}}],"failureMessages":["Error: \u001b[2mexpect(\u001b[22m\u001b[31mreceived\u001b[39m\u001b[2m).\u001b[22mtoBe\u001b[2m(\u001b[22m\u001b[32mexpected\u001b[39m\u001b[2m) // Object.is equality\u001b[22m\n\nExpected: \u001b[32m403\u001b[39m\nReceived: \u001b[31m401\u001b[39m\n    at Object.toBe (C:\\Users\\r.kowdampalli\\OneDrive - Accenture\\Documents\\fuel-sync\\fuelsync-new\\backend\\tests\\integration\\employee-journey.test.js:490:31)\n    at processTicksAndRejections (node:internal/process/task_queues:105:5)"],"fullName":"Employee Journey 4. Authorization Restrictions Cannot create pump - Edge Case","invocations":1,"location":null,"numPassingAsserts":0,"retryReasons":[],"status":"failed","title":"Cannot create pump - Edge Case"},{"ancestorTitles":["Employee Journey","4. Authorization Restrictions"],"duration":5,"failureDetails":[{"matcherResult":{"actual":401,"expected":403,"message":"\u001b[2mexpect(\u001b[22m\u001b[31mreceived\u001b[39m\u001b[2m).\u001b[22mtoBe\u001b[2m(\u001b[22m\u001b[32mexpected\u001b[39m\u001b[2m) // Object.is equality\u001b[22m\n\nExpected: \u001b[32m403\u001b[39m\nReceived: \u001b[31m401\u001b[39m","name":"toBe","pass":false}}],"failureMessages":["Error: \u001b[2mexpect(\u001b[22m\u001b[31mreceived\u001b[39m\u001b[2m).\u001b[22mtoBe\u001b[2m(\u001b[22m\u001b[32mexpected\u001b[39m\u001b[2m) // Object.is equality\u001b[22m\n\nExpected: \u001b[32m403\u001b[39m\nReceived: \u001b[31m401\u001b[39m\n    at Object.toBe (C:\\Users\\r.kowdampalli\\OneDrive - Accenture\\Documents\\fuel-sync\\fuelsync-new\\backend\\tests\\integration\\employee-journey.test.js:509:31)\n    at processTicksAndRejections (node:internal/process/task_queues:105:5)"],"fullName":"Employee Journey 4. Authorization Restrictions Cannot create nozzle - Edge Case","invocations":1,"location":null,"numPassingAsserts":0,"retryReasons":[],"status":"failed","title":"Cannot create nozzle - Edge Case"},{"ancestorTitles":["Employee Journey","4. Authorization Restrictions"],"duration":7,"failureDetails":[{"matcherResult":{"actual":404,"expected":403,"message":"\u001b[2mexpect(\u001b[22m\u001b[31mreceived\u001b[39m\u001b[2m).\u001b[22mtoBe\u001b[2m(\u001b[22m\u001b[32mexpected\u001b[39m\u001b[2m) // Object.is equality\u001b[22m\n\nExpected: \u001b[32m403\u001b[39m\nReceived: \u001b[31m404\u001b[39m","name":"toBe","pass":false}}],"failureMessages":["Error: \u001b[2mexpect(\u001b[22m\u001b[31mreceived\u001b[39m\u001b[2m).\u001b[22mtoBe\u001b[2m(\u001b[22m\u001b[32mexpected\u001b[39m\u001b[2m) // Object.is equality\u001b[22m\n\nExpected: \u001b[32m403\u001b[39m\nReceived: \u001b[31m404\u001b[39m\n    at Object.toBe (C:\\Users\\r.kowdampalli\\OneDrive - Accenture\\Documents\\fuel-sync\\fuelsync-new\\backend\\tests\\integration\\employee-journey.test.js:524:31)\n    at processTicksAndRejections (node:internal/process/task_queues:105:5)"],"fullName":"Employee Journey 4. Authorization Restrictions Cannot update pump - Edge Case","invocations":1,"location":null,"numPassingAsserts":0,"retryReasons":[],"status":"failed","title":"Cannot update pump - Edge Case"},{"ancestorTitles":["Employee Journey","4. Authorization Restrictions"],"duration":6,"failureDetails":[{"matcherResult":{"actual":404,"expected":403,"message":"\u001b[2mexpect(\u001b[22m\u001b[31mreceived\u001b[39m\u001b[2m).\u001b[22mtoBe\u001b[2m(\u001b[22m\u001b[32mexpected\u001b[39m\u001b[2m) // Object.is equality\u001b[22m\n\nExpected: \u001b[32m403\u001b[39m\nReceived: \u001b[31m404\u001b[39m","name":"toBe","pass":false}}],"failureMessages":["Error: \u001b[2mexpect(\u001b[22m\u001b[31mreceived\u001b[39m\u001b[2m).\u001b[22mtoBe\u001b[2m(\u001b[22m\u001b[32mexpected\u001b[39m\u001b[2m) // Object.is equality\u001b[22m\n\nExpected: \u001b[32m403\u001b[39m\nReceived: \u001b[31m404\u001b[39m\n    at Object.toBe (C:\\Users\\r.kowdampalli\\OneDrive - Accenture\\Documents\\fuel-sync\\fuelsync-new\\backend\\tests\\integration\\employee-journey.test.js:539:31)\n    at processTicksAndRejections (node:internal/process/task_queues:105:5)"],"fullName":"Employee Journey 4. Authorization Restrictions Cannot update nozzle - Edge Case","invocations":1,"location":null,"numPassingAsserts":0,"retryReasons":[],"status":"failed","title":"Cannot update nozzle - Edge Case"},{"ancestorTitles":["Employee Journey","4. Authorization Restrictions"],"duration":5,"failureDetails":[{"matcherResult":{"actual":404,"expected":403,"message":"\u001b[2mexpect(\u001b[22m\u001b[31mreceived\u001b[39m\u001b[2m).\u001b[22mtoBe\u001b[2m(\u001b[22m\u001b[32mexpected\u001b[39m\u001b[2m) // Object.is equality\u001b[22m\n\nExpected: \u001b[32m403\u001b[39m\nReceived: \u001b[31m404\u001b[39m","name":"toBe","pass":false}}],"failureMessages":["Error: \u001b[2mexpect(\u001b[22m\u001b[31mreceived\u001b[39m\u001b[2m).\u001b[22mtoBe\u001b[2m(\u001b[22m\u001b[32mexpected\u001b[39m\u001b[2m) // Object.is equality\u001b[22m\n\nExpected: \u001b[32m403\u001b[39m\nReceived: \u001b[31m404\u001b[39m\n    at Object.toBe (C:\\Users\\r.kowdampalli\\OneDrive - Accenture\\Documents\\fuel-sync\\fuelsync-new\\backend\\tests\\integration\\employee-journey.test.js:551:31)\n    at processTicksAndRejections (node:internal/process/task_queues:105:5)"],"fullName":"Employee Journey 4. Authorization Restrictions Cannot delete pump - Edge Case","invocations":1,"location":null,"numPassingAsserts":0,"retryReasons":[],"status":"failed","title":"Cannot delete pump - Edge Case"},{"ancestorTitles":["Employee Journey","4. Authorization Restrictions"],"duration":6,"failureDetails":[{"matcherResult":{"actual":401,"expected":403,"message":"\u001b[2mexpect(\u001b[22m\u001b[31mreceived\u001b[39m\u001b[2m).\u001b[22mtoBe\u001b[2m(\u001b[22m\u001b[32mexpected\u001b[39m\u001b[2m) // Object.is equality\u001b[22m\n\nExpected: \u001b[32m403\u001b[39m\nReceived: \u001b[31m401\u001b[39m","name":"toBe","pass":false}}],"failureMessages":["Error: \u001b[2mexpect(\u001b[22m\u001b[31mreceived\u001b[39m\u001b[2m).\u001b[22mtoBe\u001b[2m(\u001b[22m\u001b[32mexpected\u001b[39m\u001b[2m) // Object.is equality\u001b[22m\n\nExpected: \u001b[32m403\u001b[39m\nReceived: \u001b[31m401\u001b[39m\n    at Object.toBe (C:\\Users\\r.kowdampalli\\OneDrive - Accenture\\Documents\\fuel-sync\\fuelsync-new\\backend\\tests\\integration\\employee-journey.test.js:569:31)\n    at processTicksAndRejections (node:internal/process/task_queues:105:5)"],"fullName":"Employee Journey 4. Authorization Restrictions Cannot set fuel prices - Edge Case","invocations":1,"location":null,"numPassingAsserts":0,"retryReasons":[],"status":"failed","title":"Cannot set fuel prices - Edge Case"},{"ancestorTitles":["Employee Journey","4. Authorization Restrictions"],"duration":5,"failureDetails":[{"matcherResult":{"actual":401,"expected":403,"message":"\u001b[2mexpect(\u001b[22m\u001b[31mreceived\u001b[39m\u001b[2m).\u001b[22mtoBe\u001b[2m(\u001b[22m\u001b[32mexpected\u001b[39m\u001b[2m) // Object.is equality\u001b[22m\n\nExpected: \u001b[32m403\u001b[39m\nReceived: \u001b[31m401\u001b[39m","name":"toBe","pass":false}}],"failureMessages":["Error: \u001b[2mexpect(\u001b[22m\u001b[31mreceived\u001b[39m\u001b[2m).\u001b[22mtoBe\u001b[2m(\u001b[22m\u001b[32mexpected\u001b[39m\u001b[2m) // Object.is equality\u001b[22m\n\nExpected: \u001b[32m403\u001b[39m\nReceived: \u001b[31m401\u001b[39m\n    at Object.toBe (C:\\Users\\r.kowdampalli\\OneDrive - Accenture\\Documents\\fuel-sync\\fuelsync-new\\backend\\tests\\integration\\employee-journey.test.js:587:31)\n    at processTicksAndRejections (node:internal/process/task_queues:105:5)"],"fullName":"Employee Journey 4. Authorization Restrictions Cannot create shift - Edge Case","invocations":1,"location":null,"numPassingAsserts":0,"retryReasons":[],"status":"failed","title":"Cannot create shift - Edge Case"},{"ancestorTitles":["Employee Journey","4. Authorization Restrictions"],"duration":7,"failureDetails":[{"matcherResult":{"actual":404,"expected":403,"message":"\u001b[2mexpect(\u001b[22m\u001b[31mreceived\u001b[39m\u001b[2m).\u001b[22mtoBe\u001b[2m(\u001b[22m\u001b[32mexpected\u001b[39m\u001b[2m) // Object.is equality\u001b[22m\n\nExpected: \u001b[32m403\u001b[39m\nReceived: \u001b[31m404\u001b[39m","name":"toBe","pass":false}}],"failureMessages":["Error: \u001b[2mexpect(\u001b[22m\u001b[31mreceived\u001b[39m\u001b[2m).\u001b[22mtoBe\u001b[2m(\u001b[22m\u001b[32mexpected\u001b[39m\u001b[2m) // Object.is equality\u001b[22m\n\nExpected: \u001b[32m403\u001b[39m\nReceived: \u001b[31m404\u001b[39m\n    at Object.toBe (C:\\Users\\r.kowdampalli\\OneDrive - Accenture\\Documents\\fuel-sync\\fuelsync-new\\backend\\tests\\integration\\employee-journey.test.js:603:31)\n    at processTicksAndRejections (node:internal/process/task_queues:105:5)"],"fullName":"Employee Journey 4. Authorization Restrictions Cannot end shift - Edge Case","invocations":1,"location":null,"numPassingAsserts":0,"retryReasons":[],"status":"failed","title":"Cannot end shift - Edge Case"},{"ancestorTitles":["Employee Journey","4. Authorization Restrictions"],"duration":5,"failureDetails":[{"matcherResult":{"actual":401,"expected":403,"message":"\u001b[2mexpect(\u001b[22m\u001b[31mreceived\u001b[39m\u001b[2m).\u001b[22mtoBe\u001b[2m(\u001b[22m\u001b[32mexpected\u001b[39m\u001b[2m) // Object.is equality\u001b[22m\n\nExpected: \u001b[32m403\u001b[39m\nReceived: \u001b[31m401\u001b[39m","name":"toBe","pass":false}}],"failureMessages":["Error: \u001b[2mexpect(\u001b[22m\u001b[31mreceived\u001b[39m\u001b[2m).\u001b[22mtoBe\u001b[2m(\u001b[22m\u001b[32mexpected\u001b[39m\u001b[2m) // Object.is equality\u001b[22m\n\nExpected: \u001b[32m403\u001b[39m\nReceived: \u001b[31m401\u001b[39m\n    at Object.toBe (C:\\Users\\r.kowdampalli\\OneDrive - Accenture\\Documents\\fuel-sync\\fuelsync-new\\backend\\tests\\integration\\employee-journey.test.js:615:31)\n    at processTicksAndRejections (node:internal/process/task_queues:105:5)"],"fullName":"Employee Journey 4. Authorization Restrictions Cannot view employees - Edge Case","invocations":1,"location":null,"numPassingAsserts":0,"retryReasons":[],"status":"failed","title":"Cannot view employees - Edge Case"},{"ancestorTitles":["Employee Journey","4. Authorization Restrictions"],"duration":7,"failureDetails":[{"matcherResult":{"actual":401,"expected":403,"message":"\u001b[2mexpect(\u001b[22m\u001b[31mreceived\u001b[39m\u001b[2m).\u001b[22mtoBe\u001b[2m(\u001b[22m\u001b[32mexpected\u001b[39m\u001b[2m) // Object.is equality\u001b[22m\n\nExpected: \u001b[32m403\u001b[39m\nReceived: \u001b[31m401\u001b[39m","name":"toBe","pass":false}}],"failureMessages":["Error: \u001b[2mexpect(\u001b[22m\u001b[31mreceived\u001b[39m\u001b[2m).\u001b[22mtoBe\u001b[2m(\u001b[22m\u001b[32mexpected\u001b[39m\u001b[2m) // Object.is equality\u001b[22m\n\nExpected: \u001b[32m403\u001b[39m\nReceived: \u001b[31m401\u001b[39m\n    at Object.toBe (C:\\Users\\r.kowdampalli\\OneDrive - Accenture\\Documents\\fuel-sync\\fuelsync-new\\backend\\tests\\integration\\employee-journey.test.js:634:31)\n    at processTicksAndRejections (node:internal/process/task_queues:105:5)"],"fullName":"Employee Journey 4. Authorization Restrictions Cannot create employee - Edge Case","invocations":1,"location":null,"numPassingAsserts":0,"retryReasons":[],"status":"failed","title":"Cannot create employee - Edge Case"},{"ancestorTitles":["Employee Journey","4. Authorization Restrictions"],"duration":7,"failureDetails":[{"matcherResult":{"actual":404,"expected":403,"message":"\u001b[2mexpect(\u001b[22m\u001b[31mreceived\u001b[39m\u001b[2m).\u001b[22mtoBe\u001b[2m(\u001b[22m\u001b[32mexpected\u001b[39m\u001b[2m) // Object.is equality\u001b[22m\n\nExpected: \u001b[32m403\u001b[39m\nReceived: \u001b[31m404\u001b[39m","name":"toBe","pass":false}}],"failureMessages":["Error: \u001b[2mexpect(\u001b[22m\u001b[31mreceived\u001b[39m\u001b[2m).\u001b[22mtoBe\u001b[2m(\u001b[22m\u001b[32mexpected\u001b[39m\u001b[2m) // Object.is equality\u001b[22m\n\nExpected: \u001b[32m403\u001b[39m\nReceived: \u001b[31m404\u001b[39m\n    at Object.toBe (C:\\Users\\r.kowdampalli\\OneDrive - Accenture\\Documents\\fuel-sync\\fuelsync-new\\backend\\tests\\integration\\employee-journey.test.js:646:31)\n    at processTicksAndRejections (node:internal/process/task_queues:105:5)"],"fullName":"Employee Journey 4. Authorization Restrictions Cannot view tanks - Edge Case","invocations":1,"location":null,"numPassingAsserts":0,"retryReasons":[],"status":"failed","title":"Cannot view tanks - Edge Case"},{"ancestorTitles":["Employee Journey","4. Authorization Restrictions"],"duration":6,"failureDetails":[{"matcherResult":{"actual":401,"expected":403,"message":"\u001b[2mexpect(\u001b[22m\u001b[31mreceived\u001b[39m\u001b[2m).\u001b[22mtoBe\u001b[2m(\u001b[22m\u001b[32mexpected\u001b[39m\u001b[2m) // Object.is equality\u001b[22m\n\nExpected: \u001b[32m403\u001b[39m\nReceived: \u001b[31m401\u001b[39m","name":"toBe","pass":false}}],"failureMessages":["Error: \u001b[2mexpect(\u001b[22m\u001b[31mreceived\u001b[39m\u001b[2m).\u001b[22mtoBe\u001b[2m(\u001b[22m\u001b[32mexpected\u001b[39m\u001b[2m) // Object.is equality\u001b[22m\n\nExpected: \u001b[32m403\u001b[39m\nReceived: \u001b[31m401\u001b[39m\n    at Object.toBe (C:\\Users\\r.kowdampalli\\OneDrive - Accenture\\Documents\\fuel-sync\\fuelsync-new\\backend\\tests\\integration\\employee-journey.test.js:663:31)\n    at processTicksAndRejections (node:internal/process/task_queues:105:5)"],"fullName":"Employee Journey 4. Authorization Restrictions Cannot record tank refill - Edge Case","invocations":1,"location":null,"numPassingAsserts":0,"retryReasons":[],"status":"failed","title":"Cannot record tank refill - Edge Case"},{"ancestorTitles":["Employee Journey","4. Authorization Restrictions"],"duration":7,"failureDetails":[{"matcherResult":{"actual":404,"expected":403,"message":"\u001b[2mexpect(\u001b[22m\u001b[31mreceived\u001b[39m\u001b[2m).\u001b[22mtoBe\u001b[2m(\u001b[22m\u001b[32mexpected\u001b[39m\u001b[2m) // Object.is equality\u001b[22m\n\nExpected: \u001b[32m403\u001b[39m\nReceived: \u001b[31m404\u001b[39m","name":"toBe","pass":false}}],"failureMessages":["Error: \u001b[2mexpect(\u001b[22m\u001b[31mreceived\u001b[39m\u001b[2m).\u001b[22mtoBe\u001b[2m(\u001b[22m\u001b[32mexpected\u001b[39m\u001b[2m) // Object.is equality\u001b[22m\n\nExpected: \u001b[32m403\u001b[39m\nReceived: \u001b[31m404\u001b[39m\n    at Object.toBe (C:\\Users\\r.kowdampalli\\OneDrive - Accenture\\Documents\\fuel-sync\\fuelsync-new\\backend\\tests\\integration\\employee-journey.test.js:675:31)\n    at processTicksAndRejections (node:internal/process/task_queues:105:5)"],"fullName":"Employee Journey 4. Authorization Restrictions Cannot view creditors - Edge Case","invocations":1,"location":null,"numPassingAsserts":0,"retryReasons":[],"status":"failed","title":"Cannot view creditors - Edge Case"},{"ancestorTitles":["Employee Journey","4. Authorization Restrictions"],"duration":5,"failureDetails":[{"matcherResult":{"actual":401,"expected":403,"message":"\u001b[2mexpect(\u001b[22m\u001b[31mreceived\u001b[39m\u001b[2m).\u001b[22mtoBe\u001b[2m(\u001b[22m\u001b[32mexpected\u001b[39m\u001b[2m) // Object.is equality\u001b[22m\n\nExpected: \u001b[32m403\u001b[39m\nReceived: \u001b[31m401\u001b[39m","name":"toBe","pass":false}}],"failureMessages":["Error: \u001b[2mexpect(\u001b[22m\u001b[31mreceived\u001b[39m\u001b[2m).\u001b[22mtoBe\u001b[2m(\u001b[22m\u001b[32mexpected\u001b[39m\u001b[2m) // Object.is equality\u001b[22m\n\nExpected: \u001b[32m403\u001b[39m\nReceived: \u001b[31m401\u001b[39m\n    at Object.toBe (C:\\Users\\r.kowdampalli\\OneDrive - Accenture\\Documents\\fuel-sync\\fuelsync-new\\backend\\tests\\integration\\employee-journey.test.js:692:31)\n    at processTicksAndRejections (node:internal/process/task_queues:105:5)"],"fullName":"Employee Journey 4. Authorization Restrictions Cannot record credit transaction - Edge Case","invocations":1,"location":null,"numPassingAsserts":0,"retryReasons":[],"status":"failed","title":"Cannot record credit transaction - Edge Case"},{"ancestorTitles":["Employee Journey","4. Authorization Restrictions"],"duration":7,"failureDetails":[{"matcherResult":{"actual":404,"expected":403,"message":"\u001b[2mexpect(\u001b[22m\u001b[31mreceived\u001b[39m\u001b[2m).\u001b[22mtoBe\u001b[2m(\u001b[22m\u001b[32mexpected\u001b[39m\u001b[2m) // Object.is equality\u001b[22m\n\nExpected: \u001b[32m403\u001b[39m\nReceived: \u001b[31m404\u001b[39m","name":"toBe","pass":false}}],"failureMessages":["Error: \u001b[2mexpect(\u001b[22m\u001b[31mreceived\u001b[39m\u001b[2m).\u001b[22mtoBe\u001b[2m(\u001b[22m\u001b[32mexpected\u001b[39m\u001b[2m) // Object.is equality\u001b[22m\n\nExpected: \u001b[32m403\u001b[39m\nReceived: \u001b[31m404\u001b[39m\n    at Object.toBe (C:\\Users\\r.kowdampalli\\OneDrive - Accenture\\Documents\\fuel-sync\\fuelsync-new\\backend\\tests\\integration\\employee-journey.test.js:704:31)\n    at processTicksAndRejections (node:internal/process/task_queues:105:5)"],"fullName":"Employee Journey 4. Authorization Restrictions Cannot view expenses - Edge Case","invocations":1,"location":null,"numPassingAsserts":0,"retryReasons":[],"status":"failed","title":"Cannot view expenses - Edge Case"},{"ancestorTitles":["Employee Journey","4. Authorization Restrictions"],"duration":8,"failureDetails":[{"matcherResult":{"actual":401,"expected":403,"message":"\u001b[2mexpect(\u001b[22m\u001b[31mreceived\u001b[39m\u001b[2m).\u001b[22mtoBe\u001b[2m(\u001b[22m\u001b[32mexpected\u001b[39m\u001b[2m) // Object.is equality\u001b[22m\n\nExpected: \u001b[32m403\u001b[39m\nReceived: \u001b[31m401\u001b[39m","name":"toBe","pass":false}}],"failureMessages":["Error: \u001b[2mexpect(\u001b[22m\u001b[31mreceived\u001b[39m\u001b[2m).\u001b[22mtoBe\u001b[2m(\u001b[22m\u001b[32mexpected\u001b[39m\u001b[2m) // Object.is equality\u001b[22m\n\nExpected: \u001b[32m403\u001b[39m\nReceived: \u001b[31m401\u001b[39m\n    at Object.toBe (C:\\Users\\r.kowdampalli\\OneDrive - Accenture\\Documents\\fuel-sync\\fuelsync-new\\backend\\tests\\integration\\employee-journey.test.js:722:31)\n    at processTicksAndRejections (node:internal/process/task_queues:105:5)"],"fullName":"Employee Journey 4. Authorization Restrictions Cannot record expense - Edge Case","invocations":1,"location":null,"numPassingAsserts":0,"retryReasons":[],"status":"failed","title":"Cannot record expense - Edge Case"},{"ancestorTitles":["Employee Journey","4. Authorization Restrictions"],"duration":7,"failureDetails":[{"matcherResult":{"actual":404,"expected":403,"message":"\u001b[2mexpect(\u001b[22m\u001b[31mreceived\u001b[39m\u001b[2m).\u001b[22mtoBe\u001b[2m(\u001b[22m\u001b[32mexpected\u001b[39m\u001b[2m) // Object.is equality\u001b[22m\n\nExpected: \u001b[32m403\u001b[39m\nReceived: \u001b[31m404\u001b[39m","name":"toBe","pass":false}}],"failureMessages":["Error: \u001b[2mexpect(\u001b[22m\u001b[31mreceived\u001b[39m\u001b[2m).\u001b[22mtoBe\u001b[2m(\u001b[22m\u001b[32mexpected\u001b[39m\u001b[2m) // Object.is equality\u001b[22m\n\nExpected: \u001b[32m403\u001b[39m\nReceived: \u001b[31m404\u001b[39m\n    at Object.toBe (C:\\Users\\r.kowdampalli\\OneDrive - Accenture\\Documents\\fuel-sync\\fuelsync-new\\backend\\tests\\integration\\employee-journey.test.js:734:31)\n    at processTicksAndRejections (node:internal/process/task_queues:105:5)"],"fullName":"Employee Journey 4. Authorization Restrictions Cannot access reports - Edge Case","invocations":1,"location":null,"numPassingAsserts":0,"retryReasons":[],"status":"failed","title":"Cannot access reports - Edge Case"},{"ancestorTitles":["Employee Journey","4. Authorization Restrictions"],"duration":5,"failureDetails":[{"matcherResult":{"actual":404,"expected":403,"message":"\u001b[2mexpect(\u001b[22m\u001b[31mreceived\u001b[39m\u001b[2m).\u001b[22mtoBe\u001b[2m(\u001b[22m\u001b[32mexpected\u001b[39m\u001b[2m) // Object.is equality\u001b[22m\n\nExpected: \u001b[32m403\u001b[39m\nReceived: \u001b[31m404\u001b[39m","name":"toBe","pass":false}}],"failureMessages":["Error: \u001b[2mexpect(\u001b[22m\u001b[31mreceived\u001b[39m\u001b[2m).\u001b[22mtoBe\u001b[2m(\u001b[22m\u001b[32mexpected\u001b[39m\u001b[2m) // Object.is equality\u001b[22m\n\nExpected: \u001b[32m403\u001b[39m\nReceived: \u001b[31m404\u001b[39m\n    at Object.toBe (C:\\Users\\r.kowdampalli\\OneDrive - Accenture\\Documents\\fuel-sync\\fuelsync-new\\backend\\tests\\integration\\employee-journey.test.js:746:31)\n    at processTicksAndRejections (node:internal/process/task_queues:105:5)"],"fullName":"Employee Journey 4. Authorization Restrictions Cannot access profit/loss - Edge Case","invocations":1,"location":null,"numPassingAsserts":0,"retryReasons":[],"status":"failed","title":"Cannot access profit/loss - Edge Case"},{"ancestorTitles":["Employee Journey","4. Authorization Restrictions"],"duration":8,"failureDetails":[{"matcherResult":{"actual":404,"expected":403,"message":"\u001b[2mexpect(\u001b[22m\u001b[31mreceived\u001b[39m\u001b[2m).\u001b[22mtoBe\u001b[2m(\u001b[22m\u001b[32mexpected\u001b[39m\u001b[2m) // Object.is equality\u001b[22m\n\nExpected: \u001b[32m403\u001b[39m\nReceived: \u001b[31m404\u001b[39m","name":"toBe","pass":false}}],"failureMessages":["Error: \u001b[2mexpect(\u001b[22m\u001b[31mreceived\u001b[39m\u001b[2m).\u001b[22mtoBe\u001b[2m(\u001b[22m\u001b[32mexpected\u001b[39m\u001b[2m) // Object.is equality\u001b[22m\n\nExpected: \u001b[32m403\u001b[39m\nReceived: \u001b[31m404\u001b[39m\n    at Object.toBe (C:\\Users\\r.kowdampalli\\OneDrive - Accenture\\Documents\\fuel-sync\\fuelsync-new\\backend\\tests\\integration\\employee-journey.test.js:758:31)\n    at processTicksAndRejections (node:internal/process/task_queues:105:5)"],"fullName":"Employee Journey 4. Authorization Restrictions Cannot export reports - Edge Case","invocations":1,"location":null,"numPassingAsserts":0,"retryReasons":[],"status":"failed","title":"Cannot export reports - Edge Case"},{"ancestorTitles":["Employee Journey","4. Authorization Restrictions"],"duration":6,"failureDetails":[{"matcherResult":{"actual":404,"expected":403,"message":"\u001b[2mexpect(\u001b[22m\u001b[31mreceived\u001b[39m\u001b[2m).\u001b[22mtoBe\u001b[2m(\u001b[22m\u001b[32mexpected\u001b[39m\u001b[2m) // Object.is equality\u001b[22m\n\nExpected: \u001b[32m403\u001b[39m\nReceived: \u001b[31m404\u001b[39m","name":"toBe","pass":false}}],"failureMessages":["Error: \u001b[2mexpect(\u001b[22m\u001b[31mreceived\u001b[39m\u001b[2m).\u001b[22mtoBe\u001b[2m(\u001b[22m\u001b[32mexpected\u001b[39m\u001b[2m) // Object.is equality\u001b[22m\n\nExpected: \u001b[32m403\u001b[39m\nReceived: \u001b[31m404\u001b[39m\n    at Object.toBe (C:\\Users\\r.kowdampalli\\OneDrive - Accenture\\Documents\\fuel-sync\\fuelsync-new\\backend\\tests\\integration\\employee-journey.test.js:773:31)\n    at processTicksAndRejections (node:internal/process/task_queues:105:5)"],"fullName":"Employee Journey 4. Authorization Restrictions Cannot update station - Edge Case","invocations":1,"location":null,"numPassingAsserts":0,"retryReasons":[],"status":"failed","title":"Cannot update station - Edge Case"},{"ancestorTitles":["Employee Journey","4. Authorization Restrictions"],"duration":48,"failureDetails":[],"failureMessages":[],"fullName":"Employee Journey 4. Authorization Restrictions Cannot access other station - Edge Case","invocations":1,"location":null,"numPassingAsserts":1,"retryReasons":[],"status":"passed","title":"Cannot access other station - Edge Case"},{"ancestorTitles":["Employee Journey","4. Authorization Restrictions"],"duration":7,"failureDetails":[{"matcherResult":{"actual":404,"expected":403,"message":"\u001b[2mexpect(\u001b[22m\u001b[31mreceived\u001b[39m\u001b[2m).\u001b[22mtoBe\u001b[2m(\u001b[22m\u001b[32mexpected\u001b[39m\u001b[2m) // Object.is equality\u001b[22m\n\nExpected: \u001b[32m403\u001b[39m\nReceived: \u001b[31m404\u001b[39m","name":"toBe","pass":false}}],"failureMessages":["Error: \u001b[2mexpect(\u001b[22m\u001b[31mreceived\u001b[39m\u001b[2m).\u001b[22mtoBe\u001b[2m(\u001b[22m\u001b[32mexpected\u001b[39m\u001b[2m) // Object.is equality\u001b[22m\n\nExpected: \u001b[32m403\u001b[39m\nReceived: \u001b[31m404\u001b[39m\n    at Object.toBe (C:\\Users\\r.kowdampalli\\OneDrive - Accenture\\Documents\\fuel-sync\\fuelsync-new\\backend\\tests\\integration\\employee-journey.test.js:807:31)\n    at processTicksAndRejections (node:internal/process/task_queues:105:5)"],"fullName":"Employee Journey 4. Authorization Restrictions Cannot access dashboard metrics - Edge Case","invocations":1,"location":null,"numPassingAsserts":0,"retryReasons":[],"status":"failed","title":"Cannot access dashboard metrics - Edge Case"},{"ancestorTitles":["Employee Journey","5. Daily Operations"],"duration":6,"failureDetails":[{"matcherResult":{"message":"\u001b[2mexpect(\u001b[22m\u001b[31mreceived\u001b[39m\u001b[2m).\u001b[22mtoContain\u001b[2m(\u001b[22m\u001b[32mexpected\u001b[39m\u001b[2m) // indexOf\u001b[22m\n\nExpected value: \u001b[32m404\u001b[39m\nReceived array: \u001b[31m[200, 403]\u001b[39m","pass":false}}],"failureMessages":["Error: \u001b[2mexpect(\u001b[22m\u001b[31mreceived\u001b[39m\u001b[2m).\u001b[22mtoContain\u001b[2m(\u001b[22m\u001b[32mexpected\u001b[39m\u001b[2m) // indexOf\u001b[22m\n\nExpected value: \u001b[32m404\u001b[39m\nReceived array: \u001b[31m[200, 403]\u001b[39m\n    at Object.toContain (C:\\Users\\r.kowdampalli\\OneDrive - Accenture\\Documents\\fuel-sync\\fuelsync-new\\backend\\tests\\integration\\employee-journey.test.js:822:26)\n    at processTicksAndRejections (node:internal/process/task_queues:105:5)"],"fullName":"Employee Journey 5. Daily Operations View today readings summary","invocations":1,"location":null,"numPassingAsserts":0,"retryReasons":[],"status":"failed","title":"View today readings summary"},{"ancestorTitles":["Employee Journey","5. Daily Operations"],"duration":6,"failureDetails":[{"matcherResult":{"actual":404,"expected":200,"message":"\u001b[2mexpect(\u001b[22m\u001b[31mreceived\u001b[39m\u001b[2m).\u001b[22mtoBe\u001b[2m(\u001b[22m\u001b[32mexpected\u001b[39m\u001b[2m) // Object.is equality\u001b[22m\n\nExpected: \u001b[32m200\u001b[39m\nReceived: \u001b[31m404\u001b[39m","name":"toBe","pass":false}}],"failureMessages":["Error: \u001b[2mexpect(\u001b[22m\u001b[31mreceived\u001b[39m\u001b[2m).\u001b[22mtoBe\u001b[2m(\u001b[22m\u001b[32mexpected\u001b[39m\u001b[2m) // Object.is equality\u001b[22m\n\nExpected: \u001b[32m200\u001b[39m\nReceived: \u001b[31m404\u001b[39m\n    at Object.toBe (C:\\Users\\r.kowdampalli\\OneDrive - Accenture\\Documents\\fuel-sync\\fuelsync-new\\backend\\tests\\integration\\employee-journey.test.js:834:31)\n    at processTicksAndRejections (node:internal/process/task_queues:105:5)"],"fullName":"Employee Journey 5. Daily Operations Check nozzle status before reading","invocations":1,"location":null,"numPassingAsserts":0,"retryReasons":[],"status":"failed","title":"Check nozzle status before reading"},{"ancestorTitles":["Employee Journey","5. Daily Operations"],"duration":7,"failureDetails":[{"matcherResult":{"actual":404,"expected":200,"message":"\u001b[2mexpect(\u001b[22m\u001b[31mreceived\u001b[39m\u001b[2m).\u001b[22mtoBe\u001b[2m(\u001b[22m\u001b[32mexpected\u001b[39m\u001b[2m) // Object.is equality\u001b[22m\n\nExpected: \u001b[32m200\u001b[39m\nReceived: \u001b[31m404\u001b[39m","name":"toBe","pass":false}}],"failureMessages":["Error: \u001b[2mexpect(\u001b[22m\u001b[31mreceived\u001b[39m\u001b[2m).\u001b[22mtoBe\u001b[2m(\u001b[22m\u001b[32mexpected\u001b[39m\u001b[2m) // Object.is equality\u001b[22m\n\nExpected: \u001b[32m200\u001b[39m\nReceived: \u001b[31m404\u001b[39m\n    at Object.toBe (C:\\Users\\r.kowdampalli\\OneDrive - Accenture\\Documents\\fuel-sync\\fuelsync-new\\backend\\tests\\integration\\employee-journey.test.js:846:31)\n    at processTicksAndRejections (node:internal/process/task_queues:105:5)"],"fullName":"Employee Journey 5. Daily Operations View last reading for nozzle","invocations":1,"location":null,"numPassingAsserts":0,"retryReasons":[],"status":"failed","title":"View last reading for nozzle"},{"ancestorTitles":["Employee Journey","Credit Controller Role Enforcement"],"duration":1,"failureDetails":[{}],"failureMessages":["TypeError: Cannot read properties of undefined (reading 'id')\n    at Object.id (C:\\Users\\r.kowdampalli\\OneDrive - Accenture\\Documents\\fuel-sync\\fuelsync-new\\backend\\tests\\integration\\employee-journey.test.js:865:50)\n    at processTicksAndRejections (node:internal/process/task_queues:105:5)"],"fullName":"Employee Journey Credit Controller Role Enforcement Employee cannot create creditor","invocations":1,"location":null,"numPassingAsserts":0,"retryReasons":[],"status":"failed","title":"Employee cannot create creditor"},{"ancestorTitles":["Employee Journey","Credit Controller Role Enforcement"],"duration":0,"failureDetails":[{}],"failureMessages":["TypeError: Cannot read properties of undefined (reading 'id')\n    at Object.id (C:\\Users\\r.kowdampalli\\OneDrive - Accenture\\Documents\\fuel-sync\\fuelsync-new\\backend\\tests\\integration\\employee-journey.test.js:865:50)\n    at processTicksAndRejections (node:internal/process/task_queues:105:5)"],"fullName":"Employee Journey Credit Controller Role Enforcement Employee cannot update creditor","invocations":1,"location":null,"numPassingAsserts":0,"retryReasons":[],"status":"failed","title":"Employee cannot update creditor"},{"ancestorTitles":["Employee Journey","Credit Controller Role Enforcement"],"duration":0,"failureDetails":[{}],"failureMessages":["TypeError: Cannot read properties of undefined (reading 'id')\n    at Object.id (C:\\Users\\r.kowdampalli\\OneDrive - Accenture\\Documents\\fuel-sync\\fuelsync-new\\backend\\tests\\integration\\employee-journey.test.js:865:50)\n    at processTicksAndRejections (node:internal/process/task_queues:105:5)"],"fullName":"Employee Journey Credit Controller Role Enforcement Employee cannot flag creditor","invocations":1,"location":null,"numPassingAsserts":0,"retryReasons":[],"status":"failed","title":"Employee cannot flag creditor"},{"ancestorTitles":["Employee Journey","Credit Controller Role Enforcement"],"duration":0,"failureDetails":[{}],"failureMessages":["TypeError: Cannot read properties of undefined (reading 'id')\n    at Object.id (C:\\Users\\r.kowdampalli\\OneDrive - Accenture\\Documents\\fuel-sync\\fuelsync-new\\backend\\tests\\integration\\employee-journey.test
[...]
sons":[],"status":"pending","title":"Record backdated reading within limit"},{"ancestorTitles":["Owner Journey","7. Nozzle Readings"],"duration":null,"failureDetails":[],"failureMessages":[],"fullName":"Owner Journey 7. Nozzle Readings Record reading beyond backdate limit - Edge Case","invocations":1,"location":null,"numPassingAsserts":0,"retryReasons":[],"status":"pending","title":"Record reading beyond backdate limit - Edge Case"},{"ancestorTitles":["Owner Journey","7. Nozzle Readings"],"duration":52,"failureDetails":[],"failureMessages":[],"fullName":"Owner Journey 7. Nozzle Readings Update reading","invocations":1,"location":null,"numPassingAsserts":1,"retryReasons":[],"status":"passed","title":"Update reading"},{"ancestorTitles":["Owner Journey","7. Nozzle Readings"],"duration":null,"failureDetails":[],"failureMessages":[],"fullName":"Owner Journey 7. Nozzle Readings Delete reading","invocations":1,"location":null,"numPassingAsserts":0,"retryReasons":[],"status":"pending","title":"Delete reading"},{"ancestorTitles":["Owner Journey","8. Tank Management"],"duration":34,"failureDetails":[],"failureMessages":[],"fullName":"Owner Journey 8. Tank Management Create tank","invocations":1,"location":null,"numPassingAsserts":2,"retryReasons":[],"status":"passed","title":"Create tank"},{"ancestorTitles":["Owner Journey","8. Tank Management"],"duration":20,"failureDetails":[],"failureMessages":[],"fullName":"Owner Journey 8. Tank Management Get all tanks","invocations":1,"location":null,"numPassingAsserts":3,"retryReasons":[],"status":"passed","title":"Get all tanks"},{"ancestorTitles":["Owner Journey","8. Tank Management"],"duration":null,"failureDetails":[],"failureMessages":[],"fullName":"Owner Journey 8. Tank Management Record tank refill","invocations":1,"location":null,"numPassingAsserts":0,"retryReasons":[],"status":"pending","title":"Record tank refill"},{"ancestorTitles":["Owner Journey","8. Tank Management"],"duration":null,"failureDetails":[],"failureMessages":[],"fullName":"Owner Journey 8. Tank Management Get refill history","invocations":1,"location":null,"numPassingAsserts":0,"retryReasons":[],"status":"pending","title":"Get refill history"},{"ancestorTitles":["Owner Journey","8. Tank Management"],"duration":24,"failureDetails":[],"failureMessages":[],"fullName":"Owner Journey 8. Tank Management Record refill exceeding capacity - Edge Case","invocations":1,"location":null,"numPassingAsserts":1,"retryReasons":[],"status":"passed","title":"Record refill exceeding capacity - Edge Case"},{"ancestorTitles":["Owner Journey","8. Tank Management"],"duration":null,"failureDetails":[],"failureMessages":[],"fullName":"Owner Journey 8. Tank Management Update tank","invocations":1,"location":null,"numPassingAsserts":0,"retryReasons":[],"status":"pending","title":"Update tank"},{"ancestorTitles":["Owner Journey","9. Creditor Management"],"duration":33,"failureDetails":[],"failureMessages":[],"fullName":"Owner Journey 9. Creditor Management Create creditor","invocations":1,"location":null,"numPassingAsserts":2,"retryReasons":[],"status":"passed","title":"Create creditor"},{"ancestorTitles":["Owner Journey","9. Creditor Management"],"duration":13,"failureDetails":[],"failureMessages":[],"fullName":"Owner Journey 9. Creditor Management Get all creditors","invocations":1,"location":null,"numPassingAsserts":3,"retryReasons":[],"status":"passed","title":"Get all creditors"},{"ancestorTitles":["Owner Journey","9. Creditor Management"],"duration":36,"failureDetails":[],"failureMessages":[],"fullName":"Owner Journey 9. Creditor Management Record credit sale","invocations":1,"location":null,"numPassingAsserts":1,"retryReasons":[],"status":"passed","title":"Record credit sale"},{"ancestorTitles":["Owner Journey","9. Creditor Management"],"duration":46,"failureDetails":[],"failureMessages":[],"fullName":"Owner Journey 9. Creditor Management Record payment","invocations":1,"location":null,"numPassingAsserts":1,"retryReasons":[],"status":"passed","title":"Record payment"},{"ancestorTitles":["Owner Journey","9. Creditor Management"],"duration":null,"failureDetails":[],"failureMessages":[],"fullName":"Owner Journey 9. Creditor Management Get creditor statement","invocations":1,"location":null,"numPassingAsserts":0,"retryReasons":[],"status":"pending","title":"Get creditor statement"},{"ancestorTitles":["Owner Journey","9. Creditor Management"],"duration":null,"failureDetails":[],"failureMessages":[],"fullName":"Owner Journey 9. Creditor Management Exceed credit limit - Edge Case","invocations":1,"location":null,"numPassingAsserts":0,"retryReasons":[],"status":"pending","title":"Exceed credit limit - Edge Case"},{"ancestorTitles":["Owner Journey","9. Creditor Management"],"duration":27,"failureDetails":[],"failureMessages":[],"fullName":"Owner Journey 9. Creditor Management Update creditor","invocations":1,"location":null,"numPassingAsserts":2,"retryReasons":[],"status":"passed","title":"Update creditor"},{"ancestorTitles":["Owner Journey","9. Creditor Management"],"duration":37,"failureDetails":[],"failureMessages":[],"fullName":"Owner Journey 9. Creditor Management Get aging report","invocations":1,"location":null,"numPassingAsserts":1,"retryReasons":[],"status":"passed","title":"Get aging report"},{"ancestorTitles":["Owner Journey","10. Expense Tracking"],"duration":null,"failureDetails":[],"failureMessages":[],"fullName":"Owner Journey 10. Expense Tracking Record expense","invocations":1,"location":null,"numPassingAsserts":0,"retryReasons":[],"status":"pending","title":"Record expense"},{"ancestorTitles":["Owner Journey","10. Expense Tracking"],"duration":22,"failureDetails":[],"failureMessages":[],"fullName":"Owner Journey 10. Expense Tracking Get expenses by category","invocations":1,"location":null,"numPassingAsserts":3,"retryReasons":[],"status":"passed","title":"Get expenses by category"},{"ancestorTitles":["Owner Journey","10. Expense Tracking"],"duration":12,"failureDetails":[],"failureMessages":[],"fullName":"Owner Journey 10. Expense Tracking Get expenses by date range","invocations":1,"location":null,"numPassingAsserts":1,"retryReasons":[],"status":"passed","title":"Get expenses by date range"},{"ancestorTitles":["Owner Journey","10. Expense Tracking"],"duration":9,"failureDetails":[],"failureMessages":[],"fullName":"Owner Journey 10. Expense Tracking Update expense","invocations":1,"location":null,"numPassingAsserts":0,"retryReasons":[],"status":"passed","title":"Update expense"},{"ancestorTitles":["Owner Journey","10. Expense Tracking"],"duration":8,"failureDetails":[],"failureMessages":[],"fullName":"Owner Journey 10. Expense Tracking Delete expense","invocations":1,"location":null,"numPassingAsserts":0,"retryReasons":[],"status":"passed","title":"Delete expense"},{"ancestorTitles":["Owner Journey","10. Expense Tracking"],"duration":null,"failureDetails":[],"failureMessages":[],"fullName":"Owner Journey 10. Expense Tracking Record expense with invalid amount - Edge Case","invocations":1,"location":null,"numPassingAsserts":0,"retryReasons":[],"status":"pending","title":"Record expense with invalid amount - Edge Case"},{"ancestorTitles":["Owner Journey","11. Reports & Analytics"],"duration":29,"failureDetails":[],"failureMessages":[],"fullName":"Owner Journey 11. Reports & Analytics Get sales summary","invocations":1,"location":null,"numPassingAsserts":1,"retryReasons":[],"status":"passed","title":"Get sales summary"},{"ancestorTitles":["Owner Journey","11. Reports & Analytics"],"duration":17,"failureDetails":[],"failureMessages":[],"fullName":"Owner Journey 11. Reports & Analytics Get profit/loss report","invocations":1,"location":null,"numPassingAsserts":1,"retryReasons":[],"status":"passed","title":"Get profit/loss report"},{"ancestorTitles":["Owner Journey","11. Reports & Analytics"],"duration":15,"failureDetails":[],"failureMessages":[],"fullName":"Owner Journey 11. Reports & Analytics Get fuel-wise sales","invocations":1,"location":null,"numPassingAsserts":1,"retryReasons":[],"status":"passed","title":"Get fuel-wise sales"},{"ancestorTitles":["Owner Journey","11. Reports & Analytics"],"duration":18,"failureDetails":[],"failureMessages":[],"fullName":"Owner Journey 11. Reports & Analytics Get pump performance","invocations":1,"location":null,"numPassingAsserts":1,"retryReasons":[],"status":"passed","title":"Get pump performance"},{"ancestorTitles":["Owner Journey","11. Reports & Analytics"],"duration":null,"failureDetails":[],"failureMessages":[],"fullName":"Owner Journey 11. Reports & Analytics Export report - CSV","invocations":1,"location":null,"numPassingAsserts":0,"retryReasons":[],"status":"pending","title":"Export report - CSV"},{"ancestorTitles":["Owner Journey","11. Reports & Analytics"],"duration":null,"failureDetails":[],"failureMessages":[],"fullName":"Owner Journey 11. Reports & Analytics Get dashboard metrics","invocations":1,"location":null,"numPassingAsserts":0,"retryReasons":[],"status":"pending","title":"Get dashboard metrics"},{"ancestorTitles":["Owner Journey","11. Reports & Analytics"],"duration":19,"failureDetails":[],"failureMessages":[],"fullName":"Owner Journey 11. Reports & Analytics Get analytics within allowed days","invocations":1,"location":null,"numPassingAsserts":1,"retryReasons":[],"status":"passed","title":"Get analytics within allowed days"},{"ancestorTitles":["Owner Journey","11. Reports & Analytics"],"duration":null,"failureDetails":[],"failureMessages":[],"fullName":"Owner Journey 11. Reports & Analytics Get analytics beyond allowed days - Edge Case","invocations":1,"location":null,"numPassingAsserts":0,"retryReasons":[],"status":"pending","title":"Get analytics beyond allowed days - Edge Case"},{"ancestorTitles":["Owner Journey","12. Authorization Tests"],"duration":50,"failureDetails":[],"failureMessages":[],"fullName":"Owner Journey 12. Authorization Tests Access another station data - Edge Case","invocations":1,"location":null,"numPassingAsserts":1,"retryReasons":[],"status":"passed","title":"Access another station data - Edge Case"},{"ancestorTitles":["Owner Journey","12. Authorization Tests"],"duration":742,"failureDetails":[],"failureMessages":[],"fullName":"Owner Journey 12. Authorization Tests Employee cannot access owner functions - Edge Case","invocations":1,"location":null,"numPassingAsserts":1,"retryReasons":[],"status":"passed","title":"Employee cannot access owner functions - Edge Case"}],"endTime":1764795733810,"message":"","name":"C:\\Users\\r.kowdampalli\\OneDrive - Accenture\\Documents\\fuel-sync\\fuelsync-new\\backend\\tests\\integration\\owner-journey.test.js","startTime":1764795728033,"status":"focused","summary":""},{"assertionResults":[{"ancestorTitles":["Super Admin Journey","1. Authentication"],"duration":488,"failureDetails":[],"failureMessages":[],"fullName":"Super Admin Journey 1. Authentication Login with valid credentials","invocations":1,"location":null,"numPassingAsserts":4,"retryReasons":[],"status":"passed","title":"Login with valid credentials"},{"ancestorTitles":["Super Admin Journey","1. Authentication"],"duration":371,"failureDetails":[],"failureMessages":[],"fullName":"Super Admin Journey 1. Authentication Login with invalid credentials - Edge Case","invocations":1,"location":null,"numPassingAsserts":1,"retryReasons":[],"status":"passed","title":"Login with invalid credentials - Edge Case"},{"ancestorTitles":["Super Admin Journey","1. Authentication"],"duration":10,"failureDetails":[],"failureMessages":[],"fullName":"Super Admin Journey 1. Authentication Login with non-existent user - Edge Case","invocations":1,"location":null,"numPassingAsserts":1,"retryReasons":[],"status":"passed","title":"Login with non-existent user - Edge Case"},{"ancestorTitles":["Super Admin Journey","1. Authentication"],"duration":8,"failureDetails":[],"failureMessages":[],"fullName":"Super Admin Journey 1. Authentication Access protected route without token - Edge Case","invocations":1,"location":null,"numPassingAsserts":1,"retryReasons":[],"status":"passed","title":"Access protected route without token - Edge Case"},{"ancestorTitles":["Super Admin Journey","2. Plan Management"],"duration":62,"failureDetails":[],"failureMessages":[],"fullName":"Super Admin Journey 2. Plan Management Create a new plan","invocations":1,"location":null,"numPassingAsserts":3,"retryReasons":[],"status":"passed","title":"Create a new plan"},{"ancestorTitles":["Super Admin Journey","2. Plan Management"],"duration":20,"failureDetails":[],"failureMessages":[],"fullName":"Super Admin Journey 2. Plan Management Get all plans","invocations":1,"location":null,"numPassingAsserts":4,"retryReasons":[],"status":"passed","title":"Get all plans"},{"ancestorTitles":["Super Admin Journey","2. Plan Management"],"duration":17,"failureDetails":[],"failureMessages":[],"fullName":"Super Admin Journey 2. Plan Management Get single plan by ID","invocations":1,"location":null,"numPassingAsserts":3,"retryReasons":[],"status":"passed","title":"Get single plan by ID"},{"ancestorTitles":["Super Admin Journey","2. Plan Management"],"duration":32,"failureDetails":[],"failureMessages":[],"fullName":"Super Admin Journey 2. Plan Management Update plan","invocations":1,"location":null,"numPassingAsserts":3,"retryReasons":[],"status":"passed","title":"Update plan"},{"ancestorTitles":["Super Admin Journey","2. Plan Management"],"duration":20,"failureDetails":[],"failureMessages":[],"fullName":"Super Admin Journey 2. Plan Management Create plan with duplicate name - Edge Case","invocations":1,"location":null,"numPassingAsserts":1,"retryReasons":[],"status":"passed","title":"Create plan with duplicate name - Edge Case"},{"ancestorTitles":["Super Admin Journey","2. Plan Management"],"duration":30,"failureDetails":[],"failureMessages":[],"fullName":"Super Admin Journey 2. Plan Management Create plan with invalid data - Edge Case","invocations":1,"location":null,"numPassingAsserts":1,"retryReasons":[],"status":"passed","title":"Create plan with invalid data - Edge Case"},{"ancestorTitles":["Super Admin Journey","2. Plan Management"],"duration":17,"failureDetails":[],"failureMessages":[],"fullName":"Super Admin Journey 2. Plan Management Update non-existent plan - Edge Case","invocations":1,"location":null,"numPassingAsserts":1,"retryReasons":[],"status":"passed","title":"Update non-existent plan - Edge Case"},{"ancestorTitles":["Super Admin Journey","3. Owner Management"],"duration":458,"failureDetails":[],"failureMessages":[],"fullName":"Super Admin Journey 3. Owner Management Create owner with plan assignment","invocations":1,"location":null,"numPassingAsserts":3,"retryReasons":[],"status":"passed","title":"Create owner with plan assignment"},{"ancestorTitles":["Super Admin Journey","3. Owner Management"],"duration":19,"failureDetails":[],"failureMessages":[],"fullName":"Super Admin Journey 3. Owner Management Get all users","invocations":1,"location":null,"numPassingAsserts":3,"retryReasons":[],"status":"passed","title":"Get all users"},{"ancestorTitles":["Super Admin Journey","3. Owner Management"],"duration":18,"failureDetails":[],"failureMessages":[],"fullName":"Super Admin Journey 3. Owner Management Filter users by role","invocations":1,"location":null,"numPassingAsserts":4,"retryReasons":[],"status":"passed","title":"Filter users by role"},{"ancestorTitles":["Super Admin Journey","3. Owner Management"],"duration":11,"failureDetails":[],"failureMessages":[],"fullName":"Super Admin Journey 3. Owner Management Update owner plan","invocations":1,"location":null,"numPassingAsserts":2,"retryReasons":[],"status":"passed","title":"Update owner plan"},{"ancestorTitles":["Super Admin Journey","3. Owner Management"],"duration":31,"failureDetails":[],"failureMessages":[],"fullName":"Super Admin Journey 3. Owner Management Reactivate owner","invocations":1,"location":null,"numPassingAsserts":3,"retryReasons":[],"status":"passed","title":"Reactivate owner"},{"ancestorTitles":["Super Admin Journey","3. Owner Management"],"duration":28,"failureDetails":[],"failureMessages":[],"fullName":"Super Admin Journey 3. Owner Management Reactivate owner","invocations":1,"location":null,"numPassingAsserts":3,"retryReasons":[],"status":"passed","title":"Reactivate owner"},{"ancestorTitles":["Super Admin Journey","3. Owner Management"],"duration":12,"failureDetails":[],"failureMessages":[],"fullName":"Super Admin Journey 3. Owner Management Create owner with duplicate email - Edge Case","invocations":1,"location":null,"numPassingAsserts":1,"retryReasons":[],"status":"passed","title":"Create owner with duplicate email - Edge Case"},{"ancestorTitles":["Super Admin Journey","3. Owner Management"],"duration":57,"failureDetails":[],"failureMessages":[],"fullName":"Super Admin Journey 3. Owner Management Create owner with invalid email - Edge Case","invocations":1,"location":null,"numPassingAsserts":1,"retryReasons":[],"status":"passed","title":"Create owner with invalid email - Edge Case"},{"ancestorTitles":["Super Admin Journey","3. Owner Management"],"duration":33,"failureDetails":[],"failureMessages":[],"fullName":"Super Admin Journey 3. Owner Management Assign non-existent plan to owner - Edge Case","invocations":1,"location":null,"numPassingAsserts":1,"retryReasons":[],"status":"passed","title":"Assign non-existent plan to owner - Edge Case"},{"ancestorTitles":["Super Admin Journey","4. System Overview & Analytics"],"duration":36,"failureDetails":[],"failureMessages":[],"fullName":"Super Admin Journey 4. System Overview & Analytics Get dashboard statistics","invocations":1,"location":null,"numPassingAsserts":2,"retryReasons":[],"status":"passed","title":"Get dashboard statistics"},{"ancestorTitles":["Super Admin Journey","4. System Overview & Analytics"],"duration":15,"failureDetails":[],"failureMessages":[],"fullName":"Super Admin Journey 4. System Overview & Analytics Get audit logs","invocations":1,"location":null,"numPassingAsserts":2,"retryReasons":[],"status":"passed","title":"Get audit logs"},{"ancestorTitles":["Super Admin Journey","5. Plan Deletion (Cascade)"],"duration":28,"failureDetails":[],"failureMessages":[],"fullName":"Super Admin Journey 5. Plan Deletion (Cascade) Delete plan - Edge Case","invocations":1,"location":null,"numPassingAsserts":1,"retryReasons":[],"status":"passed","title":"Delete plan - Edge Case"},{"ancestorTitles":["Super Admin Journey","5. Plan Deletion (Cascade)"],"duration":16,"failureDetails":[],"failureMessages":[],"fullName":"Super Admin Journey 5. Plan Deletion (Cascade) Verify plan deletion","invocations":1,"location":null,"numPassingAsserts":2,"retryReasons":[],"status":"passed","title":"Verify plan deletion"},{"ancestorTitles":["Super Admin Journey","6. Authorization & Security"],"duration":502,"failureDetails":[],"failureMessages":[],"fullName":"Super Admin Journey 6. Authorization & Security Non-admin cannot create plans - Edge Case","invocations":1,"location":null,"numPassingAsserts":1,"retryReasons":[],"status":"passed","title":"Non-admin cannot create plans - Edge Case"},{"ancestorTitles":["Super Admin Journey","6. Authorization & Security"],"duration":7,"failureDetails":[],"failureMessages":[],"fullName":"Super Admin Journey 6. Authorization & Security Invalid token - Edge Case","invocations":1,"location":null,"numPassingAsserts":1,"retryReasons":[],"status":"passed","title":"Invalid token - Edge Case"},{"ancestorTitles":["Super Admin Journey","6. Authorization & Security"],"duration":0,"failureDetails":[],"failureMessages":[],"fullName":"Super Admin Journey 6. Authorization & Security Expired token - Edge Case","invocations":1,"location":null,"numPassingAsserts":0,"retryReasons":[],"status":"passed","title":"Expired token - Edge Case"}],"endTime":1764795738356,"message":"","name":"C:\\Users\\r.kowdampalli\\OneDrive - Accenture\\Documents\\fuel-sync\\fuelsync-new\\backend\\tests\\integration\\admin-journey.test.js","startTime":1764795733840,"status":"passed","summary":""}],"wasInterrupted":false}
